<?xml version="1.0" encoding="UTF-8"?>
<testsuite xmlns:xsi="http://www.w3.org/2001/XMLSchema-instance" xsi:noNamespaceSchemaLocation="https://maven.apache.org/surefire/maven-failsafe-plugin/xsd/failsafe-test-report-3.0.xsd" version="3.0" name="starter.CucumberTestSuite" time="27.894" tests="7" errors="0" skipped="0" failures="0">
  <properties>
    <property name="java.specification.version" value="20"/>
    <property name="sun.cpu.isalist" value="amd64"/>
    <property name="sun.jnu.encoding" value="Cp1252"/>
    <property name="java.class.path" value="D:\Intelij\RESTfulAPI AltaShop Elisa\target\test-classes;C:\Users\ASUS\.m2\repository\com\googlecode\json-simple\json-simple\1.1\json-simple-1.1.jar;C:\Users\ASUS\.m2\repository\net\serenity-bdd\serenity-rest-assured\3.6.22\serenity-rest-assured-3.6.22.jar;C:\Users\ASUS\.m2\repository\org\apache\httpcomponents\httpclient\4.5.13\httpclient-4.5.13.jar;C:\Users\ASUS\.m2\repository\org\apache\httpcomponents\httpcore\4.4.13\httpcore-4.4.13.jar;C:\Users\ASUS\.m2\repository\commons-logging\commons-logging\1.2\commons-logging-1.2.jar;C:\Users\ASUS\.m2\repository\io\rest-assured\rest-assured\5.3.0\rest-assured-5.3.0.jar;C:\Users\ASUS\.m2\repository\org\apache\httpcomponents\httpmime\4.5.13\httpmime-4.5.13.jar;C:\Users\ASUS\.m2\repository\org\ccil\cowan\tagsoup\tagsoup\1.2.1\tagsoup-1.2.1.jar;C:\Users\ASUS\.m2\repository\io\rest-assured\json-path\5.3.0\json-path-5.3.0.jar;C:\Users\ASUS\.m2\repository\io\rest-assured\rest-assured-common\5.3.0\rest-assured-common-5.3.0.jar;C:\Users\ASUS\.m2\repository\io\rest-assured\xml-path\5.3.0\xml-path-5.3.0.jar;C:\Users\ASUS\.m2\repository\org\apache\groovy\groovy-json\4.0.10\groovy-json-4.0.10.jar;C:\Users\ASUS\.m2\repository\org\apache\groovy\groovy-xml\4.0.10\groovy-xml-4.0.10.jar;C:\Users\ASUS\.m2\repository\org\apache\groovy\groovy\4.0.10\groovy-4.0.10.jar;C:\Users\ASUS\.m2\repository\org\opentest4j\opentest4j\1.2.0\opentest4j-1.2.0.jar;C:\Users\ASUS\.m2\repository\net\serenity-bdd\serenity-core\3.6.21\serenity-core-3.6.21.jar;C:\Users\ASUS\.m2\repository\net\serenity-bdd\serenity-model\3.6.21\serenity-model-3.6.21.jar;C:\Users\ASUS\.m2\repository\org\apache\commons\commons-text\1.10.0\commons-text-1.10.0.jar;C:\Users\ASUS\.m2\repository\commons-net\commons-net\3.9.0\commons-net-3.9.0.jar;C:\Users\ASUS\.m2\repository\com\google\guava\guava\31.1-jre\guava-31.1-jre.jar;C:\Users\ASUS\.m2\repository\com\google\guava\failureaccess\1.0.1\failureaccess-1.0.1.jar;C:\Users\ASUS\.m2\repository\com\google\guava\listenablefuture\9999.0-empty-to-avoid-conflict-with-guava\listenablefuture-9999.0-empty-to-avoid-conflict-with-guava.jar;C:\Users\ASUS\.m2\repository\com\google\code\findbugs\jsr305\3.0.2\jsr305-3.0.2.jar;C:\Users\ASUS\.m2\repository\org\checkerframework\checker-qual\3.12.0\checker-qual-3.12.0.jar;C:\Users\ASUS\.m2\repository\com\google\errorprone\error_prone_annotations\2.11.0\error_prone_annotations-2.11.0.jar;C:\Users\ASUS\.m2\repository\com\google\j2objc\j2objc-annotations\1.3\j2objc-annotations-1.3.jar;C:\Users\ASUS\.m2\repository\com\google\inject\guice\5.1.0\guice-5.1.0.jar;C:\Users\ASUS\.m2\repository\javax\inject\javax.inject\1\javax.inject-1.jar;C:\Users\ASUS\.m2\repository\aopalliance\aopalliance\1.0\aopalliance-1.0.jar;C:\Users\ASUS\.m2\repository\org\jsoup\jsoup\1.14.3\jsoup-1.14.3.jar;C:\Users\ASUS\.m2\repository\com\thoughtworks\xstream\xstream\1.4.20\xstream-1.4.20.jar;C:\Users\ASUS\.m2\repository\io\github\x-stream\mxparser\1.2.2\mxparser-1.2.2.jar;C:\Users\ASUS\.m2\repository\xmlpull\xmlpull\1.1.3.1\xmlpull-1.1.3.1.jar;C:\Users\ASUS\.m2\repository\com\typesafe\config\1.4.2\config-1.4.2.jar;C:\Users\ASUS\.m2\repository\org\imgscalr\imgscalr-lib\4.2\imgscalr-lib-4.2.jar;C:\Users\ASUS\.m2\repository\org\awaitility\awaitility\4.2.0\awaitility-4.2.0.jar;C:\Users\ASUS\.m2\repository\org\freemarker\freemarker\2.3.31\freemarker-2.3.31.jar;C:\Users\ASUS\.m2\repository\io\github\classgraph\classgraph\4.8.138\classgraph-4.8.138.jar;C:\Users\ASUS\.m2\repository\net\sourceforge\jexcelapi\jxl\2.6.12\jxl-2.6.12.jar;C:\Users\ASUS\.m2\repository\net\bytebuddy\byte-buddy-agent\1.14.2\byte-buddy-agent-1.14.2.jar;C:\Users\ASUS\.m2\repository\org\objenesis\objenesis\3.3\objenesis-3.3.jar;C:\Users\ASUS\.m2\repository\net\serenity-bdd\serenity-reports\3.6.21\serenity-reports-3.6.21.jar;C:\Users\ASUS\.m2\repository\net\serenity-bdd\serenity-stats\3.6.21\serenity-stats-3.6.21.jar;C:\Users\ASUS\.m2\repository\net\serenity-bdd\serenity-reports-configuration\3.6.21\serenity-reports-configuration-3.6.21.jar;C:\Users\ASUS\.m2\repository\com\vladsch\flexmark\flexmark-all\0.62.2\flexmark-all-0.62.2.jar;C:\Users\ASUS\.m2\repository\com\vladsch\flexmark\flexmark\0.62.2\flexmark-0.62.2.jar;C:\Users\ASUS\.m2\repository\com\vladsch\flexmark\flexmark-ext-abbreviation\0.62.2\flexmark-ext-abbreviation-0.62.2.jar;C:\Users\ASUS\.m2\repository\com\vladsch\flexmark\flexmark-util\0.62.2\flexmark-util-0.62.2.jar;C:\Users\ASUS\.m2\repository\com\vladsch\flexmark\flexmark-ext-admonition\0.62.2\flexmark-ext-admonition-0.62.2.jar;C:\Users\ASUS\.m2\repository\com\vladsch\flexmark\flexmark-ext-anchorlink\0.62.2\flexmark-ext-anchorlink-0.62.2.jar;C:\Users\ASUS\.m2\repository\com\vladsch\flexmark\flexmark-ext-aside\0.62.2\flexmark-ext-aside-0.62.2.jar;C:\Users\ASUS\.m2\repository\com\vladsch\flexmark\flexmark-ext-attributes\0.62.2\flexmark-ext-attributes-0.62.2.jar;C:\Users\ASUS\.m2\repository\com\vladsch\flexmark\flexmark-ext-autolink\0.62.2\flexmark-ext-autolink-0.62.2.jar;C:\Users\ASUS\.m2\repository\org\nibor\autolink\autolink\0.6.0\autolink-0.6.0.jar;C:\Users\ASUS\.m2\repository\com\vladsch\flexmark\flexmark-ext-definition\0.62.2\flexmark-ext-definition-0.62.2.jar;C:\Users\ASUS\.m2\repository\com\vladsch\flexmark\flexmark-ext-emoji\0.62.2\flexmark-ext-emoji-0.62.2.jar;C:\Users\ASUS\.m2\repository\com\vladsch\flexmark\flexmark-ext-enumerated-reference\0.62.2\flexmark-ext-enumerated-reference-0.62.2.jar;C:\Users\ASUS\.m2\repository\com\vladsch\flexmark\flexmark-ext-escaped-character\0.62.2\flexmark-ext-escaped-character-0.62.2.jar;C:\Users\ASUS\.m2\repository\com\vladsch\flexmark\flexmark-ext-footnotes\0.62.2\flexmark-ext-footnotes-0.62.2.jar;C:\Users\ASUS\.m2\repository\com\vladsch\flexmark\flexmark-ext-gfm-issues\0.62.2\flexmark-ext-gfm-issues-0.62.2.jar;C:\Users\ASUS\.m2\repository\com\vladsch\flexmark\flexmark-ext-gfm-strikethrough\0.62.2\flexmark-ext-gfm-strikethrough-0.62.2.jar;C:\Users\ASUS\.m2\repository\com\vladsch\flexmark\flexmark-ext-gfm-tasklist\0.62.2\flexmark-ext-gfm-tasklist-0.62.2.jar;C:\Users\ASUS\.m2\repository\com\vladsch\flexmark\flexmark-ext-gfm-users\0.62.2\flexmark-ext-gfm-users-0.62.2.jar;C:\Users\ASUS\.m2\repository\com\vladsch\flexmark\flexmark-ext-gitlab\0.62.2\flexmark-ext-gitlab-0.62.2.jar;C:\Users\ASUS\.m2\repository\com\vladsch\flexmark\flexmark-ext-jekyll-front-matter\0.62.2\flexmark-ext-jekyll-front-matter-0.62.2.jar;C:\Users\ASUS\.m2\repository\com\vladsch\flexmark\flexmark-ext-jekyll-tag\0.62.2\flexmark-ext-jekyll-tag-0.62.2.jar;C:\Users\ASUS\.m2\repository\com\vladsch\flexmark\flexmark-ext-media-tags\0.62.2\flexmark-ext-media-tags-0.62.2.jar;C:\Users\ASUS\.m2\repository\com\vladsch\flexmark\flexmark-ext-macros\0.62.2\flexmark-ext-macros-0.62.2.jar;C:\Users\ASUS\.m2\repository\com\vladsch\flexmark\flexmark-ext-ins\0.62.2\flexmark-ext-ins-0.62.2.jar;C:\Users\ASUS\.m2\repository\com\vladsch\flexmark\flexmark-ext-xwiki-macros\0.62.2\flexmark-ext-xwiki-macros-0.62.2.jar;C:\Users\ASUS\.m2\repository\com\vladsch\flexmark\flexmark-ext-superscript\0.62.2\flexmark-ext-superscript-0.62.2.jar;C:\Users\ASUS\.m2\repository\com\vladsch\flexmark\flexmark-ext-tables\0.62.2\flexmark-ext-tables-0.62.2.jar;C:\Users\ASUS\.m2\repository\com\vladsch\flexmark\flexmark-ext-toc\0.62.2\flexmark-ext-toc-0.62.2.jar;C:\Users\ASUS\.m2\repository\com\vladsch\flexmark\flexmark-ext-typographic\0.62.2\flexmark-ext-typographic-0.62.2.jar;C:\Users\ASUS\.m2\repository\com\vladsch\flexmark\flexmark-ext-wikilink\0.62.2\flexmark-ext-wikilink-0.62.2.jar;C:\Users\ASUS\.m2\repository\com\vladsch\flexmark\flexmark-ext-yaml-front-matter\0.62.2\flexmark-ext-yaml-front-matter-0.62.2.jar;C:\Users\ASUS\.m2\repository\com\vladsch\flexmark\flexmark-ext-youtube-embedded\0.62.2\flexmark-ext-youtube-embedded-0.62.2.jar;C:\Users\ASUS\.m2\repository\com\vladsch\flexmark\flexmark-html2md-converter\0.62.2\flexmark-html2md-converter-0.62.2.jar;C:\Users\ASUS\.m2\repository\com\vladsch\flexmark\flexmark-jira-converter\0.62.2\flexmark-jira-converter-0.62.2.jar;C:\Users\ASUS\.m2\repository\com\vladsch\flexmark\flexmark-pdf-converter\0.62.2\flexmark-pdf-converter-0.62.2.jar;C:\Users\ASUS\.m2\repository\com\openhtmltopdf\openhtmltopdf-core\1.0.0\openhtmltopdf-core-1.0.0.jar;C:\Users\ASUS\.m2\repository\com\openhtmltopdf\openhtmltopdf-pdfbox\1.0.0\openhtmltopdf-pdfbox-1.0.0.jar;C:\Users\ASUS\.m2\repository\org\apache\pdfbox\pdfbox\2.0.16\pdfbox-2.0.16.jar;C:\Users\ASUS\.m2\repository\org\apache\pdfbox\fontbox\2.0.16\fontbox-2.0.16.jar;C:\Users\ASUS\.m2\repository\org\apache\pdfbox\xmpbox\2.0.16\xmpbox-2.0.16.jar;C:\Users\ASUS\.m2\repository\de\rototor\pdfbox\graphics2d\0.24\graphics2d-0.24.jar;C:\Users\ASUS\.m2\repository\com\openhtmltopdf\openhtmltopdf-rtl-support\1.0.0\openhtmltopdf-rtl-support-1.0.0.jar;C:\Users\ASUS\.m2\repository\com\openhtmltopdf\openhtmltopdf-jsoup-dom-converter\1.0.0\openhtmltopdf-jsoup-dom-converter-1.0.0.jar;C:\Users\ASUS\.m2\repository\com\vladsch\flexmark\flexmark-profile-pegdown\0.62.2\flexmark-profile-pegdown-0.62.2.jar;C:\Users\ASUS\.m2\repository\com\vladsch\flexmark\flexmark-util-ast\0.62.2\flexmark-util-ast-0.62.2.jar;C:\Users\ASUS\.m2\repository\com\vladsch\flexmark\flexmark-util-builder\0.62.2\flexmark-util-builder-0.62.2.jar;C:\Users\ASUS\.m2\repository\com\vladsch\flexmark\flexmark-util-collection\0.62.2\flexmark-util-collection-0.62.2.jar;C:\Users\ASUS\.m2\repository\com\vladsch\flexmark\flexmark-util-data\0.62.2\flexmark-util-data-0.62.2.jar;C:\Users\ASUS\.m2\repository\com\vladsch\flexmark\flexmark-util-dependency\0.62.2\flexmark-util-dependency-0.62.2.jar;C:\Users\ASUS\.m2\repository\com\vladsch\flexmark\flexmark-util-format\0.62.2\flexmark-util-format-0.62.2.jar;C:\Users\ASUS\.m2\repository\com\vladsch\flexmark\flexmark-util-html\0.62.2\flexmark-util-html-0.62.2.jar;C:\Users\ASUS\.m2\repository\com\vladsch\flexmark\flexmark-util-misc\0.62.2\flexmark-util-misc-0.62.2.jar;C:\Users\ASUS\.m2\repository\com\vladsch\flexmark\flexmark-util-options\0.62.2\flexmark-util-options-0.62.2.jar;C:\Users\ASUS\.m2\repository\com\vladsch\flexmark\flexmark-util-sequence\0.62.2\flexmark-util-sequence-0.62.2.jar;C:\Users\ASUS\.m2\repository\com\vladsch\flexmark\flexmark-util-visitor\0.62.2\flexmark-util-visitor-0.62.2.jar;C:\Users\ASUS\.m2\repository\com\vladsch\flexmark\flexmark-youtrack-converter\0.62.2\flexmark-youtrack-converter-0.62.2.jar;C:\Users\ASUS\.m2\repository\com\ibm\icu\icu4j\72.1\icu4j-72.1.jar;C:\Users\ASUS\.m2\repository\es\nitaur\markdown\txtmark\0.16\txtmark-0.16.jar;C:\Users\ASUS\.m2\repository\net\serenity-bdd\serenity-report-resources\3.6.21\serenity-report-resources-3.6.21.jar;C:\Users\ASUS\.m2\repository\com\google\code\gson\gson\2.10.1\gson-2.10.1.jar;C:\Users\ASUS\.m2\repository\com\fasterxml\jackson\core\jackson-core\2.15.0-rc1\jackson-core-2.15.0-rc1.jar;C:\Users\ASUS\.m2\repository\com\fasterxml\jackson\core\jackson-databind\2.15.0-rc1\jackson-databind-2.15.0-rc1.jar;C:\Users\ASUS\.m2\repository\com\fasterxml\jackson\core\jackson-annotations\2.15.0-rc1\jackson-annotations-2.15.0-rc1.jar;C:\Users\ASUS\.m2\repository\commons-codec\commons-codec\1.15\commons-codec-1.15.jar;C:\Users\ASUS\.m2\repository\commons-io\commons-io\2.11.0\commons-io-2.11.0.jar;C:\Users\ASUS\.m2\repository\org\seleniumhq\selenium\selenium-java\4.8.1\selenium-java-4.8.1.jar;C:\Users\ASUS\.m2\repository\org\seleniumhq\selenium\selenium-devtools-v108\4.8.1\selenium-devtools-v108-4.8.1.jar;C:\Users\ASUS\.m2\repository\org\seleniumhq\selenium\selenium-devtools-v109\4.8.1\selenium-devtools-v109-4.8.1.jar;C:\Users\ASUS\.m2\repository\org\seleniumhq\selenium\selenium-devtools-v110\4.8.1\selenium-devtools-v110-4.8.1.jar;C:\Users\ASUS\.m2\repository\org\seleniumhq\selenium\selenium-devtools-v85\4.8.1\selenium-devtools-v85-4.8.1.jar;C:\Users\ASUS\.m2\repository\org\seleniumhq\selenium\selenium-remote-driver\4.8.1\selenium-remote-driver-4.8.1.jar;C:\Users\ASUS\.m2\repository\com\beust\jcommander\1.82\jcommander-1.82.jar;C:\Users\ASUS\.m2\repository\io\netty\netty-buffer\4.1.87.Final\netty-buffer-4.1.87.Final.jar;C:\Users\ASUS\.m2\repository\io\netty\netty-codec-http\4.1.87.Final\netty-codec-http-4.1.87.Final.jar;C:\Users\ASUS\.m2\repository\io\netty\netty-codec\4.1.87.Final\netty-codec-4.1.87.Final.jar;C:\Users\ASUS\.m2\repository\io\netty\netty-handler\4.1.87.Final\netty-handler-4.1.87.Final.jar;C:\Users\ASUS\.m2\repository\io\netty\netty-common\4.1.87.Final\netty-common-4.1.87.Final.jar;C:\Users\ASUS\.m2\repository\io\netty\netty-transport-classes-epoll\4.1.87.Final\netty-transport-classes-epoll-4.1.87.Final.jar;C:\Users\ASUS\.m2\repository\io\netty\netty-transport-classes-kqueue\4.1.87.Final\netty-transport-classes-kqueue-4.1.87.Final.jar;C:\Users\ASUS\.m2\repository\io\netty\netty-transport-native-epoll\4.1.87.Final\netty-transport-native-epoll-4.1.87.Final.jar;C:\Users\ASUS\.m2\repository\io\netty\netty-transport-native-kqueue\4.1.87.Final\netty-transport-native-kqueue-4.1.87.Final.jar;C:\Users\ASUS\.m2\repository\io\netty\netty-transport-native-unix-common\4.1.87.Final\netty-transport-native-unix-common-4.1.87.Final.jar;C:\Users\ASUS\.m2\repository\io\netty\netty-transport\4.1.87.Final\netty-transport-4.1.87.Final.jar;C:\Users\ASUS\.m2\repository\io\netty\netty-resolver\4.1.87.Final\netty-resolver-4.1.87.Final.jar;C:\Users\ASUS\.m2\repository\io\opentelemetry\opentelemetry-api\1.22.0\opentelemetry-api-1.22.0.jar;C:\Users\ASUS\.m2\repository\io\opentelemetry\opentelemetry-context\1.22.0\opentelemetry-context-1.22.0.jar;C:\Users\ASUS\.m2\repository\io\opentelemetry\opentelemetry-exporter-logging\1.22.0\opentelemetry-exporter-logging-1.22.0.jar;C:\Users\ASUS\.m2\repository\io\opentelemetry\opentelemetry-sdk-metrics\1.22.0\opentelemetry-sdk-metrics-1.22.0.jar;C:\Users\ASUS\.m2\repository\io\opentelemetry\opentelemetry-sdk-logs\1.22.0-alpha\opentelemetry-sdk-logs-1.22.0-alpha.jar;C:\Users\ASUS\.m2\repository\io\opentelemetry\opentelemetry-api-logs\1.22.0-alpha\opentelemetry-api-logs-1.22.0-alpha.jar;C:\Users\ASUS\.m2\repository\io\opentelemetry\opentelemetry-sdk-common\1.22.0\opentelemetry-sdk-common-1.22.0.jar;C:\Users\ASUS\.m2\repository\io\opentelemetry\opentelemetry-sdk-extension-autoconfigure-spi\1.22.0\opentelemetry-sdk-extension-autoconfigure-spi-1.22.0.jar;C:\Users\ASUS\.m2\repository\io\opentelemetry\opentelemetry-sdk-extension-autoconfigure\1.22.0-alpha\opentelemetry-sdk-extension-autoconfigure-1.22.0-alpha.jar;C:\Users\ASUS\.m2\repository\io\opentelemetry\opentelemetry-sdk-trace\1.22.0\opentelemetry-sdk-trace-1.22.0.jar;C:\Users\ASUS\.m2\repository\io\opentelemetry\opentelemetry-sdk\1.22.0\opentelemetry-sdk-1.22.0.jar;C:\Users\ASUS\.m2\repository\io\opentelemetry\opentelemetry-semconv\1.22.0-alpha\opentelemetry-semconv-1.22.0-alpha.jar;C:\Users\ASUS\.m2\repository\io\ous\jtoml\2.0.0\jtoml-2.0.0.jar;C:\Users\ASUS\.m2\repository\org\apache\commons\commons-exec\1.3\commons-exec-1.3.jar;C:\Users\ASUS\.m2\repository\org\asynchttpclient\async-http-client\2.12.3\async-http-client-2.12.3.jar;C:\Users\ASUS\.m2\repository\org\asynchttpclient\async-http-client-netty-utils\2.12.3\async-http-client-netty-utils-2.12.3.jar;C:\Users\ASUS\.m2\repository\io\netty\netty-codec-socks\4.1.60.Final\netty-codec-socks-4.1.60.Final.jar;C:\Users\ASUS\.m2\repository\io\netty\netty-handler-proxy\4.1.60.Final\netty-handler-proxy-4.1.60.Final.jar;C:\Users\ASUS\.m2\repository\io\netty\netty-transport-native-epoll\4.1.60.Final\netty-transport-native-epoll-4.1.60.Final-linux-x86_64.jar;C:\Users\ASUS\.m2\repository\io\netty\netty-transport-native-kqueue\4.1.60.Final\netty-transport-native-kqueue-4.1.60.Final-osx-x86_64.jar;C:\Users\ASUS\.m2\repository\org\reactivestreams\reactive-streams\1.0.3\reactive-streams-1.0.3.jar;C:\Users\ASUS\.m2\repository\com\typesafe\netty\netty-reactive-streams\2.0.4\netty-reactive-streams-2.0.4.jar;C:\Users\ASUS\.m2\repository\org\seleniumhq\selenium\selenium-manager\4.8.1\selenium-manager-4.8.1.jar;C:\Users\ASUS\.m2\repository\org\seleniumhq\selenium\selenium-safari-driver\4.8.1\selenium-safari-driver-4.8.1.jar;C:\Users\ASUS\.m2\repository\org\seleniumhq\selenium\selenium-api\4.8.1\selenium-api-4.8.1.jar;C:\Users\ASUS\.m2\repository\org\seleniumhq\selenium\selenium-support\4.8.1\selenium-support-4.8.1.jar;C:\Users\ASUS\.m2\repository\com\google\auto\service\auto-service-annotations\1.0.1\auto-service-annotations-1.0.1.jar;C:\Users\ASUS\.m2\repository\com\google\auto\service\auto-service\1.0.1\auto-service-1.0.1.jar;C:\Users\ASUS\.m2\repository\com\google\auto\auto-common\1.2\auto-common-1.2.jar;C:\Users\ASUS\.m2\repository\org\seleniumhq\selenium\selenium-json\4.8.1\selenium-json-4.8.1.jar;C:\Users\ASUS\.m2\repository\org\seleniumhq\selenium\selenium-chrome-driver\4.8.1\selenium-chrome-driver-4.8.1.jar;C:\Users\ASUS\.m2\repository\org\seleniumhq\selenium\selenium-chromium-driver\4.8.1\selenium-chromium-driver-4.8.1.jar;C:\Users\ASUS\.m2\repository\org\seleniumhq\selenium\selenium-firefox-driver\4.8.1\selenium-firefox-driver-4.8.1.jar;C:\Users\ASUS\.m2\repository\org\seleniumhq\selenium\selenium-http\4.8.1\selenium-http-4.8.1.jar;C:\Users\ASUS\.m2\repository\dev\failsafe\failsafe\3.3.0\failsafe-3.3.0.jar;C:\Users\ASUS\.m2\repository\org\seleniumhq\selenium\selenium-edge-driver\4.8.1\selenium-edge-driver-4.8.1.jar;C:\Users\ASUS\.m2\repository\org\seleniumhq\selenium\selenium-ie-driver\4.8.1\selenium-ie-driver-4.8.1.jar;C:\Users\ASUS\.m2\repository\org\projectlombok\lombok\1.18.20\lombok-1.18.20.jar;C:\Users\ASUS\.m2\repository\io\appium\java-client\8.3.0\java-client-8.3.0.jar;C:\Users\ASUS\.m2\repository\commons-validator\commons-validator\1.7\commons-validator-1.7.jar;C:\Users\ASUS\.m2\repository\commons-digester\commons-digester\2.1\commons-digester-2.1.jar;C:\Users\ASUS\.m2\repository\net\sf\opencsv\opencsv\2.0\opencsv-2.0.jar;C:\Users\ASUS\.m2\repository\commons-beanutils\commons-beanutils\1.9.4\commons-beanutils-1.9.4.jar;C:\Users\ASUS\.m2\repository\org\apache\commons\commons-lang3\3.12.0\commons-lang3-3.12.0.jar;C:\Users\ASUS\.m2\repository\commons-collections\commons-collections\3.2.2\commons-collections-3.2.2.jar;C:\Users\ASUS\.m2\repository\org\fluentlenium\fluentlenium-core\0.10.2\fluentlenium-core-0.10.2.jar;C:\Users\ASUS\.m2\repository\io\github\bonigarcia\webdrivermanager\5.3.0\webdrivermanager-5.3.0.jar;C:\Users\ASUS\.m2\repository\com\github\docker-java\docker-java\3.2.13\docker-java-3.2.13.jar;C:\Users\ASUS\.m2\repository\com\github\docker-java\docker-java-core\3.2.13\docker-java-core-3.2.13.jar;C:\Users\ASUS\.m2\repository\com\github\docker-java\docker-java-api\3.2.13\docker-java-api-3.2.13.jar;C:\Users\ASUS\.m2\repository\org\apache\commons\commons-compress\1.21\commons-compress-1.21.jar;C:\Users\ASUS\.m2\repository\org\bouncycastle\bcpkix-jdk15on\1.64\bcpkix-jdk15on-1.64.jar;C:\Users\ASUS\.m2\repository\org\bouncycastle\bcprov-jdk15on\1.64\bcprov-jdk15on-1.64.jar;C:\Users\ASUS\.m2\repository\org\slf4j\jcl-over-slf4j\1.7.30\jcl-over-slf4j-1.7.30.jar;C:\Users\ASUS\.m2\repository\com\github\docker-java\docker-java-transport-httpclient5\3.2.13\docker-java-transport-httpclient5-3.2.13.jar;C:\Users\ASUS\.m2\repository\com\github\docker-java\docker-java-transport\3.2.13\docker-java-transport-3.2.13.jar;C:\Users\ASUS\.m2\repository\net\java\dev\jna\jna\5.8.0\jna-5.8.0.jar;C:\Users\ASUS\.m2\repository\org\brotli\dec\0.1.2\dec-0.1.2.jar;C:\Users\ASUS\.m2\repository\org\apache\httpcomponents\client5\httpclient5\5.1.3\httpclient5-5.1.3.jar;C:\Users\ASUS\.m2\repository\org\apache\httpcomponents\core5\httpcore5\5.1.3\httpcore5-5.1.3.jar;C:\Users\ASUS\.m2\repository\org\apache\httpcomponents\core5\httpcore5-h2\5.1.3\httpcore5-h2-5.1.3.jar;C:\Users\ASUS\.m2\repository\com\jhlabs\filters\2.0.235\filters-2.0.235.jar;C:\Users\ASUS\.m2\repository\com\paulhammant\ngwebdriver\1.1.6\ngwebdriver-1.1.6.jar;C:\Users\ASUS\.m2\repository\joda-time\joda-time\2.12.2\joda-time-2.12.2.jar;C:\Users\ASUS\.m2\repository\org\hamcrest\hamcrest\2.2\hamcrest-2.2.jar;C:\Users\ASUS\.m2\repository\com\google\jimfs\jimfs\1.2\jimfs-1.2.jar;C:\Users\ASUS\.m2\repository\org\mockito\mockito-core\3.3.3\mockito-core-3.3.3.jar;C:\Users\ASUS\.m2\repository\javax\xml\bind\jaxb-api\2.3.1\jaxb-api-2.3.1.jar;C:\Users\ASUS\.m2\repository\javax\activation\javax.activation-api\1.2.0\javax.activation-api-1.2.0.jar;C:\Users\ASUS\.m2\repository\com\sun\xml\bind\jaxb-core\2.3.0.1\jaxb-core-2.3.0.1.jar;C:\Users\ASUS\.m2\repository\com\sun\xml\bind\jaxb-impl\2.3.3\jaxb-impl-2.3.3.jar;C:\Users\ASUS\.m2\repository\jakarta\xml\bind\jakarta.xml.bind-api\2.3.3\jakarta.xml.bind-api-2.3.3.jar;C:\Users\ASUS\.m2\repository\com\sun\activation\jakarta.activation\1.2.2\jakarta.activation-1.2.2.jar;C:\Users\ASUS\.m2\repository\javax\activation\activation\1.1.1\activation-1.1.1.jar;C:\Users\ASUS\.m2\repository\com\github\javafaker\javafaker\1.0.2\javafaker-1.0.2.jar;C:\Users\ASUS\.m2\repository\org\yaml\snakeyaml\1.23\snakeyaml-1.23-android.jar;C:\Users\ASUS\.m2\repository\com\github\mifmif\generex\1.0.2\generex-1.0.2.jar;C:\Users\ASUS\.m2\repository\dk\brics\automaton\automaton\1.11-8\automaton-1.11-8.jar;C:\Users\ASUS\.m2\repository\net\serenity-bdd\serenity-cucumber\3.6.21\serenity-cucumber-3.6.21.jar;C:\Users\ASUS\.m2\repository\io\cucumber\cucumber-core\7.11.0\cucumber-core-7.11.0.jar;C:\Users\ASUS\.m2\repository\io\cucumber\cucumber-gherkin\7.11.0\cucumber-gherkin-7.11.0.jar;C:\Users\ASUS\.m2\repository\io\cucumber\cucumber-gherkin-messages\7.11.0\cucumber-gherkin-messages-7.11.0.jar;C:\Users\ASUS\.m2\repository\io\cucumber\gherkin\26.0.3\gherkin-26.0.3.jar;C:\Users\ASUS\.m2\repository\io\cucumber\messages\21.0.1\messages-21.0.1.jar;C:\Users\ASUS\.m2\repository\io\cucumber\tag-expressions\5.0.1\tag-expressions-5.0.1.jar;C:\Users\ASUS\.m2\repository\io\cucumber\cucumber-expressions\16.1.1\cucumber-expressions-16.1.1.jar;C:\Users\ASUS\.m2\repository\io\cucumber\datatable\7.11.0\datatable-7.11.0.jar;C:\Users\ASUS\.m2\repository\io\cucumber\cucumber-plugin\7.11.0\cucumber-plugin-7.11.0.jar;C:\Users\ASUS\.m2\repository\io\cucumber\docstring\7.11.0\docstring-7.11.0.jar;C:\Users\ASUS\.m2\repository\io\cucumber\html-formatter\20.2.1\html-formatter-20.2.1.jar;C:\Users\ASUS\.m2\repository\io\cucumber\junit-xml-formatter\0.1.0\junit-xml-formatter-0.1.0.jar;C:\Users\ASUS\.m2\repository\io\cucumber\ci-environment\9.1.0\ci-environment-9.1.0.jar;C:\Users\ASUS\.m2\repository\io\cucumber\cucumber-java\7.11.0\cucumber-java-7.11.0.jar;C:\Users\ASUS\.m2\repository\io\cucumber\cucumber-junit\7.11.0\cucumber-junit-7.11.0.jar;C:\Users\ASUS\.m2\repository\org\apache\commons\commons-csv\1.5\commons-csv-1.5.jar;C:\Users\ASUS\.m2\repository\net\serenity-bdd\serenity-screenplay\3.6.21\serenity-screenplay-3.6.21.jar;C:\Users\ASUS\.m2\repository\net\serenity-bdd\serenity-screenplay-webdriver\3.6.21\serenity-screenplay-webdriver-3.6.21.jar;C:\Users\ASUS\.m2\repository\net\serenity-bdd\serenity-ensure\3.6.21\serenity-ensure-3.6.21.jar;C:\Users\ASUS\.m2\repository\net\serenity-bdd\serenity-junit\3.6.21\serenity-junit-3.6.21.jar;C:\Users\ASUS\.m2\repository\org\jetbrains\kotlin\kotlin-stdlib\1.8.10\kotlin-stdlib-1.8.10.jar;C:\Users\ASUS\.m2\repository\org\jetbrains\kotlin\kotlin-stdlib-common\1.8.10\kotlin-stdlib-common-1.8.10.jar;C:\Users\ASUS\.m2\repository\org\jetbrains\annotations\13.0\annotations-13.0.jar;C:\Users\ASUS\.m2\repository\org\junit\platform\junit-platform-launcher\1.9.2\junit-platform-launcher-1.9.2.jar;C:\Users\ASUS\.m2\repository\org\junit\platform\junit-platform-engine\1.9.2\junit-platform-engine-1.9.2.jar;C:\Users\ASUS\.m2\repository\org\junit\platform\junit-platform-commons\1.9.2\junit-platform-commons-1.9.2.jar;C:\Users\ASUS\.m2\repository\org\apiguardian\apiguardian-api\1.1.2\apiguardian-api-1.1.2.jar;C:\Users\ASUS\.m2\repository\org\junit\jupiter\junit-jupiter-engine\5.9.2\junit-jupiter-engine-5.9.2.jar;C:\Users\ASUS\.m2\repository\org\junit\jupiter\junit-jupiter-api\5.9.2\junit-jupiter-api-5.9.2.jar;C:\Users\ASUS\.m2\repository\org\junit\vintage\junit-vintage-engine\5.9.2\junit-vintage-engine-5.9.2.jar;C:\Users\ASUS\.m2\repository\junit\junit\4.13.2\junit-4.13.2.jar;C:\Users\ASUS\.m2\repository\org\hamcrest\hamcrest-core\1.3\hamcrest-core-1.3.jar;C:\Users\ASUS\.m2\repository\ch\qos\logback\logback-classic\1.4.6\logback-classic-1.4.6.jar;C:\Users\ASUS\.m2\repository\ch\qos\logback\logback-core\1.4.6\logback-core-1.4.6.jar;C:\Users\ASUS\.m2\repository\org\slf4j\slf4j-api\2.0.4\slf4j-api-2.0.4.jar;C:\Users\ASUS\.m2\repository\org\assertj\assertj-core\3.24.2\assertj-core-3.24.2.jar;C:\Users\ASUS\.m2\repository\net\bytebuddy\byte-buddy\1.12.21\byte-buddy-1.12.21.jar;"/>
    <property name="java.vm.vendor" value="Oracle Corporation"/>
    <property name="sun.arch.data.model" value="64"/>
    <property name="user.variant" value=""/>
    <property name="java.vendor.url" value="https://java.oracle.com/"/>
    <property name="user.timezone" value="Asia/Jakarta"/>
    <property name="os.name" value="Windows 10"/>
    <property name="java.vm.specification.version" value="20"/>
    <property name="sun.java.launcher" value="SUN_STANDARD"/>
    <property name="user.country" value="ID"/>
    <property name="sun.boot.library.path" value="C:\Program Files\Java\jdk-20\bin"/>
    <property name="sun.java.command" value="org.apache.maven.surefire.booter.ForkedBooter C:\Users\ASUS\AppData\Local\Temp\surefire4026626619395714142 2023-05-08T09-50-36_203-jvmRun1 surefire15068760541419988713tmp surefire_05012196002616819421tmp"/>
    <property name="jdk.debug" value="release"/>
    <property name="surefire.test.class.path" value="D:\Intelij\RESTfulAPI AltaShop Elisa\target\test-classes;C:\Users\ASUS\.m2\repository\com\googlecode\json-simple\json-simple\1.1\json-simple-1.1.jar;C:\Users\ASUS\.m2\repository\net\serenity-bdd\serenity-rest-assured\3.6.22\serenity-rest-assured-3.6.22.jar;C:\Users\ASUS\.m2\repository\org\apache\httpcomponents\httpclient\4.5.13\httpclient-4.5.13.jar;C:\Users\ASUS\.m2\repository\org\apache\httpcomponents\httpcore\4.4.13\httpcore-4.4.13.jar;C:\Users\ASUS\.m2\repository\commons-logging\commons-logging\1.2\commons-logging-1.2.jar;C:\Users\ASUS\.m2\repository\io\rest-assured\rest-assured\5.3.0\rest-assured-5.3.0.jar;C:\Users\ASUS\.m2\repository\org\apache\httpcomponents\httpmime\4.5.13\httpmime-4.5.13.jar;C:\Users\ASUS\.m2\repository\org\ccil\cowan\tagsoup\tagsoup\1.2.1\tagsoup-1.2.1.jar;C:\Users\ASUS\.m2\repository\io\rest-assured\json-path\5.3.0\json-path-5.3.0.jar;C:\Users\ASUS\.m2\repository\io\rest-assured\rest-assured-common\5.3.0\rest-assured-common-5.3.0.jar;C:\Users\ASUS\.m2\repository\io\rest-assured\xml-path\5.3.0\xml-path-5.3.0.jar;C:\Users\ASUS\.m2\repository\org\apache\groovy\groovy-json\4.0.10\groovy-json-4.0.10.jar;C:\Users\ASUS\.m2\repository\org\apache\groovy\groovy-xml\4.0.10\groovy-xml-4.0.10.jar;C:\Users\ASUS\.m2\repository\org\apache\groovy\groovy\4.0.10\groovy-4.0.10.jar;C:\Users\ASUS\.m2\repository\org\opentest4j\opentest4j\1.2.0\opentest4j-1.2.0.jar;C:\Users\ASUS\.m2\repository\net\serenity-bdd\serenity-core\3.6.21\serenity-core-3.6.21.jar;C:\Users\ASUS\.m2\repository\net\serenity-bdd\serenity-model\3.6.21\serenity-model-3.6.21.jar;C:\Users\ASUS\.m2\repository\org\apache\commons\commons-text\1.10.0\commons-text-1.10.0.jar;C:\Users\ASUS\.m2\repository\commons-net\commons-net\3.9.0\commons-net-3.9.0.jar;C:\Users\ASUS\.m2\repository\com\google\guava\guava\31.1-jre\guava-31.1-jre.jar;C:\Users\ASUS\.m2\repository\com\google\guava\failureaccess\1.0.1\failureaccess-1.0.1.jar;C:\Users\ASUS\.m2\repository\com\google\guava\listenablefuture\9999.0-empty-to-avoid-conflict-with-guava\listenablefuture-9999.0-empty-to-avoid-conflict-with-guava.jar;C:\Users\ASUS\.m2\repository\com\google\code\findbugs\jsr305\3.0.2\jsr305-3.0.2.jar;C:\Users\ASUS\.m2\repository\org\checkerframework\checker-qual\3.12.0\checker-qual-3.12.0.jar;C:\Users\ASUS\.m2\repository\com\google\errorprone\error_prone_annotations\2.11.0\error_prone_annotations-2.11.0.jar;C:\Users\ASUS\.m2\repository\com\google\j2objc\j2objc-annotations\1.3\j2objc-annotations-1.3.jar;C:\Users\ASUS\.m2\repository\com\google\inject\guice\5.1.0\guice-5.1.0.jar;C:\Users\ASUS\.m2\repository\javax\inject\javax.inject\1\javax.inject-1.jar;C:\Users\ASUS\.m2\repository\aopalliance\aopalliance\1.0\aopalliance-1.0.jar;C:\Users\ASUS\.m2\repository\org\jsoup\jsoup\1.14.3\jsoup-1.14.3.jar;C:\Users\ASUS\.m2\repository\com\thoughtworks\xstream\xstream\1.4.20\xstream-1.4.20.jar;C:\Users\ASUS\.m2\repository\io\github\x-stream\mxparser\1.2.2\mxparser-1.2.2.jar;C:\Users\ASUS\.m2\repository\xmlpull\xmlpull\1.1.3.1\xmlpull-1.1.3.1.jar;C:\Users\ASUS\.m2\repository\com\typesafe\config\1.4.2\config-1.4.2.jar;C:\Users\ASUS\.m2\repository\org\imgscalr\imgscalr-lib\4.2\imgscalr-lib-4.2.jar;C:\Users\ASUS\.m2\repository\org\awaitility\awaitility\4.2.0\awaitility-4.2.0.jar;C:\Users\ASUS\.m2\repository\org\freemarker\freemarker\2.3.31\freemarker-2.3.31.jar;C:\Users\ASUS\.m2\repository\io\github\classgraph\classgraph\4.8.138\classgraph-4.8.138.jar;C:\Users\ASUS\.m2\repository\net\sourceforge\jexcelapi\jxl\2.6.12\jxl-2.6.12.jar;C:\Users\ASUS\.m2\repository\net\bytebuddy\byte-buddy-agent\1.14.2\byte-buddy-agent-1.14.2.jar;C:\Users\ASUS\.m2\repository\org\objenesis\objenesis\3.3\objenesis-3.3.jar;C:\Users\ASUS\.m2\repository\net\serenity-bdd\serenity-reports\3.6.21\serenity-reports-3.6.21.jar;C:\Users\ASUS\.m2\repository\net\serenity-bdd\serenity-stats\3.6.21\serenity-stats-3.6.21.jar;C:\Users\ASUS\.m2\repository\net\serenity-bdd\serenity-reports-configuration\3.6.21\serenity-reports-configuration-3.6.21.jar;C:\Users\ASUS\.m2\repository\com\vladsch\flexmark\flexmark-all\0.62.2\flexmark-all-0.62.2.jar;C:\Users\ASUS\.m2\repository\com\vladsch\flexmark\flexmark\0.62.2\flexmark-0.62.2.jar;C:\Users\ASUS\.m2\repository\com\vladsch\flexmark\flexmark-ext-abbreviation\0.62.2\flexmark-ext-abbreviation-0.62.2.jar;C:\Users\ASUS\.m2\repository\com\vladsch\flexmark\flexmark-util\0.62.2\flexmark-util-0.62.2.jar;C:\Users\ASUS\.m2\repository\com\vladsch\flexmark\flexmark-ext-admonition\0.62.2\flexmark-ext-admonition-0.62.2.jar;C:\Users\ASUS\.m2\repository\com\vladsch\flexmark\flexmark-ext-anchorlink\0.62.2\flexmark-ext-anchorlink-0.62.2.jar;C:\Users\ASUS\.m2\repository\com\vladsch\flexmark\flexmark-ext-aside\0.62.2\flexmark-ext-aside-0.62.2.jar;C:\Users\ASUS\.m2\repository\com\vladsch\flexmark\flexmark-ext-attributes\0.62.2\flexmark-ext-attributes-0.62.2.jar;C:\Users\ASUS\.m2\repository\com\vladsch\flexmark\flexmark-ext-autolink\0.62.2\flexmark-ext-autolink-0.62.2.jar;C:\Users\ASUS\.m2\repository\org\nibor\autolink\autolink\0.6.0\autolink-0.6.0.jar;C:\Users\ASUS\.m2\repository\com\vladsch\flexmark\flexmark-ext-definition\0.62.2\flexmark-ext-definition-0.62.2.jar;C:\Users\ASUS\.m2\repository\com\vladsch\flexmark\flexmark-ext-emoji\0.62.2\flexmark-ext-emoji-0.62.2.jar;C:\Users\ASUS\.m2\repository\com\vladsch\flexmark\flexmark-ext-enumerated-reference\0.62.2\flexmark-ext-enumerated-reference-0.62.2.jar;C:\Users\ASUS\.m2\repository\com\vladsch\flexmark\flexmark-ext-escaped-character\0.62.2\flexmark-ext-escaped-character-0.62.2.jar;C:\Users\ASUS\.m2\repository\com\vladsch\flexmark\flexmark-ext-footnotes\0.62.2\flexmark-ext-footnotes-0.62.2.jar;C:\Users\ASUS\.m2\repository\com\vladsch\flexmark\flexmark-ext-gfm-issues\0.62.2\flexmark-ext-gfm-issues-0.62.2.jar;C:\Users\ASUS\.m2\repository\com\vladsch\flexmark\flexmark-ext-gfm-strikethrough\0.62.2\flexmark-ext-gfm-strikethrough-0.62.2.jar;C:\Users\ASUS\.m2\repository\com\vladsch\flexmark\flexmark-ext-gfm-tasklist\0.62.2\flexmark-ext-gfm-tasklist-0.62.2.jar;C:\Users\ASUS\.m2\repository\com\vladsch\flexmark\flexmark-ext-gfm-users\0.62.2\flexmark-ext-gfm-users-0.62.2.jar;C:\Users\ASUS\.m2\repository\com\vladsch\flexmark\flexmark-ext-gitlab\0.62.2\flexmark-ext-gitlab-0.62.2.jar;C:\Users\ASUS\.m2\repository\com\vladsch\flexmark\flexmark-ext-jekyll-front-matter\0.62.2\flexmark-ext-jekyll-front-matter-0.62.2.jar;C:\Users\ASUS\.m2\repository\com\vladsch\flexmark\flexmark-ext-jekyll-tag\0.62.2\flexmark-ext-jekyll-tag-0.62.2.jar;C:\Users\ASUS\.m2\repository\com\vladsch\flexmark\flexmark-ext-media-tags\0.62.2\flexmark-ext-media-tags-0.62.2.jar;C:\Users\ASUS\.m2\repository\com\vladsch\flexmark\flexmark-ext-macros\0.62.2\flexmark-ext-macros-0.62.2.jar;C:\Users\ASUS\.m2\repository\com\vladsch\flexmark\flexmark-ext-ins\0.62.2\flexmark-ext-ins-0.62.2.jar;C:\Users\ASUS\.m2\repository\com\vladsch\flexmark\flexmark-ext-xwiki-macros\0.62.2\flexmark-ext-xwiki-macros-0.62.2.jar;C:\Users\ASUS\.m2\repository\com\vladsch\flexmark\flexmark-ext-superscript\0.62.2\flexmark-ext-superscript-0.62.2.jar;C:\Users\ASUS\.m2\repository\com\vladsch\flexmark\flexmark-ext-tables\0.62.2\flexmark-ext-tables-0.62.2.jar;C:\Users\ASUS\.m2\repository\com\vladsch\flexmark\flexmark-ext-toc\0.62.2\flexmark-ext-toc-0.62.2.jar;C:\Users\ASUS\.m2\repository\com\vladsch\flexmark\flexmark-ext-typographic\0.62.2\flexmark-ext-typographic-0.62.2.jar;C:\Users\ASUS\.m2\repository\com\vladsch\flexmark\flexmark-ext-wikilink\0.62.2\flexmark-ext-wikilink-0.62.2.jar;C:\Users\ASUS\.m2\repository\com\vladsch\flexmark\flexmark-ext-yaml-front-matter\0.62.2\flexmark-ext-yaml-front-matter-0.62.2.jar;C:\Users\ASUS\.m2\repository\com\vladsch\flexmark\flexmark-ext-youtube-embedded\0.62.2\flexmark-ext-youtube-embedded-0.62.2.jar;C:\Users\ASUS\.m2\repository\com\vladsch\flexmark\flexmark-html2md-converter\0.62.2\flexmark-html2md-converter-0.62.2.jar;C:\Users\ASUS\.m2\repository\com\vladsch\flexmark\flexmark-jira-converter\0.62.2\flexmark-jira-converter-0.62.2.jar;C:\Users\ASUS\.m2\repository\com\vladsch\flexmark\flexmark-pdf-converter\0.62.2\flexmark-pdf-converter-0.62.2.jar;C:\Users\ASUS\.m2\repository\com\openhtmltopdf\openhtmltopdf-core\1.0.0\openhtmltopdf-core-1.0.0.jar;C:\Users\ASUS\.m2\repository\com\openhtmltopdf\openhtmltopdf-pdfbox\1.0.0\openhtmltopdf-pdfbox-1.0.0.jar;C:\Users\ASUS\.m2\repository\org\apache\pdfbox\pdfbox\2.0.16\pdfbox-2.0.16.jar;C:\Users\ASUS\.m2\repository\org\apache\pdfbox\fontbox\2.0.16\fontbox-2.0.16.jar;C:\Users\ASUS\.m2\repository\org\apache\pdfbox\xmpbox\2.0.16\xmpbox-2.0.16.jar;C:\Users\ASUS\.m2\repository\de\rototor\pdfbox\graphics2d\0.24\graphics2d-0.24.jar;C:\Users\ASUS\.m2\repository\com\openhtmltopdf\openhtmltopdf-rtl-support\1.0.0\openhtmltopdf-rtl-support-1.0.0.jar;C:\Users\ASUS\.m2\repository\com\openhtmltopdf\openhtmltopdf-jsoup-dom-converter\1.0.0\openhtmltopdf-jsoup-dom-converter-1.0.0.jar;C:\Users\ASUS\.m2\repository\com\vladsch\flexmark\flexmark-profile-pegdown\0.62.2\flexmark-profile-pegdown-0.62.2.jar;C:\Users\ASUS\.m2\repository\com\vladsch\flexmark\flexmark-util-ast\0.62.2\flexmark-util-ast-0.62.2.jar;C:\Users\ASUS\.m2\repository\com\vladsch\flexmark\flexmark-util-builder\0.62.2\flexmark-util-builder-0.62.2.jar;C:\Users\ASUS\.m2\repository\com\vladsch\flexmark\flexmark-util-collection\0.62.2\flexmark-util-collection-0.62.2.jar;C:\Users\ASUS\.m2\repository\com\vladsch\flexmark\flexmark-util-data\0.62.2\flexmark-util-data-0.62.2.jar;C:\Users\ASUS\.m2\repository\com\vladsch\flexmark\flexmark-util-dependency\0.62.2\flexmark-util-dependency-0.62.2.jar;C:\Users\ASUS\.m2\repository\com\vladsch\flexmark\flexmark-util-format\0.62.2\flexmark-util-format-0.62.2.jar;C:\Users\ASUS\.m2\repository\com\vladsch\flexmark\flexmark-util-html\0.62.2\flexmark-util-html-0.62.2.jar;C:\Users\ASUS\.m2\repository\com\vladsch\flexmark\flexmark-util-misc\0.62.2\flexmark-util-misc-0.62.2.jar;C:\Users\ASUS\.m2\repository\com\vladsch\flexmark\flexmark-util-options\0.62.2\flexmark-util-options-0.62.2.jar;C:\Users\ASUS\.m2\repository\com\vladsch\flexmark\flexmark-util-sequence\0.62.2\flexmark-util-sequence-0.62.2.jar;C:\Users\ASUS\.m2\repository\com\vladsch\flexmark\flexmark-util-visitor\0.62.2\flexmark-util-visitor-0.62.2.jar;C:\Users\ASUS\.m2\repository\com\vladsch\flexmark\flexmark-youtrack-converter\0.62.2\flexmark-youtrack-converter-0.62.2.jar;C:\Users\ASUS\.m2\repository\com\ibm\icu\icu4j\72.1\icu4j-72.1.jar;C:\Users\ASUS\.m2\repository\es\nitaur\markdown\txtmark\0.16\txtmark-0.16.jar;C:\Users\ASUS\.m2\repository\net\serenity-bdd\serenity-report-resources\3.6.21\serenity-report-resources-3.6.21.jar;C:\Users\ASUS\.m2\repository\com\google\code\gson\gson\2.10.1\gson-2.10.1.jar;C:\Users\ASUS\.m2\repository\com\fasterxml\jackson\core\jackson-core\2.15.0-rc1\jackson-core-2.15.0-rc1.jar;C:\Users\ASUS\.m2\repository\com\fasterxml\jackson\core\jackson-databind\2.15.0-rc1\jackson-databind-2.15.0-rc1.jar;C:\Users\ASUS\.m2\repository\com\fasterxml\jackson\core\jackson-annotations\2.15.0-rc1\jackson-annotations-2.15.0-rc1.jar;C:\Users\ASUS\.m2\repository\commons-codec\commons-codec\1.15\commons-codec-1.15.jar;C:\Users\ASUS\.m2\repository\commons-io\commons-io\2.11.0\commons-io-2.11.0.jar;C:\Users\ASUS\.m2\repository\org\seleniumhq\selenium\selenium-java\4.8.1\selenium-java-4.8.1.jar;C:\Users\ASUS\.m2\repository\org\seleniumhq\selenium\selenium-devtools-v108\4.8.1\selenium-devtools-v108-4.8.1.jar;C:\Users\ASUS\.m2\repository\org\seleniumhq\selenium\selenium-devtools-v109\4.8.1\selenium-devtools-v109-4.8.1.jar;C:\Users\ASUS\.m2\repository\org\seleniumhq\selenium\selenium-devtools-v110\4.8.1\selenium-devtools-v110-4.8.1.jar;C:\Users\ASUS\.m2\repository\org\seleniumhq\selenium\selenium-devtools-v85\4.8.1\selenium-devtools-v85-4.8.1.jar;C:\Users\ASUS\.m2\repository\org\seleniumhq\selenium\selenium-remote-driver\4.8.1\selenium-remote-driver-4.8.1.jar;C:\Users\ASUS\.m2\repository\com\beust\jcommander\1.82\jcommander-1.82.jar;C:\Users\ASUS\.m2\repository\io\netty\netty-buffer\4.1.87.Final\netty-buffer-4.1.87.Final.jar;C:\Users\ASUS\.m2\repository\io\netty\netty-codec-http\4.1.87.Final\netty-codec-http-4.1.87.Final.jar;C:\Users\ASUS\.m2\repository\io\netty\netty-codec\4.1.87.Final\netty-codec-4.1.87.Final.jar;C:\Users\ASUS\.m2\repository\io\netty\netty-handler\4.1.87.Final\netty-handler-4.1.87.Final.jar;C:\Users\ASUS\.m2\repository\io\netty\netty-common\4.1.87.Final\netty-common-4.1.87.Final.jar;C:\Users\ASUS\.m2\repository\io\netty\netty-transport-classes-epoll\4.1.87.Final\netty-transport-classes-epoll-4.1.87.Final.jar;C:\Users\ASUS\.m2\repository\io\netty\netty-transport-classes-kqueue\4.1.87.Final\netty-transport-classes-kqueue-4.1.87.Final.jar;C:\Users\ASUS\.m2\repository\io\netty\netty-transport-native-epoll\4.1.87.Final\netty-transport-native-epoll-4.1.87.Final.jar;C:\Users\ASUS\.m2\repository\io\netty\netty-transport-native-kqueue\4.1.87.Final\netty-transport-native-kqueue-4.1.87.Final.jar;C:\Users\ASUS\.m2\repository\io\netty\netty-transport-native-unix-common\4.1.87.Final\netty-transport-native-unix-common-4.1.87.Final.jar;C:\Users\ASUS\.m2\repository\io\netty\netty-transport\4.1.87.Final\netty-transport-4.1.87.Final.jar;C:\Users\ASUS\.m2\repository\io\netty\netty-resolver\4.1.87.Final\netty-resolver-4.1.87.Final.jar;C:\Users\ASUS\.m2\repository\io\opentelemetry\opentelemetry-api\1.22.0\opentelemetry-api-1.22.0.jar;C:\Users\ASUS\.m2\repository\io\opentelemetry\opentelemetry-context\1.22.0\opentelemetry-context-1.22.0.jar;C:\Users\ASUS\.m2\repository\io\opentelemetry\opentelemetry-exporter-logging\1.22.0\opentelemetry-exporter-logging-1.22.0.jar;C:\Users\ASUS\.m2\repository\io\opentelemetry\opentelemetry-sdk-metrics\1.22.0\opentelemetry-sdk-metrics-1.22.0.jar;C:\Users\ASUS\.m2\repository\io\opentelemetry\opentelemetry-sdk-logs\1.22.0-alpha\opentelemetry-sdk-logs-1.22.0-alpha.jar;C:\Users\ASUS\.m2\repository\io\opentelemetry\opentelemetry-api-logs\1.22.0-alpha\opentelemetry-api-logs-1.22.0-alpha.jar;C:\Users\ASUS\.m2\repository\io\opentelemetry\opentelemetry-sdk-common\1.22.0\opentelemetry-sdk-common-1.22.0.jar;C:\Users\ASUS\.m2\repository\io\opentelemetry\opentelemetry-sdk-extension-autoconfigure-spi\1.22.0\opentelemetry-sdk-extension-autoconfigure-spi-1.22.0.jar;C:\Users\ASUS\.m2\repository\io\opentelemetry\opentelemetry-sdk-extension-autoconfigure\1.22.0-alpha\opentelemetry-sdk-extension-autoconfigure-1.22.0-alpha.jar;C:\Users\ASUS\.m2\repository\io\opentelemetry\opentelemetry-sdk-trace\1.22.0\opentelemetry-sdk-trace-1.22.0.jar;C:\Users\ASUS\.m2\repository\io\opentelemetry\opentelemetry-sdk\1.22.0\opentelemetry-sdk-1.22.0.jar;C:\Users\ASUS\.m2\repository\io\opentelemetry\opentelemetry-semconv\1.22.0-alpha\opentelemetry-semconv-1.22.0-alpha.jar;C:\Users\ASUS\.m2\repository\io\ous\jtoml\2.0.0\jtoml-2.0.0.jar;C:\Users\ASUS\.m2\repository\org\apache\commons\commons-exec\1.3\commons-exec-1.3.jar;C:\Users\ASUS\.m2\repository\org\asynchttpclient\async-http-client\2.12.3\async-http-client-2.12.3.jar;C:\Users\ASUS\.m2\repository\org\asynchttpclient\async-http-client-netty-utils\2.12.3\async-http-client-netty-utils-2.12.3.jar;C:\Users\ASUS\.m2\repository\io\netty\netty-codec-socks\4.1.60.Final\netty-codec-socks-4.1.60.Final.jar;C:\Users\ASUS\.m2\repository\io\netty\netty-handler-proxy\4.1.60.Final\netty-handler-proxy-4.1.60.Final.jar;C:\Users\ASUS\.m2\repository\io\netty\netty-transport-native-epoll\4.1.60.Final\netty-transport-native-epoll-4.1.60.Final-linux-x86_64.jar;C:\Users\ASUS\.m2\repository\io\netty\netty-transport-native-kqueue\4.1.60.Final\netty-transport-native-kqueue-4.1.60.Final-osx-x86_64.jar;C:\Users\ASUS\.m2\repository\org\reactivestreams\reactive-streams\1.0.3\reactive-streams-1.0.3.jar;C:\Users\ASUS\.m2\repository\com\typesafe\netty\netty-reactive-streams\2.0.4\netty-reactive-streams-2.0.4.jar;C:\Users\ASUS\.m2\repository\org\seleniumhq\selenium\selenium-manager\4.8.1\selenium-manager-4.8.1.jar;C:\Users\ASUS\.m2\repository\org\seleniumhq\selenium\selenium-safari-driver\4.8.1\selenium-safari-driver-4.8.1.jar;C:\Users\ASUS\.m2\repository\org\seleniumhq\selenium\selenium-api\4.8.1\selenium-api-4.8.1.jar;C:\Users\ASUS\.m2\repository\org\seleniumhq\selenium\selenium-support\4.8.1\selenium-support-4.8.1.jar;C:\Users\ASUS\.m2\repository\com\google\auto\service\auto-service-annotations\1.0.1\auto-service-annotations-1.0.1.jar;C:\Users\ASUS\.m2\repository\com\google\auto\service\auto-service\1.0.1\auto-service-1.0.1.jar;C:\Users\ASUS\.m2\repository\com\google\auto\auto-common\1.2\auto-common-1.2.jar;C:\Users\ASUS\.m2\repository\org\seleniumhq\selenium\selenium-json\4.8.1\selenium-json-4.8.1.jar;C:\Users\ASUS\.m2\repository\org\seleniumhq\selenium\selenium-chrome-driver\4.8.1\selenium-chrome-driver-4.8.1.jar;C:\Users\ASUS\.m2\repository\org\seleniumhq\selenium\selenium-chromium-driver\4.8.1\selenium-chromium-driver-4.8.1.jar;C:\Users\ASUS\.m2\repository\org\seleniumhq\selenium\selenium-firefox-driver\4.8.1\selenium-firefox-driver-4.8.1.jar;C:\Users\ASUS\.m2\repository\org\seleniumhq\selenium\selenium-http\4.8.1\selenium-http-4.8.1.jar;C:\Users\ASUS\.m2\repository\dev\failsafe\failsafe\3.3.0\failsafe-3.3.0.jar;C:\Users\ASUS\.m2\repository\org\seleniumhq\selenium\selenium-edge-driver\4.8.1\selenium-edge-driver-4.8.1.jar;C:\Users\ASUS\.m2\repository\org\seleniumhq\selenium\selenium-ie-driver\4.8.1\selenium-ie-driver-4.8.1.jar;C:\Users\ASUS\.m2\repository\org\projectlombok\lombok\1.18.20\lombok-1.18.20.jar;C:\Users\ASUS\.m2\repository\io\appium\java-client\8.3.0\java-client-8.3.0.jar;C:\Users\ASUS\.m2\repository\commons-validator\commons-validator\1.7\commons-validator-1.7.jar;C:\Users\ASUS\.m2\repository\commons-digester\commons-digester\2.1\commons-digester-2.1.jar;C:\Users\ASUS\.m2\repository\net\sf\opencsv\opencsv\2.0\opencsv-2.0.jar;C:\Users\ASUS\.m2\repository\commons-beanutils\commons-beanutils\1.9.4\commons-beanutils-1.9.4.jar;C:\Users\ASUS\.m2\repository\org\apache\commons\commons-lang3\3.12.0\commons-lang3-3.12.0.jar;C:\Users\ASUS\.m2\repository\commons-collections\commons-collections\3.2.2\commons-collections-3.2.2.jar;C:\Users\ASUS\.m2\repository\org\fluentlenium\fluentlenium-core\0.10.2\fluentlenium-core-0.10.2.jar;C:\Users\ASUS\.m2\repository\io\github\bonigarcia\webdrivermanager\5.3.0\webdrivermanager-5.3.0.jar;C:\Users\ASUS\.m2\repository\com\github\docker-java\docker-java\3.2.13\docker-java-3.2.13.jar;C:\Users\ASUS\.m2\repository\com\github\docker-java\docker-java-core\3.2.13\docker-java-core-3.2.13.jar;C:\Users\ASUS\.m2\repository\com\github\docker-java\docker-java-api\3.2.13\docker-java-api-3.2.13.jar;C:\Users\ASUS\.m2\repository\org\apache\commons\commons-compress\1.21\commons-compress-1.21.jar;C:\Users\ASUS\.m2\repository\org\bouncycastle\bcpkix-jdk15on\1.64\bcpkix-jdk15on-1.64.jar;C:\Users\ASUS\.m2\repository\org\bouncycastle\bcprov-jdk15on\1.64\bcprov-jdk15on-1.64.jar;C:\Users\ASUS\.m2\repository\org\slf4j\jcl-over-slf4j\1.7.30\jcl-over-slf4j-1.7.30.jar;C:\Users\ASUS\.m2\repository\com\github\docker-java\docker-java-transport-httpclient5\3.2.13\docker-java-transport-httpclient5-3.2.13.jar;C:\Users\ASUS\.m2\repository\com\github\docker-java\docker-java-transport\3.2.13\docker-java-transport-3.2.13.jar;C:\Users\ASUS\.m2\repository\net\java\dev\jna\jna\5.8.0\jna-5.8.0.jar;C:\Users\ASUS\.m2\repository\org\brotli\dec\0.1.2\dec-0.1.2.jar;C:\Users\ASUS\.m2\repository\org\apache\httpcomponents\client5\httpclient5\5.1.3\httpclient5-5.1.3.jar;C:\Users\ASUS\.m2\repository\org\apache\httpcomponents\core5\httpcore5\5.1.3\httpcore5-5.1.3.jar;C:\Users\ASUS\.m2\repository\org\apache\httpcomponents\core5\httpcore5-h2\5.1.3\httpcore5-h2-5.1.3.jar;C:\Users\ASUS\.m2\repository\com\jhlabs\filters\2.0.235\filters-2.0.235.jar;C:\Users\ASUS\.m2\repository\com\paulhammant\ngwebdriver\1.1.6\ngwebdriver-1.1.6.jar;C:\Users\ASUS\.m2\repository\joda-time\joda-time\2.12.2\joda-time-2.12.2.jar;C:\Users\ASUS\.m2\repository\org\hamcrest\hamcrest\2.2\hamcrest-2.2.jar;C:\Users\ASUS\.m2\repository\com\google\jimfs\jimfs\1.2\jimfs-1.2.jar;C:\Users\ASUS\.m2\repository\org\mockito\mockito-core\3.3.3\mockito-core-3.3.3.jar;C:\Users\ASUS\.m2\repository\javax\xml\bind\jaxb-api\2.3.1\jaxb-api-2.3.1.jar;C:\Users\ASUS\.m2\repository\javax\activation\javax.activation-api\1.2.0\javax.activation-api-1.2.0.jar;C:\Users\ASUS\.m2\repository\com\sun\xml\bind\jaxb-core\2.3.0.1\jaxb-core-2.3.0.1.jar;C:\Users\ASUS\.m2\repository\com\sun\xml\bind\jaxb-impl\2.3.3\jaxb-impl-2.3.3.jar;C:\Users\ASUS\.m2\repository\jakarta\xml\bind\jakarta.xml.bind-api\2.3.3\jakarta.xml.bind-api-2.3.3.jar;C:\Users\ASUS\.m2\repository\com\sun\activation\jakarta.activation\1.2.2\jakarta.activation-1.2.2.jar;C:\Users\ASUS\.m2\repository\javax\activation\activation\1.1.1\activation-1.1.1.jar;C:\Users\ASUS\.m2\repository\com\github\javafaker\javafaker\1.0.2\javafaker-1.0.2.jar;C:\Users\ASUS\.m2\repository\org\yaml\snakeyaml\1.23\snakeyaml-1.23-android.jar;C:\Users\ASUS\.m2\repository\com\github\mifmif\generex\1.0.2\generex-1.0.2.jar;C:\Users\ASUS\.m2\repository\dk\brics\automaton\automaton\1.11-8\automaton-1.11-8.jar;C:\Users\ASUS\.m2\repository\net\serenity-bdd\serenity-cucumber\3.6.21\serenity-cucumber-3.6.21.jar;C:\Users\ASUS\.m2\repository\io\cucumber\cucumber-core\7.11.0\cucumber-core-7.11.0.jar;C:\Users\ASUS\.m2\repository\io\cucumber\cucumber-gherkin\7.11.0\cucumber-gherkin-7.11.0.jar;C:\Users\ASUS\.m2\repository\io\cucumber\cucumber-gherkin-messages\7.11.0\cucumber-gherkin-messages-7.11.0.jar;C:\Users\ASUS\.m2\repository\io\cucumber\gherkin\26.0.3\gherkin-26.0.3.jar;C:\Users\ASUS\.m2\repository\io\cucumber\messages\21.0.1\messages-21.0.1.jar;C:\Users\ASUS\.m2\repository\io\cucumber\tag-expressions\5.0.1\tag-expressions-5.0.1.jar;C:\Users\ASUS\.m2\repository\io\cucumber\cucumber-expressions\16.1.1\cucumber-expressions-16.1.1.jar;C:\Users\ASUS\.m2\repository\io\cucumber\datatable\7.11.0\datatable-7.11.0.jar;C:\Users\ASUS\.m2\repository\io\cucumber\cucumber-plugin\7.11.0\cucumber-plugin-7.11.0.jar;C:\Users\ASUS\.m2\repository\io\cucumber\docstring\7.11.0\docstring-7.11.0.jar;C:\Users\ASUS\.m2\repository\io\cucumber\html-formatter\20.2.1\html-formatter-20.2.1.jar;C:\Users\ASUS\.m2\repository\io\cucumber\junit-xml-formatter\0.1.0\junit-xml-formatter-0.1.0.jar;C:\Users\ASUS\.m2\repository\io\cucumber\ci-environment\9.1.0\ci-environment-9.1.0.jar;C:\Users\ASUS\.m2\repository\io\cucumber\cucumber-java\7.11.0\cucumber-java-7.11.0.jar;C:\Users\ASUS\.m2\repository\io\cucumber\cucumber-junit\7.11.0\cucumber-junit-7.11.0.jar;C:\Users\ASUS\.m2\repository\org\apache\commons\commons-csv\1.5\commons-csv-1.5.jar;C:\Users\ASUS\.m2\repository\net\serenity-bdd\serenity-screenplay\3.6.21\serenity-screenplay-3.6.21.jar;C:\Users\ASUS\.m2\repository\net\serenity-bdd\serenity-screenplay-webdriver\3.6.21\serenity-screenplay-webdriver-3.6.21.jar;C:\Users\ASUS\.m2\repository\net\serenity-bdd\serenity-ensure\3.6.21\serenity-ensure-3.6.21.jar;C:\Users\ASUS\.m2\repository\net\serenity-bdd\serenity-junit\3.6.21\serenity-junit-3.6.21.jar;C:\Users\ASUS\.m2\repository\org\jetbrains\kotlin\kotlin-stdlib\1.8.10\kotlin-stdlib-1.8.10.jar;C:\Users\ASUS\.m2\repository\org\jetbrains\kotlin\kotlin-stdlib-common\1.8.10\kotlin-stdlib-common-1.8.10.jar;C:\Users\ASUS\.m2\repository\org\jetbrains\annotations\13.0\annotations-13.0.jar;C:\Users\ASUS\.m2\repository\org\junit\platform\junit-platform-launcher\1.9.2\junit-platform-launcher-1.9.2.jar;C:\Users\ASUS\.m2\repository\org\junit\platform\junit-platform-engine\1.9.2\junit-platform-engine-1.9.2.jar;C:\Users\ASUS\.m2\repository\org\junit\platform\junit-platform-commons\1.9.2\junit-platform-commons-1.9.2.jar;C:\Users\ASUS\.m2\repository\org\apiguardian\apiguardian-api\1.1.2\apiguardian-api-1.1.2.jar;C:\Users\ASUS\.m2\repository\org\junit\jupiter\junit-jupiter-engine\5.9.2\junit-jupiter-engine-5.9.2.jar;C:\Users\ASUS\.m2\repository\org\junit\jupiter\junit-jupiter-api\5.9.2\junit-jupiter-api-5.9.2.jar;C:\Users\ASUS\.m2\repository\org\junit\vintage\junit-vintage-engine\5.9.2\junit-vintage-engine-5.9.2.jar;C:\Users\ASUS\.m2\repository\junit\junit\4.13.2\junit-4.13.2.jar;C:\Users\ASUS\.m2\repository\org\hamcrest\hamcrest-core\1.3\hamcrest-core-1.3.jar;C:\Users\ASUS\.m2\repository\ch\qos\logback\logback-classic\1.4.6\logback-classic-1.4.6.jar;C:\Users\ASUS\.m2\repository\ch\qos\logback\logback-core\1.4.6\logback-core-1.4.6.jar;C:\Users\ASUS\.m2\repository\org\slf4j\slf4j-api\2.0.4\slf4j-api-2.0.4.jar;C:\Users\ASUS\.m2\repository\org\assertj\assertj-core\3.24.2\assertj-core-3.24.2.jar;C:\Users\ASUS\.m2\repository\net\bytebuddy\byte-buddy\1.12.21\byte-buddy-1.12.21.jar;"/>
    <property name="sun.cpu.endian" value="little"/>
    <property name="user.home" value="C:\Users\ASUS"/>
    <property name="user.language" value="en"/>
    <property name="java.specification.vendor" value="Oracle Corporation"/>
    <property name="jdk.module.path" value="D:\Intelij\RESTfulAPI AltaShop Elisa\target\restapi-altashop-1.0-SNAPSHOT.jar"/>
    <property name="java.version.date" value="2023-03-21"/>
    <property name="java.home" value="C:\Program Files\Java\jdk-20"/>
    <property name="file.separator" value="\"/>
    <property name="basedir" value="D:\Intelij\RESTfulAPI AltaShop Elisa"/>
    <property name="java.vm.compressedOopsMode" value="32-bit"/>
    <property name="line.separator" value="&#10;"/>
    <property name="java.vm.specification.vendor" value="Oracle Corporation"/>
    <property name="java.specification.name" value="Java Platform API Specification"/>
    <property name="surefire.real.class.path" value="C:\Users\ASUS\.m2\repository\org\apache\maven\surefire\surefire-booter\3.0.0-M5\surefire-booter-3.0.0-M5.jar;C:\Users\ASUS\.m2\repository\org\apache\maven\surefire\surefire-api\3.0.0-M5\surefire-api-3.0.0-M5.jar;C:\Users\ASUS\.m2\repository\org\apache\maven\surefire\surefire-logger-api\3.0.0-M5\surefire-logger-api-3.0.0-M5.jar;C:\Users\ASUS\.m2\repository\org\apache\maven\surefire\surefire-shared-utils\3.0.0-M4\surefire-shared-utils-3.0.0-M4.jar;C:\Users\ASUS\.m2\repository\org\apache\maven\surefire\surefire-extensions-spi\3.0.0-M5\surefire-extensions-spi-3.0.0-M5.jar;D:\Intelij\RESTfulAPI AltaShop Elisa\target\test-classes;C:\Users\ASUS\.m2\repository\com\googlecode\json-simple\json-simple\1.1\json-simple-1.1.jar;C:\Users\ASUS\.m2\repository\net\serenity-bdd\serenity-rest-assured\3.6.22\serenity-rest-assured-3.6.22.jar;C:\Users\ASUS\.m2\repository\org\apache\httpcomponents\httpclient\4.5.13\httpclient-4.5.13.jar;C:\Users\ASUS\.m2\repository\org\apache\httpcomponents\httpcore\4.4.13\httpcore-4.4.13.jar;C:\Users\ASUS\.m2\repository\commons-logging\commons-logging\1.2\commons-logging-1.2.jar;C:\Users\ASUS\.m2\repository\io\rest-assured\rest-assured\5.3.0\rest-assured-5.3.0.jar;C:\Users\ASUS\.m2\repository\org\apache\httpcomponents\httpmime\4.5.13\httpmime-4.5.13.jar;C:\Users\ASUS\.m2\repository\org\ccil\cowan\tagsoup\tagsoup\1.2.1\tagsoup-1.2.1.jar;C:\Users\ASUS\.m2\repository\io\rest-assured\json-path\5.3.0\json-path-5.3.0.jar;C:\Users\ASUS\.m2\repository\io\rest-assured\rest-assured-common\5.3.0\rest-assured-common-5.3.0.jar;C:\Users\ASUS\.m2\repository\io\rest-assured\xml-path\5.3.0\xml-path-5.3.0.jar;C:\Users\ASUS\.m2\repository\org\apache\groovy\groovy-json\4.0.10\groovy-json-4.0.10.jar;C:\Users\ASUS\.m2\repository\org\apache\groovy\groovy-xml\4.0.10\groovy-xml-4.0.10.jar;C:\Users\ASUS\.m2\repository\org\apache\groovy\groovy\4.0.10\groovy-4.0.10.jar;C:\Users\ASUS\.m2\repository\org\opentest4j\opentest4j\1.2.0\opentest4j-1.2.0.jar;C:\Users\ASUS\.m2\repository\net\serenity-bdd\serenity-core\3.6.21\serenity-core-3.6.21.jar;C:\Users\ASUS\.m2\repository\net\serenity-bdd\serenity-model\3.6.21\serenity-model-3.6.21.jar;C:\Users\ASUS\.m2\repository\org\apache\commons\commons-text\1.10.0\commons-text-1.10.0.jar;C:\Users\ASUS\.m2\repository\commons-net\commons-net\3.9.0\commons-net-3.9.0.jar;C:\Users\ASUS\.m2\repository\com\google\guava\guava\31.1-jre\guava-31.1-jre.jar;C:\Users\ASUS\.m2\repository\com\google\guava\failureaccess\1.0.1\failureaccess-1.0.1.jar;C:\Users\ASUS\.m2\repository\com\google\guava\listenablefuture\9999.0-empty-to-avoid-conflict-with-guava\listenablefuture-9999.0-empty-to-avoid-conflict-with-guava.jar;C:\Users\ASUS\.m2\repository\com\google\code\findbugs\jsr305\3.0.2\jsr305-3.0.2.jar;C:\Users\ASUS\.m2\repository\org\checkerframework\checker-qual\3.12.0\checker-qual-3.12.0.jar;C:\Users\ASUS\.m2\repository\com\google\errorprone\error_prone_annotations\2.11.0\error_prone_annotations-2.11.0.jar;C:\Users\ASUS\.m2\repository\com\google\j2objc\j2objc-annotations\1.3\j2objc-annotations-1.3.jar;C:\Users\ASUS\.m2\repository\com\google\inject\guice\5.1.0\guice-5.1.0.jar;C:\Users\ASUS\.m2\repository\javax\inject\javax.inject\1\javax.inject-1.jar;C:\Users\ASUS\.m2\repository\aopalliance\aopalliance\1.0\aopalliance-1.0.jar;C:\Users\ASUS\.m2\repository\org\jsoup\jsoup\1.14.3\jsoup-1.14.3.jar;C:\Users\ASUS\.m2\repository\com\thoughtworks\xstream\xstream\1.4.20\xstream-1.4.20.jar;C:\Users\ASUS\.m2\repository\io\github\x-stream\mxparser\1.2.2\mxparser-1.2.2.jar;C:\Users\ASUS\.m2\repository\xmlpull\xmlpull\1.1.3.1\xmlpull-1.1.3.1.jar;C:\Users\ASUS\.m2\repository\com\typesafe\config\1.4.2\config-1.4.2.jar;C:\Users\ASUS\.m2\repository\org\imgscalr\imgscalr-lib\4.2\imgscalr-lib-4.2.jar;C:\Users\ASUS\.m2\repository\org\awaitility\awaitility\4.2.0\awaitility-4.2.0.jar;C:\Users\ASUS\.m2\repository\org\freemarker\freemarker\2.3.31\freemarker-2.3.31.jar;C:\Users\ASUS\.m2\repository\io\github\classgraph\classgraph\4.8.138\classgraph-4.8.138.jar;C:\Users\ASUS\.m2\repository\net\sourceforge\jexcelapi\jxl\2.6.12\jxl-2.6.12.jar;C:\Users\ASUS\.m2\repository\net\bytebuddy\byte-buddy-agent\1.14.2\byte-buddy-agent-1.14.2.jar;C:\Users\ASUS\.m2\repository\org\objenesis\objenesis\3.3\objenesis-3.3.jar;C:\Users\ASUS\.m2\repository\net\serenity-bdd\serenity-reports\3.6.21\serenity-reports-3.6.21.jar;C:\Users\ASUS\.m2\repository\net\serenity-bdd\serenity-stats\3.6.21\serenity-stats-3.6.21.jar;C:\Users\ASUS\.m2\repository\net\serenity-bdd\serenity-reports-configuration\3.6.21\serenity-reports-configuration-3.6.21.jar;C:\Users\ASUS\.m2\repository\com\vladsch\flexmark\flexmark-all\0.62.2\flexmark-all-0.62.2.jar;C:\Users\ASUS\.m2\repository\com\vladsch\flexmark\flexmark\0.62.2\flexmark-0.62.2.jar;C:\Users\ASUS\.m2\repository\com\vladsch\flexmark\flexmark-ext-abbreviation\0.62.2\flexmark-ext-abbreviation-0.62.2.jar;C:\Users\ASUS\.m2\repository\com\vladsch\flexmark\flexmark-util\0.62.2\flexmark-util-0.62.2.jar;C:\Users\ASUS\.m2\repository\com\vladsch\flexmark\flexmark-ext-admonition\0.62.2\flexmark-ext-admonition-0.62.2.jar;C:\Users\ASUS\.m2\repository\com\vladsch\flexmark\flexmark-ext-anchorlink\0.62.2\flexmark-ext-anchorlink-0.62.2.jar;C:\Users\ASUS\.m2\repository\com\vladsch\flexmark\flexmark-ext-aside\0.62.2\flexmark-ext-aside-0.62.2.jar;C:\Users\ASUS\.m2\repository\com\vladsch\flexmark\flexmark-ext-attributes\0.62.2\flexmark-ext-attributes-0.62.2.jar;C:\Users\ASUS\.m2\repository\com\vladsch\flexmark\flexmark-ext-autolink\0.62.2\flexmark-ext-autolink-0.62.2.jar;C:\Users\ASUS\.m2\repository\org\nibor\autolink\autolink\0.6.0\autolink-0.6.0.jar;C:\Users\ASUS\.m2\repository\com\vladsch\flexmark\flexmark-ext-definition\0.62.2\flexmark-ext-definition-0.62.2.jar;C:\Users\ASUS\.m2\repository\com\vladsch\flexmark\flexmark-ext-emoji\0.62.2\flexmark-ext-emoji-0.62.2.jar;C:\Users\ASUS\.m2\repository\com\vladsch\flexmark\flexmark-ext-enumerated-reference\0.62.2\flexmark-ext-enumerated-reference-0.62.2.jar;C:\Users\ASUS\.m2\repository\com\vladsch\flexmark\flexmark-ext-escaped-character\0.62.2\flexmark-ext-escaped-character-0.62.2.jar;C:\Users\ASUS\.m2\repository\com\vladsch\flexmark\flexmark-ext-footnotes\0.62.2\flexmark-ext-footnotes-0.62.2.jar;C:\Users\ASUS\.m2\repository\com\vladsch\flexmark\flexmark-ext-gfm-issues\0.62.2\flexmark-ext-gfm-issues-0.62.2.jar;C:\Users\ASUS\.m2\repository\com\vladsch\flexmark\flexmark-ext-gfm-strikethrough\0.62.2\flexmark-ext-gfm-strikethrough-0.62.2.jar;C:\Users\ASUS\.m2\repository\com\vladsch\flexmark\flexmark-ext-gfm-tasklist\0.62.2\flexmark-ext-gfm-tasklist-0.62.2.jar;C:\Users\ASUS\.m2\repository\com\vladsch\flexmark\flexmark-ext-gfm-users\0.62.2\flexmark-ext-gfm-users-0.62.2.jar;C:\Users\ASUS\.m2\repository\com\vladsch\flexmark\flexmark-ext-gitlab\0.62.2\flexmark-ext-gitlab-0.62.2.jar;C:\Users\ASUS\.m2\repository\com\vladsch\flexmark\flexmark-ext-jekyll-front-matter\0.62.2\flexmark-ext-jekyll-front-matter-0.62.2.jar;C:\Users\ASUS\.m2\repository\com\vladsch\flexmark\flexmark-ext-jekyll-tag\0.62.2\flexmark-ext-jekyll-tag-0.62.2.jar;C:\Users\ASUS\.m2\repository\com\vladsch\flexmark\flexmark-ext-media-tags\0.62.2\flexmark-ext-media-tags-0.62.2.jar;C:\Users\ASUS\.m2\repository\com\vladsch\flexmark\flexmark-ext-macros\0.62.2\flexmark-ext-macros-0.62.2.jar;C:\Users\ASUS\.m2\repository\com\vladsch\flexmark\flexmark-ext-ins\0.62.2\flexmark-ext-ins-0.62.2.jar;C:\Users\ASUS\.m2\repository\com\vladsch\flexmark\flexmark-ext-xwiki-macros\0.62.2\flexmark-ext-xwiki-macros-0.62.2.jar;C:\Users\ASUS\.m2\repository\com\vladsch\flexmark\flexmark-ext-superscript\0.62.2\flexmark-ext-superscript-0.62.2.jar;C:\Users\ASUS\.m2\repository\com\vladsch\flexmark\flexmark-ext-tables\0.62.2\flexmark-ext-tables-0.62.2.jar;C:\Users\ASUS\.m2\repository\com\vladsch\flexmark\flexmark-ext-toc\0.62.2\flexmark-ext-toc-0.62.2.jar;C:\Users\ASUS\.m2\repository\com\vladsch\flexmark\flexmark-ext-typographic\0.62.2\flexmark-ext-typographic-0.62.2.jar;C:\Users\ASUS\.m2\repository\com\vladsch\flexmark\flexmark-ext-wikilink\0.62.2\flexmark-ext-wikilink-0.62.2.jar;C:\Users\ASUS\.m2\repository\com\vladsch\flexmark\flexmark-ext-yaml-front-matter\0.62.2\flexmark-ext-yaml-front-matter-0.62.2.jar;C:\Users\ASUS\.m2\repository\com\vladsch\flexmark\flexmark-ext-youtube-embedded\0.62.2\flexmark-ext-youtube-embedded-0.62.2.jar;C:\Users\ASUS\.m2\repository\com\vladsch\flexmark\flexmark-html2md-converter\0.62.2\flexmark-html2md-converter-0.62.2.jar;C:\Users\ASUS\.m2\repository\com\vladsch\flexmark\flexmark-jira-converter\0.62.2\flexmark-jira-converter-0.62.2.jar;C:\Users\ASUS\.m2\repository\com\vladsch\flexmark\flexmark-pdf-converter\0.62.2\flexmark-pdf-converter-0.62.2.jar;C:\Users\ASUS\.m2\repository\com\openhtmltopdf\openhtmltopdf-core\1.0.0\openhtmltopdf-core-1.0.0.jar;C:\Users\ASUS\.m2\repository\com\openhtmltopdf\openhtmltopdf-pdfbox\1.0.0\openhtmltopdf-pdfbox-1.0.0.jar;C:\Users\ASUS\.m2\repository\org\apache\pdfbox\pdfbox\2.0.16\pdfbox-2.0.16.jar;C:\Users\ASUS\.m2\repository\org\apache\pdfbox\fontbox\2.0.16\fontbox-2.0.16.jar;C:\Users\ASUS\.m2\repository\org\apache\pdfbox\xmpbox\2.0.16\xmpbox-2.0.16.jar;C:\Users\ASUS\.m2\repository\de\rototor\pdfbox\graphics2d\0.24\graphics2d-0.24.jar;C:\Users\ASUS\.m2\repository\com\openhtmltopdf\openhtmltopdf-rtl-support\1.0.0\openhtmltopdf-rtl-support-1.0.0.jar;C:\Users\ASUS\.m2\repository\com\openhtmltopdf\openhtmltopdf-jsoup-dom-converter\1.0.0\openhtmltopdf-jsoup-dom-converter-1.0.0.jar;C:\Users\ASUS\.m2\repository\com\vladsch\flexmark\flexmark-profile-pegdown\0.62.2\flexmark-profile-pegdown-0.62.2.jar;C:\Users\ASUS\.m2\repository\com\vladsch\flexmark\flexmark-util-ast\0.62.2\flexmark-util-ast-0.62.2.jar;C:\Users\ASUS\.m2\repository\com\vladsch\flexmark\flexmark-util-builder\0.62.2\flexmark-util-builder-0.62.2.jar;C:\Users\ASUS\.m2\repository\com\vladsch\flexmark\flexmark-util-collection\0.62.2\flexmark-util-collection-0.62.2.jar;C:\Users\ASUS\.m2\repository\com\vladsch\flexmark\flexmark-util-data\0.62.2\flexmark-util-data-0.62.2.jar;C:\Users\ASUS\.m2\repository\com\vladsch\flexmark\flexmark-util-dependency\0.62.2\flexmark-util-dependency-0.62.2.jar;C:\Users\ASUS\.m2\repository\com\vladsch\flexmark\flexmark-util-format\0.62.2\flexmark-util-format-0.62.2.jar;C:\Users\ASUS\.m2\repository\com\vladsch\flexmark\flexmark-util-html\0.62.2\flexmark-util-html-0.62.2.jar;C:\Users\ASUS\.m2\repository\com\vladsch\flexmark\flexmark-util-misc\0.62.2\flexmark-util-misc-0.62.2.jar;C:\Users\ASUS\.m2\repository\com\vladsch\flexmark\flexmark-util-options\0.62.2\flexmark-util-options-0.62.2.jar;C:\Users\ASUS\.m2\repository\com\vladsch\flexmark\flexmark-util-sequence\0.62.2\flexmark-util-sequence-0.62.2.jar;C:\Users\ASUS\.m2\repository\com\vladsch\flexmark\flexmark-util-visitor\0.62.2\flexmark-util-visitor-0.62.2.jar;C:\Users\ASUS\.m2\repository\com\vladsch\flexmark\flexmark-youtrack-converter\0.62.2\flexmark-youtrack-converter-0.62.2.jar;C:\Users\ASUS\.m2\repository\com\ibm\icu\icu4j\72.1\icu4j-72.1.jar;C:\Users\ASUS\.m2\repository\es\nitaur\markdown\txtmark\0.16\txtmark-0.16.jar;C:\Users\ASUS\.m2\repository\net\serenity-bdd\serenity-report-resources\3.6.21\serenity-report-resources-3.6.21.jar;C:\Users\ASUS\.m2\repository\com\google\code\gson\gson\2.10.1\gson-2.10.1.jar;C:\Users\ASUS\.m2\repository\com\fasterxml\jackson\core\jackson-core\2.15.0-rc1\jackson-core-2.15.0-rc1.jar;C:\Users\ASUS\.m2\repository\com\fasterxml\jackson\core\jackson-databind\2.15.0-rc1\jackson-databind-2.15.0-rc1.jar;C:\Users\ASUS\.m2\repository\com\fasterxml\jackson\core\jackson-annotations\2.15.0-rc1\jackson-annotations-2.15.0-rc1.jar;C:\Users\ASUS\.m2\repository\commons-codec\commons-codec\1.15\commons-codec-1.15.jar;C:\Users\ASUS\.m2\repository\commons-io\commons-io\2.11.0\commons-io-2.11.0.jar;C:\Users\ASUS\.m2\repository\org\seleniumhq\selenium\selenium-java\4.8.1\selenium-java-4.8.1.jar;C:\Users\ASUS\.m2\repository\org\seleniumhq\selenium\selenium-devtools-v108\4.8.1\selenium-devtools-v108-4.8.1.jar;C:\Users\ASUS\.m2\repository\org\seleniumhq\selenium\selenium-devtools-v109\4.8.1\selenium-devtools-v109-4.8.1.jar;C:\Users\ASUS\.m2\repository\org\seleniumhq\selenium\selenium-devtools-v110\4.8.1\selenium-devtools-v110-4.8.1.jar;C:\Users\ASUS\.m2\repository\org\seleniumhq\selenium\selenium-devtools-v85\4.8.1\selenium-devtools-v85-4.8.1.jar;C:\Users\ASUS\.m2\repository\org\seleniumhq\selenium\selenium-remote-driver\4.8.1\selenium-remote-driver-4.8.1.jar;C:\Users\ASUS\.m2\repository\com\beust\jcommander\1.82\jcommander-1.82.jar;C:\Users\ASUS\.m2\repository\io\netty\netty-buffer\4.1.87.Final\netty-buffer-4.1.87.Final.jar;C:\Users\ASUS\.m2\repository\io\netty\netty-codec-http\4.1.87.Final\netty-codec-http-4.1.87.Final.jar;C:\Users\ASUS\.m2\repository\io\netty\netty-codec\4.1.87.Final\netty-codec-4.1.87.Final.jar;C:\Users\ASUS\.m2\repository\io\netty\netty-handler\4.1.87.Final\netty-handler-4.1.87.Final.jar;C:\Users\ASUS\.m2\repository\io\netty\netty-common\4.1.87.Final\netty-common-4.1.87.Final.jar;C:\Users\ASUS\.m2\repository\io\netty\netty-transport-classes-epoll\4.1.87.Final\netty-transport-classes-epoll-4.1.87.Final.jar;C:\Users\ASUS\.m2\repository\io\netty\netty-transport-classes-kqueue\4.1.87.Final\netty-transport-classes-kqueue-4.1.87.Final.jar;C:\Users\ASUS\.m2\repository\io\netty\netty-transport-native-epoll\4.1.87.Final\netty-transport-native-epoll-4.1.87.Final.jar;C:\Users\ASUS\.m2\repository\io\netty\netty-transport-native-kqueue\4.1.87.Final\netty-transport-native-kqueue-4.1.87.Final.jar;C:\Users\ASUS\.m2\repository\io\netty\netty-transport-native-unix-common\4.1.87.Final\netty-transport-native-unix-common-4.1.87.Final.jar;C:\Users\ASUS\.m2\repository\io\netty\netty-transport\4.1.87.Final\netty-transport-4.1.87.Final.jar;C:\Users\ASUS\.m2\repository\io\netty\netty-resolver\4.1.87.Final\netty-resolver-4.1.87.Final.jar;C:\Users\ASUS\.m2\repository\io\opentelemetry\opentelemetry-api\1.22.0\opentelemetry-api-1.22.0.jar;C:\Users\ASUS\.m2\repository\io\opentelemetry\opentelemetry-context\1.22.0\opentelemetry-context-1.22.0.jar;C:\Users\ASUS\.m2\repository\io\opentelemetry\opentelemetry-exporter-logging\1.22.0\opentelemetry-exporter-logging-1.22.0.jar;C:\Users\ASUS\.m2\repository\io\opentelemetry\opentelemetry-sdk-metrics\1.22.0\opentelemetry-sdk-metrics-1.22.0.jar;C:\Users\ASUS\.m2\repository\io\opentelemetry\opentelemetry-sdk-logs\1.22.0-alpha\opentelemetry-sdk-logs-1.22.0-alpha.jar;C:\Users\ASUS\.m2\repository\io\opentelemetry\opentelemetry-api-logs\1.22.0-alpha\opentelemetry-api-logs-1.22.0-alpha.jar;C:\Users\ASUS\.m2\repository\io\opentelemetry\opentelemetry-sdk-common\1.22.0\opentelemetry-sdk-common-1.22.0.jar;C:\Users\ASUS\.m2\repository\io\opentelemetry\opentelemetry-sdk-extension-autoconfigure-spi\1.22.0\opentelemetry-sdk-extension-autoconfigure-spi-1.22.0.jar;C:\Users\ASUS\.m2\repository\io\opentelemetry\opentelemetry-sdk-extension-autoconfigure\1.22.0-alpha\opentelemetry-sdk-extension-autoconfigure-1.22.0-alpha.jar;C:\Users\ASUS\.m2\repository\io\opentelemetry\opentelemetry-sdk-trace\1.22.0\opentelemetry-sdk-trace-1.22.0.jar;C:\Users\ASUS\.m2\repository\io\opentelemetry\opentelemetry-sdk\1.22.0\opentelemetry-sdk-1.22.0.jar;C:\Users\ASUS\.m2\repository\io\opentelemetry\opentelemetry-semconv\1.22.0-alpha\opentelemetry-semconv-1.22.0-alpha.jar;C:\Users\ASUS\.m2\repository\io\ous\jtoml\2.0.0\jtoml-2.0.0.jar;C:\Users\ASUS\.m2\repository\org\apache\commons\commons-exec\1.3\commons-exec-1.3.jar;C:\Users\ASUS\.m2\repository\org\asynchttpclient\async-http-client\2.12.3\async-http-client-2.12.3.jar;C:\Users\ASUS\.m2\repository\org\asynchttpclient\async-http-client-netty-utils\2.12.3\async-http-client-netty-utils-2.12.3.jar;C:\Users\ASUS\.m2\repository\io\netty\netty-codec-socks\4.1.60.Final\netty-codec-socks-4.1.60.Final.jar;C:\Users\ASUS\.m2\repository\io\netty\netty-handler-proxy\4.1.60.Final\netty-handler-proxy-4.1.60.Final.jar;C:\Users\ASUS\.m2\repository\io\netty\netty-transport-native-epoll\4.1.60.Final\netty-transport-native-epoll-4.1.60.Final-linux-x86_64.jar;C:\Users\ASUS\.m2\repository\io\netty\netty-transport-native-kqueue\4.1.60.Final\netty-transport-native-kqueue-4.1.60.Final-osx-x86_64.jar;C:\Users\ASUS\.m2\repository\org\reactivestreams\reactive-streams\1.0.3\reactive-streams-1.0.3.jar;C:\Users\ASUS\.m2\repository\com\typesafe\netty\netty-reactive-streams\2.0.4\netty-reactive-streams-2.0.4.jar;C:\Users\ASUS\.m2\repository\org\seleniumhq\selenium\selenium-manager\4.8.1\selenium-manager-4.8.1.jar;C:\Users\ASUS\.m2\repository\org\seleniumhq\selenium\selenium-safari-driver\4.8.1\selenium-safari-driver-4.8.1.jar;C:\Users\ASUS\.m2\repository\org\seleniumhq\selenium\selenium-api\4.8.1\selenium-api-4.8.1.jar;C:\Users\ASUS\.m2\repository\org\seleniumhq\selenium\selenium-support\4.8.1\selenium-support-4.8.1.jar;C:\Users\ASUS\.m2\repository\com\google\auto\service\auto-service-annotations\1.0.1\auto-service-annotations-1.0.1.jar;C:\Users\ASUS\.m2\repository\com\google\auto\service\auto-service\1.0.1\auto-service-1.0.1.jar;C:\Users\ASUS\.m2\repository\com\google\auto\auto-common\1.2\auto-common-1.2.jar;C:\Users\ASUS\.m2\repository\org\seleniumhq\selenium\selenium-json\4.8.1\selenium-json-4.8.1.jar;C:\Users\ASUS\.m2\repository\org\seleniumhq\selenium\selenium-chrome-driver\4.8.1\selenium-chrome-driver-4.8.1.jar;C:\Users\ASUS\.m2\repository\org\seleniumhq\selenium\selenium-chromium-driver\4.8.1\selenium-chromium-driver-4.8.1.jar;C:\Users\ASUS\.m2\repository\org\seleniumhq\selenium\selenium-firefox-driver\4.8.1\selenium-firefox-driver-4.8.1.jar;C:\Users\ASUS\.m2\repository\org\seleniumhq\selenium\selenium-http\4.8.1\selenium-http-4.8.1.jar;C:\Users\ASUS\.m2\repository\dev\failsafe\failsafe\3.3.0\failsafe-3.3.0.jar;C:\Users\ASUS\.m2\repository\org\seleniumhq\selenium\selenium-edge-driver\4.8.1\selenium-edge-driver-4.8.1.jar;C:\Users\ASUS\.m2\repository\org\seleniumhq\selenium\selenium-ie-driver\4.8.1\selenium-ie-driver-4.8.1.jar;C:\Users\ASUS\.m2\repository\org\projectlombok\lombok\1.18.20\lombok-1.18.20.jar;C:\Users\ASUS\.m2\repository\io\appium\java-client\8.3.0\java-client-8.3.0.jar;C:\Users\ASUS\.m2\repository\commons-validator\commons-validator\1.7\commons-validator-1.7.jar;C:\Users\ASUS\.m2\repository\commons-digester\commons-digester\2.1\commons-digester-2.1.jar;C:\Users\ASUS\.m2\repository\net\sf\opencsv\opencsv\2.0\opencsv-2.0.jar;C:\Users\ASUS\.m2\repository\commons-beanutils\commons-beanutils\1.9.4\commons-beanutils-1.9.4.jar;C:\Users\ASUS\.m2\repository\org\apache\commons\commons-lang3\3.12.0\commons-lang3-3.12.0.jar;C:\Users\ASUS\.m2\repository\commons-collections\commons-collections\3.2.2\commons-collections-3.2.2.jar;C:\Users\ASUS\.m2\repository\org\fluentlenium\fluentlenium-core\0.10.2\fluentlenium-core-0.10.2.jar;C:\Users\ASUS\.m2\repository\io\github\bonigarcia\webdrivermanager\5.3.0\webdrivermanager-5.3.0.jar;C:\Users\ASUS\.m2\repository\com\github\docker-java\docker-java\3.2.13\docker-java-3.2.13.jar;C:\Users\ASUS\.m2\repository\com\github\docker-java\docker-java-core\3.2.13\docker-java-core-3.2.13.jar;C:\Users\ASUS\.m2\repository\com\github\docker-java\docker-java-api\3.2.13\docker-java-api-3.2.13.jar;C:\Users\ASUS\.m2\repository\org\apache\commons\commons-compress\1.21\commons-compress-1.21.jar;C:\Users\ASUS\.m2\repository\org\bouncycastle\bcpkix-jdk15on\1.64\bcpkix-jdk15on-1.64.jar;C:\Users\ASUS\.m2\repository\org\bouncycastle\bcprov-jdk15on\1.64\bcprov-jdk15on-1.64.jar;C:\Users\ASUS\.m2\repository\org\slf4j\jcl-over-slf4j\1.7.30\jcl-over-slf4j-1.7.30.jar;C:\Users\ASUS\.m2\repository\com\github\docker-java\docker-java-transport-httpclient5\3.2.13\docker-java-transport-httpclient5-3.2.13.jar;C:\Users\ASUS\.m2\repository\com\github\docker-java\docker-java-transport\3.2.13\docker-java-transport-3.2.13.jar;C:\Users\ASUS\.m2\repository\net\java\dev\jna\jna\5.8.0\jna-5.8.0.jar;C:\Users\ASUS\.m2\repository\org\brotli\dec\0.1.2\dec-0.1.2.jar;C:\Users\ASUS\.m2\repository\org\apache\httpcomponents\client5\httpclient5\5.1.3\httpclient5-5.1.3.jar;C:\Users\ASUS\.m2\repository\org\apache\httpcomponents\core5\httpcore5\5.1.3\httpcore5-5.1.3.jar;C:\Users\ASUS\.m2\repository\org\apache\httpcomponents\core5\httpcore5-h2\5.1.3\httpcore5-h2-5.1.3.jar;C:\Users\ASUS\.m2\repository\com\jhlabs\filters\2.0.235\filters-2.0.235.jar;C:\Users\ASUS\.m2\repository\com\paulhammant\ngwebdriver\1.1.6\ngwebdriver-1.1.6.jar;C:\Users\ASUS\.m2\repository\joda-time\joda-time\2.12.2\joda-time-2.12.2.jar;C:\Users\ASUS\.m2\repository\org\hamcrest\hamcrest\2.2\hamcrest-2.2.jar;C:\Users\ASUS\.m2\repository\com\google\jimfs\jimfs\1.2\jimfs-1.2.jar;C:\Users\ASUS\.m2\repository\org\mockito\mockito-core\3.3.3\mockito-core-3.3.3.jar;C:\Users\ASUS\.m2\repository\javax\xml\bind\jaxb-api\2.3.1\jaxb-api-2.3.1.jar;C:\Users\ASUS\.m2\repository\javax\activation\javax.activation-api\1.2.0\javax.activation-api-1.2.0.jar;C:\Users\ASUS\.m2\repository\com\sun\xml\bind\jaxb-core\2.3.0.1\jaxb-core-2.3.0.1.jar;C:\Users\ASUS\.m2\repository\com\sun\xml\bind\jaxb-impl\2.3.3\jaxb-impl-2.3.3.jar;C:\Users\ASUS\.m2\repository\jakarta\xml\bind\jakarta.xml.bind-api\2.3.3\jakarta.xml.bind-api-2.3.3.jar;C:\Users\ASUS\.m2\repository\com\sun\activation\jakarta.activation\1.2.2\jakarta.activation-1.2.2.jar;C:\Users\ASUS\.m2\repository\javax\activation\activation\1.1.1\activation-1.1.1.jar;C:\Users\ASUS\.m2\repository\com\github\javafaker\javafaker\1.0.2\javafaker-1.0.2.jar;C:\Users\ASUS\.m2\repository\org\yaml\snakeyaml\1.23\snakeyaml-1.23-android.jar;C:\Users\ASUS\.m2\repository\com\github\mifmif\generex\1.0.2\generex-1.0.2.jar;C:\Users\ASUS\.m2\repository\dk\brics\automaton\automaton\1.11-8\automaton-1.11-8.jar;C:\Users\ASUS\.m2\repository\net\serenity-bdd\serenity-cucumber\3.6.21\serenity-cucumber-3.6.21.jar;C:\Users\ASUS\.m2\repository\io\cucumber\cucumber-core\7.11.0\cucumber-core-7.11.0.jar;C:\Users\ASUS\.m2\repository\io\cucumber\cucumber-gherkin\7.11.0\cucumber-gherkin-7.11.0.jar;C:\Users\ASUS\.m2\repository\io\cucumber\cucumber-gherkin-messages\7.11.0\cucumber-gherkin-messages-7.11.0.jar;C:\Users\ASUS\.m2\repository\io\cucumber\gherkin\26.0.3\gherkin-26.0.3.jar;C:\Users\ASUS\.m2\repository\io\cucumber\messages\21.0.1\messages-21.0.1.jar;C:\Users\ASUS\.m2\repository\io\cucumber\tag-expressions\5.0.1\tag-expressions-5.0.1.jar;C:\Users\ASUS\.m2\repository\io\cucumber\cucumber-expressions\16.1.1\cucumber-expressions-16.1.1.jar;C:\Users\ASUS\.m2\repository\io\cucumber\datatable\7.11.0\datatable-7.11.0.jar;C:\Users\ASUS\.m2\repository\io\cucumber\cucumber-plugin\7.11.0\cucumber-plugin-7.11.0.jar;C:\Users\ASUS\.m2\repository\io\cucumber\docstring\7.11.0\docstring-7.11.0.jar;C:\Users\ASUS\.m2\repository\io\cucumber\html-formatter\20.2.1\html-formatter-20.2.1.jar;C:\Users\ASUS\.m2\repository\io\cucumber\junit-xml-formatter\0.1.0\junit-xml-formatter-0.1.0.jar;C:\Users\ASUS\.m2\repository\io\cucumber\ci-environment\9.1.0\ci-environment-9.1.0.jar;C:\Users\ASUS\.m2\repository\io\cucumber\cucumber-java\7.11.0\cucumber-java-7.11.0.jar;C:\Users\ASUS\.m2\repository\io\cucumber\cucumber-junit\7.11.0\cucumber-junit-7.11.0.jar;C:\Users\ASUS\.m2\repository\org\apache\commons\commons-csv\1.5\commons-csv-1.5.jar;C:\Users\ASUS\.m2\repository\net\serenity-bdd\serenity-screenplay\3.6.21\serenity-screenplay-3.6.21.jar;C:\Users\ASUS\.m2\repository\net\serenity-bdd\serenity-screenplay-webdriver\3.6.21\serenity-screenplay-webdriver-3.6.21.jar;C:\Users\ASUS\.m2\repository\net\serenity-bdd\serenity-ensure\3.6.21\serenity-ensure-3.6.21.jar;C:\Users\ASUS\.m2\repository\net\serenity-bdd\serenity-junit\3.6.21\serenity-junit-3.6.21.jar;C:\Users\ASUS\.m2\repository\org\jetbrains\kotlin\kotlin-stdlib\1.8.10\kotlin-stdlib-1.8.10.jar;C:\Users\ASUS\.m2\repository\org\jetbrains\kotlin\kotlin-stdlib-common\1.8.10\kotlin-stdlib-common-1.8.10.jar;C:\Users\ASUS\.m2\repository\org\jetbrains\annotations\13.0\annotations-13.0.jar;C:\Users\ASUS\.m2\repository\org\junit\platform\junit-platform-launcher\1.9.2\junit-platform-launcher-1.9.2.jar;C:\Users\ASUS\.m2\repository\org\junit\platform\junit-platform-engine\1.9.2\junit-platform-engine-1.9.2.jar;C:\Users\ASUS\.m2\repository\org\junit\platform\junit-platform-commons\1.9.2\junit-platform-commons-1.9.2.jar;C:\Users\ASUS\.m2\repository\org\apiguardian\apiguardian-api\1.1.2\apiguardian-api-1.1.2.jar;C:\Users\ASUS\.m2\repository\org\junit\jupiter\junit-jupiter-engine\5.9.2\junit-jupiter-engine-5.9.2.jar;C:\Users\ASUS\.m2\repository\org\junit\jupiter\junit-jupiter-api\5.9.2\junit-jupiter-api-5.9.2.jar;C:\Users\ASUS\.m2\repository\org\junit\vintage\junit-vintage-engine\5.9.2\junit-vintage-engine-5.9.2.jar;C:\Users\ASUS\.m2\repository\junit\junit\4.13.2\junit-4.13.2.jar;C:\Users\ASUS\.m2\repository\org\hamcrest\hamcrest-core\1.3\hamcrest-core-1.3.jar;C:\Users\ASUS\.m2\repository\ch\qos\logback\logback-classic\1.4.6\logback-classic-1.4.6.jar;C:\Users\ASUS\.m2\repository\ch\qos\logback\logback-core\1.4.6\logback-core-1.4.6.jar;C:\Users\ASUS\.m2\repository\org\slf4j\slf4j-api\2.0.4\slf4j-api-2.0.4.jar;C:\Users\ASUS\.m2\repository\org\assertj\assertj-core\3.24.2\assertj-core-3.24.2.jar;C:\Users\ASUS\.m2\repository\net\bytebuddy\byte-buddy\1.12.21\byte-buddy-1.12.21.jar;C:\Users\ASUS\.m2\repository\org\apache\maven\surefire\surefire-junit-platform\3.0.0-M5\surefire-junit-platform-3.0.0-M5.jar;C:\Users\ASUS\.m2\repository\org\apache\maven\surefire\common-java5\3.0.0-M5\common-java5-3.0.0-M5.jar"/>
    <property name="user.script" value=""/>
    <property name="sun.management.compiler" value="HotSpot 64-Bit Tiered Compilers"/>
    <property name="java.runtime.version" value="20+36-2344"/>
    <property name="user.name" value="ASUS"/>
    <property name="stdout.encoding" value="Cp1252"/>
    <property name="path.separator" value=";"/>
    <property name="os.version" value="10.0"/>
    <property name="java.runtime.name" value="Java(TM) SE Runtime Environment"/>
    <property name="file.encoding" value="UTF-8"/>
    <property name="java.vm.name" value="Java HotSpot(TM) 64-Bit Server VM"/>
    <property name="localRepository" value="C:\Users\ASUS\.m2\repository"/>
    <property name="java.vendor.url.bug" value="https://bugreport.java.com/bugreport/"/>
    <property name="java.io.tmpdir" value="C:\Users\ASUS\AppData\Local\Temp\"/>
    <property name="java.version" value="20"/>
    <property name="user.dir" value="D:\Intelij\RESTfulAPI AltaShop Elisa"/>
    <property name="os.arch" value="amd64"/>
    <property name="java.vm.specification.name" value="Java Virtual Machine Specification"/>
    <property name="sun.os.patch.level" value=""/>
    <property name="native.encoding" value="Cp1252"/>
    <property name="java.library.path" value="C:\Program Files\Java\jdk-20\bin;C:\Windows\Sun\Java\bin;C:\Windows\system32;C:\Windows;C:\Program Files\Common Files\Oracle\Java\javapath;C:\Program Files (x86)\Common Files\Oracle\Java\javapath;C:\Python311\Scripts\;C:\Python311\;C:\Program Files (x86)\Common Files\Intel\Shared Files\fortran\bin\Intel64;C:\Program Files (x86)\Common Files\Intel\Shared Libraries\redist\intel64_win\mpirt;C:\Program Files (x86)\Common Files\Intel\Shared Libraries\redist\intel64_win\compiler;C:\Windows\system32;C:\Windows;C:\Windows\System32\Wbem;C:\Windows\System32\WindowsPowerShell\v1.0\;C:\Windows\System32\OpenSSH\;C:\Program Files\Microsoft SQL Server\110\Tools\Binn\;C:\Program Files\Microsoft SQL Server\Client SDK\ODBC\110\Tools\Binn\;C:\Program Files (x86)\Microsoft SQL Server\120\Tools\Binn\;C:\Program Files\Microsoft SQL Server\120\Tools\Binn\;C:\Program Files\Microsoft SQL Server\120\DTS\Binn\;C:\Program Files (x86)\Windows Kits\8.1\Windows Performance Toolkit\;C:\Program Files\Git\cmd;C:\Program Files\apache-maven-3.9.1\bin;C:\Program Files\WebDriver;C:\Program Files\nodejs\;C:\Program Files\Java\jre-1.8\bin;C:\Users\ASUS\AppData\Local\Android\Sdk\cmdline-tools\latest\bin;C:\Users\ASUS\AppData\Local\Android\Sdk\build-tools;C:\Users\ASUS\AppData\Local\Android\Sdk\platform-tools;C:\Users\ASUS\AppData\Local\Android\Sdk\platforms;C:\Users\ASUS\AppData\Local\Android\Sdk;C:\Program Files\Java\jdk-20\bin;C:\Users\ASUS\AppData\Local\Microsoft\WindowsApps;C:\Users\ASUS\AppData\Local\atom\bin;C:\Users\ASUS\AppData\Local\GitHubDesktop\bin;C:\Program Files\JetBrains\IntelliJ IDEA Community Edition 2022.3.2\bin;;C:\Users\ASUS\AppData\Roaming\npm;."/>
    <property name="java.vm.info" value="mixed mode"/>
    <property name="stderr.encoding" value="Cp1252"/>
    <property name="java.vendor" value="Oracle Corporation"/>
    <property name="java.vm.version" value="20+36-2344"/>
    <property name="sun.io.unicode.encoding" value="UnicodeLittle"/>
    <property name="java.class.version" value="64.0"/>
  </properties>
  <testcase name="GET HELLO  want to test hello index page" classname="As user I want to test index page hello" time="10.073">
    <system-out><![CDATA[09:50:54.286 [main] DEBUG net.thucydides.core.guice.Injectors -- Created injector for module net.thucydides.core.guice.ThucydidesModule
09:50:54.760 [main] DEBUG io.cucumber.core.plugin.SerenityReporter -- Running feature from file:///D:/Intelij/RESTfulAPI%20AltaShop%20Elisa/src/test/resources/features/Hello.feature
09:50:55.070 [main] DEBUG net.thucydides.core.guice.Injectors -- Created injector for module net.thucydides.core.guice.webdriver.WebDriverModule
09:50:55.095 [main] INFO  -- 

-------------------------------------------------------------------------------------
     _______. _______ .______       _______ .__   __.  __  .___________.____    ____ 
    /       ||   ____||   _  \     |   ____||  \ |  | |  | |           |\   \  /   / 
   |   (----`|  |__   |  |_)  |    |  |__   |   \|  | |  | `---|  |----` \   \/   /  
    \   \    |   __|  |      /     |   __|  |  . `  | |  |     |  |       \_    _/   
.----)   |   |  |____ |  |\  \----.|  |____ |  |\   | |  |     |  |         |  |     
|_______/    |_______|| _| `._____||_______||__| \__| |__|     |__|         |__|    
                                                                                     
 News and tutorials at http://www.serenity-bdd.info                                  
 Documentation at https://wakaleo.gitbooks.io/the-serenity-book/content/             
 Join the Serenity Community on Gitter: https://gitter.im/serenity-bdd/serenity-core 
 Serenity BDD Support and Training at http://serenity-bdd.info/#/trainingandsupport  
-------------------------------------------------------------------------------------

09:50:55.099 [main] DEBUG net.thucydides.core.steps.StepEventBus -- Test suite started for story net.thucydides.core.model.Story@2f14db90
09:50:55.101 [main] INFO  -- Test Suite Started: As user I want to test index page hello
09:50:55.141 [main] DEBUG io.cucumber.core.plugin.SerenityReporter -- Running feature from file:///D:/Intelij/RESTfulAPI%20AltaShop%20Elisa/src/test/resources/features/Orders.feature
09:50:55.148 [main] DEBUG net.thucydides.core.steps.StepEventBus -- Test suite started for story net.thucydides.core.model.Story@da1b7be6
09:50:55.149 [main] INFO  -- Test Suite Started: As user i want to test order on website
09:50:55.149 [main] DEBUG io.cucumber.core.plugin.SerenityReporter -- Running feature from file:///D:/Intelij/RESTfulAPI%20AltaShop%20Elisa/src/test/resources/features/Product.feature
09:50:55.160 [main] DEBUG net.thucydides.core.steps.StepEventBus -- Test suite started for story net.thucydides.core.model.Story@35ffe80f
09:50:55.161 [main] INFO  -- Test Suite Started: Product Data
09:50:55.163 [main] DEBUG io.cucumber.core.plugin.SerenityReporter -- Running feature from file:///D:/Intelij/RESTfulAPI%20AltaShop%20Elisa/src/test/resources/features/Hello.feature
09:50:55.172 [main] DEBUG net.thucydides.core.steps.StepEventBus -- Test suite started for story net.thucydides.core.model.Story@2f14db90
09:50:55.173 [main] INFO  -- Test Suite Started: As user I want to test index page hello

Scenario: GET HELLO  want to test hello index page &amp#27;[90m# src/test/resources/features/Hello.feature:3&amp#27;[0m
09:50:55.345 [main] DEBUG io.cucumber.core.plugin.SerenityReporter -- Running feature from file:///D:/Intelij/RESTfulAPI%20AltaShop%20Elisa/src/test/resources/features/Hello.feature
09:50:55.625 [main] INFO  -- 
  _____   ___   ___   _____     ___   _____     _     ___   _____   ___   ___  
 |_   _| | __| / __| |_   _|   / __| |_   _|   /_\   | _ \ |_   _| | __| |   \ 
   | |   | _|  \__ \   | |     \__ \   | |    / _ \  |   /   | |   | _|  | |) |
   |_|   |___| |___/   |_|     |___/   |_|   /_/ \_\ |_|_\   |_|   |___| |___/ 

GET HELLO  want to test hello index page(as-user-i-want-to-test-index-page-hello;get-hello--want-to-test-hello-index-page)
--------------------------------------------------------------------------------
09:50:55.737 [main] DEBUG net.thucydides.core.requirements.model.cucumber.CucumberParser -- Loading feature D:\Intelij\RESTfulAPI AltaShop Elisa\src\test\resources\features\Authentucation.feature
09:50:55.749 [main] DEBUG net.thucydides.core.requirements.model.cucumber.CucumberParser -- Loading feature D:\Intelij\RESTfulAPI AltaShop Elisa\src\test\resources\features\Hello.feature
09:50:55.778 [main] DEBUG net.thucydides.core.requirements.model.cucumber.CucumberParser -- Loading feature D:\Intelij\RESTfulAPI AltaShop Elisa\src\test\resources\features\Orders.feature
09:50:55.794 [main] DEBUG net.thucydides.core.requirements.model.cucumber.CucumberParser -- Loading feature D:\Intelij\RESTfulAPI AltaShop Elisa\src\test\resources\features\Product.feature
09:50:55.815 [main] DEBUG net.thucydides.core.requirements.model.cucumber.CucumberParser -- Loading feature D:\Intelij\RESTfulAPI AltaShop Elisa\src\test\resources\features\ProductCate.feature
09:50:56.688 [main] DEBUG net.thucydides.core.steps.StepInterceptor -- STARTING STEP: UserSteps.userSetEndpointForHello - endpointHello
09:50:56.692 [main] DEBUG net.thucydides.core.steps.StepInterceptor -- STEP DONE: endpointHello
  &amp#27;[32mGiven &amp#27;[0m&amp#27;[32mIam setting endpoint for hello&amp#27;[0m             &amp#27;[90m# starter.stepdefinitions.UserSteps.userSetEndpointForHello()&amp#27;[0m
09:50:56.711 [main] DEBUG net.thucydides.core.steps.StepInterceptor -- STARTING STEP: UserSteps.userSendRequestToEndpoint - requestEndHello
09:50:59.544 [main] DEBUG net.thucydides.core.steps.StepInterceptor -- STARTING STEP: Hello.requestEndHello - endpointHello
09:50:59.544 [main] DEBUG net.thucydides.core.steps.StepInterceptor -- STEP DONE: endpointHello
09:51:00.991 [main] DEBUG org.apache.http.impl.conn.BasicClientConnectionManager -- Get connection for route {s}->https://altashop-api.fly.dev:443
09:51:01.165 [main] DEBUG org.apache.http.impl.conn.DefaultClientConnectionOperator -- Connecting to altashop-api.fly.dev:443
09:51:01.818 [main] DEBUG org.apache.http.client.protocol.RequestAddCookies -- CookieSpec selected: ignoreCookies
09:51:01.820 [main] DEBUG org.apache.http.client.protocol.RequestAuthCache -- Auth cache not set in the context
09:51:01.820 [main] DEBUG org.apache.http.client.protocol.RequestTargetAuthentication -- Target auth state: UNCHALLENGED
09:51:01.820 [main] DEBUG org.apache.http.client.protocol.RequestProxyAuthentication -- Proxy auth state: UNCHALLENGED
09:51:01.821 [main] DEBUG org.apache.http.impl.client.DefaultHttpClient -- Attempt 1 to execute request
09:51:01.821 [main] DEBUG org.apache.http.impl.conn.DefaultClientConnection -- Sending request: GET /api/hello HTTP/1.1
09:51:01.821 [main] DEBUG org.apache.http.wire --  >> "GET /api/hello HTTP/1.1[\r][\n]"
09:51:01.823 [main] DEBUG org.apache.http.wire --  >> "Accept: */*[\r][\n]"
09:51:01.823 [main] DEBUG org.apache.http.wire --  >> "Host: altashop-api.fly.dev[\r][\n]"
09:51:01.823 [main] DEBUG org.apache.http.wire --  >> "Connection: Keep-Alive[\r][\n]"
09:51:01.823 [main] DEBUG org.apache.http.wire --  >> "User-Agent: Apache-HttpClient/4.5.13 (Java/20)[\r][\n]"
09:51:01.824 [main] DEBUG org.apache.http.wire --  >> "Accept-Encoding: gzip,deflate[\r][\n]"
09:51:01.824 [main] DEBUG org.apache.http.wire --  >> "[\r][\n]"
09:51:01.824 [main] DEBUG org.apache.http.headers -- >> GET /api/hello HTTP/1.1
09:51:01.824 [main] DEBUG org.apache.http.headers -- >> Accept: */*
09:51:01.824 [main] DEBUG org.apache.http.headers -- >> Host: altashop-api.fly.dev
09:51:01.824 [main] DEBUG org.apache.http.headers -- >> Connection: Keep-Alive
09:51:01.824 [main] DEBUG org.apache.http.headers -- >> User-Agent: Apache-HttpClient/4.5.13 (Java/20)
09:51:01.824 [main] DEBUG org.apache.http.headers -- >> Accept-Encoding: gzip,deflate
09:51:01.899 [main] DEBUG org.apache.http.wire --  << "HTTP/1.1 200 OK[\r][\n]"
09:51:01.901 [main] DEBUG org.apache.http.wire --  << "content-type: application/json[\r][\n]"
09:51:01.901 [main] DEBUG org.apache.http.wire --  << "date: Mon, 08 May 2023 02:51:01 GMT[\r][\n]"
09:51:01.902 [main] DEBUG org.apache.http.wire --  << "content-encoding: gzip[\r][\n]"
09:51:01.902 [main] DEBUG org.apache.http.wire --  << "transfer-encoding: chunked[\r][\n]"
09:51:01.902 [main] DEBUG org.apache.http.wire --  << "server: Fly/3f2597ca (2023-05-03)[\r][\n]"
09:51:01.902 [main] DEBUG org.apache.http.wire --  << "via: 1.1 fly.io[\r][\n]"
09:51:01.902 [main] DEBUG org.apache.http.wire --  << "fly-request-id: 01GZWMA065TJHM2MC59RS9C7HG-sin[\r][\n]"
09:51:01.902 [main] DEBUG org.apache.http.wire --  << "[\r][\n]"
09:51:01.903 [main] DEBUG org.apache.http.impl.conn.DefaultClientConnection -- Receiving response: HTTP/1.1 200 OK
09:51:01.903 [main] DEBUG org.apache.http.headers -- << HTTP/1.1 200 OK
09:51:01.903 [main] DEBUG org.apache.http.headers -- << content-type: application/json
09:51:01.903 [main] DEBUG org.apache.http.headers -- << date: Mon, 08 May 2023 02:51:01 GMT
09:51:01.904 [main] DEBUG org.apache.http.headers -- << content-encoding: gzip
09:51:01.904 [main] DEBUG org.apache.http.headers -- << transfer-encoding: chunked
09:51:01.904 [main] DEBUG org.apache.http.headers -- << server: Fly/3f2597ca (2023-05-03)
09:51:01.904 [main] DEBUG org.apache.http.headers -- << via: 1.1 fly.io
09:51:01.904 [main] DEBUG org.apache.http.headers -- << fly-request-id: 01GZWMA065TJHM2MC59RS9C7HG-sin
09:51:01.916 [main] DEBUG org.apache.http.impl.client.DefaultHttpClient -- Connection can be kept alive indefinitely
09:51:01.926 [main] DEBUG io.restassured.internal.RestAssuredHttpBuilder -- Parsing response as: application/json
09:51:01.927 [main] DEBUG org.apache.http.wire --  << "25[\r][\n]"
09:51:01.927 [main] DEBUG org.apache.http.wire --  << "[0x1f][0x8b][0x8][0x0][0x0][0x0][0x0][0x0][0x4][0xff][0xab]VJI,IT[0xb2]R[0xca]H[0xcd][0xc9][0xc9]W[0xaa][0xe5][0x2][0x0][0xfd][0x95][0xfe]N[0x11][0x0][0x0][0x0]"
09:51:01.964 [main] DEBUG org.apache.http.wire --  << "[\r][\n]"
09:51:01.964 [main] DEBUG org.apache.http.wire --  << "0[\r][\n]"
09:51:01.964 [main] DEBUG org.apache.http.wire --  << "[\r][\n]"
09:51:01.965 [main] DEBUG io.restassured.internal.RestAssuredHttpBuilder -- Parsed data to instance of: class org.apache.http.conn.EofSensorInputStream
09:51:02.058 [main] DEBUG org.apache.http.impl.conn.BasicClientConnectionManager -- Releasing connection org.apache.http.impl.conn.ManagedClientConnectionImpl@9f48198
09:51:02.059 [main] DEBUG org.apache.http.impl.conn.BasicClientConnectionManager -- Connection can be kept alive indefinitely
09:51:02.122 [main] DEBUG net.thucydides.core.steps.StepInterceptor -- STEP DONE: requestEndHello
  &amp#27;[32mWhen &amp#27;[0m&amp#27;[32mIam send request endpoint&amp#27;[0m                   &amp#27;[90m# starter.stepdefinitions.UserSteps.userSendRequestToEndpoint()&amp#27;[0m
09:51:02.136 [main] DEBUG net.thucydides.core.steps.StepInterceptor -- STARTING STEP: UserSteps.statusCodeHello200 - statusCodeRequestHello
09:51:02.217 [main] DEBUG net.thucydides.core.steps.StepInterceptor -- STEP DONE: statusCodeRequestHello
  &amp#27;[32mAnd &amp#27;[0m&amp#27;[32mI could see status code 200&amp#27;[0m                  &amp#27;[90m# starter.stepdefinitions.UserSteps.statusCodeHello200()&amp#27;[0m
09:51:02.228 [main] DEBUG net.thucydides.core.steps.StepInterceptor -- STARTING STEP: UserSteps.userShowHelloMessage - showHelloMessage
09:51:05.237 [main] DEBUG net.thucydides.core.steps.StepInterceptor -- STEP DONE: showHelloMessage
  &amp#27;[32mThen &amp#27;[0m&amp#27;[32mI saw show hello message&amp#27;[0m                    &amp#27;[90m# starter.stepdefinitions.UserSteps.userShowHelloMessage()&amp#27;[0m
09:51:05.247 [main] INFO  -- 
  _____   ___   ___   _____     ___     _     ___   ___   ___   ___  
 |_   _| | __| / __| |_   _|   | _ \   /_\   / __| / __| | __| |   \ 
   | |   | _|  \__ \   | |     |  _/  / _ \  \__ \ \__ \ | _|  | |) |
   |_|   |___| |___/   |_|     |_|   /_/ \_\ |___/ |___/ |___| |___/ 

GET HELLO  want to test hello index page
----------------------------------------------------------------------
]]></system-out>
  </testcase>
  <testcase name="POST ORDER I want to make a new order" classname="As user i want to test order on website" time="1.871">
    <system-out><![CDATA[09:51:05.258 [main] DEBUG io.cucumber.core.plugin.SerenityReporter -- Running feature from file:///D:/Intelij/RESTfulAPI%20AltaShop%20Elisa/src/test/resources/features/Orders.feature
09:51:05.264 [main] DEBUG net.thucydides.core.steps.StepEventBus -- Test suite started for story net.thucydides.core.model.Story@da1b7be6
09:51:05.264 [main] INFO  -- Test Suite Started: As user i want to test order on website

Scenario: POST ORDER I want to make a new order        &amp#27;[90m# src/test/resources/features/Orders.feature:3&amp#27;[0m
09:51:05.288 [main] DEBUG io.cucumber.core.plugin.SerenityReporter -- Running feature from file:///D:/Intelij/RESTfulAPI%20AltaShop%20Elisa/src/test/resources/features/Orders.feature
09:51:05.292 [main] INFO  -- 
  _____   ___   ___   _____     ___   _____     _     ___   _____   ___   ___  
 |_   _| | __| / __| |_   _|   / __| |_   _|   /_\   | _ \ |_   _| | __| |   \ 
   | |   | _|  \__ \   | |     \__ \   | |    / _ \  |   /   | |   | _|  | |) |
   |_|   |___| |___/   |_|     |___/   |_|   /_/ \_\ |_|_\   |_|   |___| |___/ 

POST ORDER I want to make a new order(as-user-i-want-to-test-order-on-website;post-order-i-want-to-make-a-new-order)
--------------------------------------------------------------------------------
09:51:05.350 [main] DEBUG net.thucydides.core.steps.StepInterceptor -- STARTING STEP: UserSteps.userSetEndpointForOrder - endpointOrder
09:51:05.351 [main] DEBUG net.thucydides.core.steps.StepInterceptor -- STEP DONE: endpointOrder
  &amp#27;[32mGiven &amp#27;[0m&amp#27;[32mI set endpoint to order&amp#27;[0m                        &amp#27;[90m# starter.stepdefinitions.UserSteps.userSetEndpointForOrder()&amp#27;[0m
09:51:05.362 [main] DEBUG net.thucydides.core.steps.StepInterceptor -- STARTING STEP: UserSteps.userSuccessLoginWithValidAccount - loginValidAcc
09:51:05.483 [main] DEBUG org.apache.http.impl.conn.BasicClientConnectionManager -- Get connection for route {s}->https://altashop-api.fly.dev:443
09:51:05.484 [main] DEBUG org.apache.http.impl.conn.DefaultClientConnectionOperator -- Connecting to altashop-api.fly.dev:443
09:51:05.617 [main] DEBUG org.apache.http.client.protocol.RequestAddCookies -- CookieSpec selected: ignoreCookies
09:51:05.617 [main] DEBUG org.apache.http.client.protocol.RequestAuthCache -- Auth cache not set in the context
09:51:05.617 [main] DEBUG org.apache.http.client.protocol.RequestTargetAuthentication -- Target auth state: UNCHALLENGED
09:51:05.618 [main] DEBUG org.apache.http.client.protocol.RequestProxyAuthentication -- Proxy auth state: UNCHALLENGED
09:51:05.618 [main] DEBUG org.apache.http.impl.client.DefaultHttpClient -- Attempt 1 to execute request
09:51:05.618 [main] DEBUG org.apache.http.impl.conn.DefaultClientConnection -- Sending request: POST /api/auth/login HTTP/1.1
09:51:05.618 [main] DEBUG org.apache.http.wire --  >> "POST /api/auth/login HTTP/1.1[\r][\n]"
09:51:05.618 [main] DEBUG org.apache.http.wire --  >> "Accept: */*[\r][\n]"
09:51:05.618 [main] DEBUG org.apache.http.wire --  >> "Content-Type: application/json[\r][\n]"
09:51:05.618 [main] DEBUG org.apache.http.wire --  >> "Content-Length: 48[\r][\n]"
09:51:05.619 [main] DEBUG org.apache.http.wire --  >> "Host: altashop-api.fly.dev[\r][\n]"
09:51:05.619 [main] DEBUG org.apache.http.wire --  >> "Connection: Keep-Alive[\r][\n]"
09:51:05.619 [main] DEBUG org.apache.http.wire --  >> "User-Agent: Apache-HttpClient/4.5.13 (Java/20)[\r][\n]"
09:51:05.619 [main] DEBUG org.apache.http.wire --  >> "Accept-Encoding: gzip,deflate[\r][\n]"
09:51:05.619 [main] DEBUG org.apache.http.wire --  >> "[\r][\n]"
09:51:05.619 [main] DEBUG org.apache.http.headers -- >> POST /api/auth/login HTTP/1.1
09:51:05.619 [main] DEBUG org.apache.http.headers -- >> Accept: */*
09:51:05.620 [main] DEBUG org.apache.http.headers -- >> Content-Type: application/json
09:51:05.620 [main] DEBUG org.apache.http.headers -- >> Content-Length: 48
09:51:05.620 [main] DEBUG org.apache.http.headers -- >> Host: altashop-api.fly.dev
09:51:05.620 [main] DEBUG org.apache.http.headers -- >> Connection: Keep-Alive
09:51:05.620 [main] DEBUG org.apache.http.headers -- >> User-Agent: Apache-HttpClient/4.5.13 (Java/20)
09:51:05.620 [main] DEBUG org.apache.http.headers -- >> Accept-Encoding: gzip,deflate
09:51:05.622 [main] DEBUG org.apache.http.wire --  >> "{"password":"123123","email":"someone@mail.com"}"
09:51:05.656 [main] DEBUG org.apache.http.wire --  << "HTTP/1.1 200 OK[\r][\n]"
09:51:05.656 [main] DEBUG org.apache.http.wire --  << "content-type: application/json[\r][\n]"
09:51:05.656 [main] DEBUG org.apache.http.wire --  << "date: Mon, 08 May 2023 02:51:05 GMT[\r][\n]"
09:51:05.656 [main] DEBUG org.apache.http.wire --  << "content-encoding: gzip[\r][\n]"
09:51:05.656 [main] DEBUG org.apache.http.wire --  << "transfer-encoding: chunked[\r][\n]"
09:51:05.656 [main] DEBUG org.apache.http.wire --  << "server: Fly/3f2597ca (2023-05-03)[\r][\n]"
09:51:05.656 [main] DEBUG org.apache.http.wire --  << "via: 1.1 fly.io[\r][\n]"
09:51:05.656 [main] DEBUG org.apache.http.wire --  << "fly-request-id: 01GZWMA3WHEJBMQKWRJY31PNVT-sin[\r][\n]"
09:51:05.656 [main] DEBUG org.apache.http.wire --  << "[\r][\n]"
09:51:05.656 [main] DEBUG org.apache.http.impl.conn.DefaultClientConnection -- Receiving response: HTTP/1.1 200 OK
09:51:05.656 [main] DEBUG org.apache.http.headers -- << HTTP/1.1 200 OK
09:51:05.656 [main] DEBUG org.apache.http.headers -- << content-type: application/json
09:51:05.656 [main] DEBUG org.apache.http.headers -- << date: Mon, 08 May 2023 02:51:05 GMT
09:51:05.657 [main] DEBUG org.apache.http.headers -- << content-encoding: gzip
09:51:05.657 [main] DEBUG org.apache.http.headers -- << transfer-encoding: chunked
09:51:05.657 [main] DEBUG org.apache.http.headers -- << server: Fly/3f2597ca (2023-05-03)
09:51:05.657 [main] DEBUG org.apache.http.headers -- << via: 1.1 fly.io
09:51:05.657 [main] DEBUG org.apache.http.headers -- << fly-request-id: 01GZWMA3WHEJBMQKWRJY31PNVT-sin
09:51:05.657 [main] DEBUG org.apache.http.impl.client.DefaultHttpClient -- Connection can be kept alive indefinitely
09:51:05.657 [main] DEBUG io.restassured.internal.RestAssuredHttpBuilder -- Parsing response as: application/json
09:51:05.657 [main] DEBUG org.apache.http.wire --  << "AC[\r][\n]"
09:51:05.657 [main] DEBUG org.apache.http.wire --  << "[0x1f][0x8b][0x8][0x0][0x0][0x0][0x0][0x0][0x4][0xff][0xab]VJI,IT[0xb2]RJ[0xad][0xf4][0xca]HrO[0xce][0xf4][0xcf][0xf4][0xf2][0xc][0xad][0xf2]4[0xf4][0xcb][0xf4],[0xf6][0xcc][0xb]2Mv[0xf6]4[0xf3][0xcc].[0x88][0x8]s[0xf6][0xb2][0xd4]K[0xad][0xf4]rO[0x9][0xaf](N[0xca]u+[0x89][\n]"
09:51:05.658 [main] DEBUG org.apache.http.wire --  << "[0x6]K[0x94]%[0xba][0x9b][0xa4][0x7][0xb9][[0xe6]xf[0x96]g[0x6][0x85][0x1b]f$[0x86][0x97][0x83][0xc][0xa9]J22[0xcc]I22[0xcd][0x9]t[0x7][0x8b][0x95]F[0x1a]Y[0x96]x[0xe6][0x19][0xe8][0x85][0x97]9[0x5]W$[0x7][0xba][0x16][0x16][0xe6]e:[0x1b][0x96][0x19]X[0xf8]Te[0x17]y$[0xbb][0xfa][0xa4][0xa6][0x17][0x1b]$[0x99][0x97][0x95]d[0xb9][0x7][0x84]g&[0xba][0x86]'{*[0xd5]r[0x1][0x0]?[0x99][0xcf]j[0xa0][0x0][0x0][0x0]"
09:51:05.658 [main] DEBUG org.apache.http.wire --  << "[\r][\n]"
09:51:05.658 [main] DEBUG org.apache.http.wire --  << "0[\r][\n]"
09:51:05.658 [main] DEBUG org.apache.http.wire --  << "[\r][\n]"
09:51:05.658 [main] DEBUG io.restassured.internal.RestAssuredHttpBuilder -- Parsed data to instance of: class org.apache.http.conn.EofSensorInputStream
09:51:05.664 [main] DEBUG org.apache.http.impl.conn.BasicClientConnectionManager -- Releasing connection org.apache.http.impl.conn.ManagedClientConnectionImpl@10dbf660
09:51:05.664 [main] DEBUG org.apache.http.impl.conn.BasicClientConnectionManager -- Connection can be kept alive indefinitely
09:51:06.870 [main] DEBUG net.thucydides.core.steps.StepInterceptor -- STEP DONE: loginValidAcc
  &amp#27;[32mAnd &amp#27;[0m&amp#27;[32mI success login and going to order&amp#27;[0m               &amp#27;[90m# starter.stepdefinitions.UserSteps.userSuccessLoginWithValidAccount()&amp#27;[0m
09:51:06.883 [main] DEBUG net.thucydides.core.steps.StepInterceptor -- STARTING STEP: UserSteps.userInputTokenInAuthorization - inputTokenOrder
09:51:06.893 [main] DEBUG net.thucydides.core.steps.StepInterceptor -- STARTING STEP: Order.inputTokenOrder - endpointOrder
09:51:06.893 [main] DEBUG net.thucydides.core.steps.StepInterceptor -- STEP DONE: endpointOrder
09:51:06.953 [main] DEBUG org.apache.http.impl.conn.BasicClientConnectionManager -- Get connection for route {s}->https://altashop-api.fly.dev:443
09:51:06.953 [main] DEBUG org.apache.http.impl.conn.DefaultClientConnectionOperator -- Connecting to altashop-api.fly.dev:443
09:51:07.026 [main] DEBUG org.apache.http.client.protocol.RequestAddCookies -- CookieSpec selected: ignoreCookies
09:51:07.026 [main] DEBUG org.apache.http.client.protocol.RequestAuthCache -- Auth cache not set in the context
09:51:07.026 [main] DEBUG org.apache.http.client.protocol.RequestProxyAuthentication -- Proxy auth state: UNCHALLENGED
09:51:07.027 [main] DEBUG org.apache.http.impl.client.DefaultHttpClient -- Attempt 1 to execute request
09:51:07.027 [main] DEBUG org.apache.http.impl.conn.DefaultClientConnection -- Sending request: POST /api/orders HTTP/1.1
09:51:07.027 [main] DEBUG org.apache.http.wire --  >> "POST /api/orders HTTP/1.1[\r][\n]"
09:51:07.027 [main] DEBUG org.apache.http.wire --  >> "Authorization: Bearer eyJhbGciOiJIUzI1NiIsInR5cCI6IkpXVCJ9.eyJGdWxsbmFtZSI6IkpvaG4gRG9lIiwiRW1haWwiOiJzb21lb25lQG1haWwuY29tIn0.WvBSxcQEqqniC1v08LzkrHcELegs0b7vtjGPWiaEWcI[\r][\n]"
09:51:07.027 [main] DEBUG org.apache.http.wire --  >> "Accept: */*[\r][\n]"
09:51:07.027 [main] DEBUG org.apache.http.wire --  >> "Content-Type: text/plain; charset=ISO-8859-1[\r][\n]"
09:51:07.027 [main] DEBUG org.apache.http.wire --  >> "Content-Length: 31[\r][\n]"
09:51:07.027 [main] DEBUG org.apache.http.wire --  >> "Host: altashop-api.fly.dev[\r][\n]"
09:51:07.027 [main] DEBUG org.apache.http.wire --  >> "Connection: Keep-Alive[\r][\n]"
09:51:07.027 [main] DEBUG org.apache.http.wire --  >> "User-Agent: Apache-HttpClient/4.5.13 (Java/20)[\r][\n]"
09:51:07.027 [main] DEBUG org.apache.http.wire --  >> "Accept-Encoding: gzip,deflate[\r][\n]"
09:51:07.027 [main] DEBUG org.apache.http.wire --  >> "[\r][\n]"
09:51:07.028 [main] DEBUG org.apache.http.headers -- >> POST /api/orders HTTP/1.1
09:51:07.028 [main] DEBUG org.apache.http.headers -- >> Authorization: Bearer eyJhbGciOiJIUzI1NiIsInR5cCI6IkpXVCJ9.eyJGdWxsbmFtZSI6IkpvaG4gRG9lIiwiRW1haWwiOiJzb21lb25lQG1haWwuY29tIn0.WvBSxcQEqqniC1v08LzkrHcELegs0b7vtjGPWiaEWcI
09:51:07.028 [main] DEBUG org.apache.http.headers -- >> Accept: */*
09:51:07.028 [main] DEBUG org.apache.http.headers -- >> Content-Type: text/plain; charset=ISO-8859-1
09:51:07.028 [main] DEBUG org.apache.http.headers -- >> Content-Length: 31
09:51:07.028 [main] DEBUG org.apache.http.headers -- >> Host: altashop-api.fly.dev
09:51:07.028 [main] DEBUG org.apache.http.headers -- >> Connection: Keep-Alive
09:51:07.028 [main] DEBUG org.apache.http.headers -- >> User-Agent: Apache-HttpClient/4.5.13 (Java/20)
09:51:07.028 [main] DEBUG org.apache.http.headers -- >> Accept-Encoding: gzip,deflate
09:51:07.028 [main] DEBUG org.apache.http.wire --  >> "[{"quantity":3,"product_id":1}]"
09:51:07.063 [main] DEBUG org.apache.http.wire --  << "HTTP/1.1 200 OK[\r][\n]"
09:51:07.063 [main] DEBUG org.apache.http.wire --  << "content-type: application/json[\r][\n]"
09:51:07.063 [main] DEBUG org.apache.http.wire --  << "date: Mon, 08 May 2023 02:51:06 GMT[\r][\n]"
09:51:07.063 [main] DEBUG org.apache.http.wire --  << "content-encoding: gzip[\r][\n]"
09:51:07.063 [main] DEBUG org.apache.http.wire --  << "transfer-encoding: chunked[\r][\n]"
09:51:07.063 [main] DEBUG org.apache.http.wire --  << "server: Fly/3f2597ca (2023-05-03)[\r][\n]"
09:51:07.064 [main] DEBUG org.apache.http.wire --  << "via: 1.1 fly.io[\r][\n]"
09:51:07.064 [main] DEBUG org.apache.http.wire --  << "fly-request-id: 01GZWMA58G410FDDGFJFZ6ZVGH-sin[\r][\n]"
09:51:07.064 [main] DEBUG org.apache.http.wire --  << "[\r][\n]"
09:51:07.064 [main] DEBUG org.apache.http.impl.conn.DefaultClientConnection -- Receiving response: HTTP/1.1 200 OK
09:51:07.064 [main] DEBUG org.apache.http.headers -- << HTTP/1.1 200 OK
09:51:07.064 [main] DEBUG org.apache.http.headers -- << content-type: application/json
09:51:07.064 [main] DEBUG org.apache.http.headers -- << date: Mon, 08 May 2023 02:51:06 GMT
09:51:07.064 [main] DEBUG org.apache.http.headers -- << content-encoding: gzip
09:51:07.064 [main] DEBUG org.apache.http.headers -- << transfer-encoding: chunked
09:51:07.064 [main] DEBUG org.apache.http.headers -- << server: Fly/3f2597ca (2023-05-03)
09:51:07.064 [main] DEBUG org.apache.http.headers -- << via: 1.1 fly.io
09:51:07.064 [main] DEBUG org.apache.http.headers -- << fly-request-id: 01GZWMA58G410FDDGFJFZ6ZVGH-sin
09:51:07.064 [main] DEBUG org.apache.http.impl.client.DefaultHttpClient -- Connection can be kept alive indefinitely
09:51:07.065 [main] DEBUG io.restassured.internal.RestAssuredHttpBuilder -- Parsing response as: application/json
09:51:07.065 [main] DEBUG org.apache.http.wire --  << "99[\r][\n]"
09:51:07.065 [main] DEBUG org.apache.http.wire --  << "[0x1f][0x8b][0x8][0x0][0x0][0x0][0x0][0x0][0x4][0xff][0xab]VJI,IT[0xb2][0x8a][0xae]V[0xf2]tQ[0xb2]24[0xb0]45[0xd7]Q[\n]"
09:51:07.065 [main] DEBUG org.apache.http.wire --  << "-N-R[0xb2][0x82][\n]"
09:51:07.065 [main] DEBUG org.apache.http.wire --  << "[0x99]Y[0x9a]X[0xe8]([0xb9][0x95][0xe6][0xe4][0xe4]%[0xe6][0xa6]*Y)y[0xe5]g[0xe4])[0xb8][0xe4][0xa7]*[0xe9]([0xb9][0xe6]&f[0xe6](Y)[0x15][0xe7][0xe7][0xa6][0xe6][0xe7][0xa5]:[0x80][0xb8]z[0xc9][0xf9][0xb9]J:J[0x1][0x89][0xc5][0xc5][0xe5][0xf9]E)JVJ[0x86]F[0xc6][0x86]F[0xc6]J[0xb5]:J[0x1]E[0xf9])[0xa5][0xc9]%JVy[0xa5]99:J[0x81][0xa5][0x89]y%[0x99]%[0x95]JV[0xc6][0xb5][0xb1][0xb5]\[0x0][0xab][0x80]A[0xcd][0x8d][0x0][0x0][0x0]"
09:51:07.065 [main] DEBUG org.apache.http.wire --  << "[\r][\n]"
09:51:07.066 [main] DEBUG org.apache.http.wire --  << "0[\r][\n]"
09:51:07.066 [main] DEBUG org.apache.http.wire --  << "[\r][\n]"
09:51:07.066 [main] DEBUG io.restassured.internal.RestAssuredHttpBuilder -- Parsed data to instance of: class org.apache.http.conn.EofSensorInputStream
09:51:07.069 [main] DEBUG org.apache.http.impl.conn.BasicClientConnectionManager -- Releasing connection org.apache.http.impl.conn.ManagedClientConnectionImpl@696ce057
09:51:07.069 [main] DEBUG org.apache.http.impl.conn.BasicClientConnectionManager -- Connection can be kept alive indefinitely
09:51:07.071 [main] DEBUG net.thucydides.core.steps.StepInterceptor -- STEP DONE: inputTokenOrder
  &amp#27;[32mWhen &amp#27;[0m&amp#27;[32mI input token authorization&amp#27;[0m                     &amp#27;[90m# starter.stepdefinitions.UserSteps.userInputTokenInAuthorization()&amp#27;[0m
09:51:07.080 [main] DEBUG net.thucydides.core.steps.StepInterceptor -- STARTING STEP: UserSteps.userSeeNewOrderResponse - seeResponseOrder
09:51:07.128 [main] DEBUG net.thucydides.core.steps.StepInterceptor -- STEP DONE: seeResponseOrder
  &amp#27;[32mThen &amp#27;[0m&amp#27;[32muser see status code 200 and new order response&amp#27;[0m &amp#27;[90m# starter.stepdefinitions.UserSteps.userSeeNewOrderResponse()&amp#27;[0m
09:51:07.134 [main] INFO  -- 
  _____   ___   ___   _____     ___     _     ___   ___   ___   ___  
 |_   _| | __| / __| |_   _|   | _ \   /_\   / __| / __| | __| |   \ 
   | |   | _|  \__ \   | |     |  _/  / _ \  \__ \ \__ \ | _|  | |) |
   |_|   |___| |___/   |_|     |_|   /_/ \_\ |___/ |___/ |___| |___/ 

POST ORDER I want to make a new order
----------------------------------------------------------------------
]]></system-out>
  </testcase>
  <testcase name="GET - As a user I want to list all my order" classname="As user i want to test order on website" time="0.662">
    <system-out><![CDATA[
Scenario: GET - As a user I want to list all my order        &amp#27;[90m# src/test/resources/features/Orders.feature:9&amp#27;[0m
09:51:07.155 [main] DEBUG io.cucumber.core.plugin.SerenityReporter -- Running feature from file:///D:/Intelij/RESTfulAPI%20AltaShop%20Elisa/src/test/resources/features/Orders.feature
09:51:07.164 [main] INFO  -- 
  _____   ___   ___   _____     ___   _____     _     ___   _____   ___   ___  
 |_   _| | __| / __| |_   _|   / __| |_   _|   /_\   | _ \ |_   _| | __| |   \ 
   | |   | _|  \__ \   | |     \__ \   | |    / _ \  |   /   | |   | _|  | |) |
   |_|   |___| |___/   |_|     |___/   |_|   /_/ \_\ |_|_\   |_|   |___| |___/ 

GET - As a user I want to list all my order(as-user-i-want-to-test-order-on-website;get---as-a-user-i-want-to-list-all-my-order)
--------------------------------------------------------------------------------
09:51:07.244 [main] DEBUG net.thucydides.core.steps.StepInterceptor -- STARTING STEP: UserSteps.userSetEndpointForOrder - endpointOrder
09:51:07.244 [main] DEBUG net.thucydides.core.steps.StepInterceptor -- STEP DONE: endpointOrder
  &amp#27;[32mGiven &amp#27;[0m&amp#27;[32mI set endpoint to order&amp#27;[0m                              &amp#27;[90m# starter.stepdefinitions.UserSteps.userSetEndpointForOrder()&amp#27;[0m
09:51:07.274 [main] DEBUG net.thucydides.core.steps.StepInterceptor -- STARTING STEP: UserSteps.userSendRequestToEndpointOrder - sendRequestOrder
09:51:07.279 [main] DEBUG net.thucydides.core.steps.StepInterceptor -- STARTING STEP: Order.sendRequestOrder - endpointOrder
09:51:07.280 [main] DEBUG net.thucydides.core.steps.StepInterceptor -- STEP DONE: endpointOrder
09:51:07.336 [main] DEBUG org.apache.http.impl.conn.BasicClientConnectionManager -- Get connection for route {s}->https://altashop-api.fly.dev:443
09:51:07.339 [main] DEBUG org.apache.http.impl.conn.DefaultClientConnectionOperator -- Connecting to altashop-api.fly.dev:443
09:51:07.435 [main] DEBUG org.apache.http.client.protocol.RequestAddCookies -- CookieSpec selected: ignoreCookies
09:51:07.435 [main] DEBUG org.apache.http.client.protocol.RequestAuthCache -- Auth cache not set in the context
09:51:07.435 [main] DEBUG org.apache.http.client.protocol.RequestProxyAuthentication -- Proxy auth state: UNCHALLENGED
09:51:07.435 [main] DEBUG org.apache.http.impl.client.DefaultHttpClient -- Attempt 1 to execute request
09:51:07.435 [main] DEBUG org.apache.http.impl.conn.DefaultClientConnection -- Sending request: GET /api/orders HTTP/1.1
09:51:07.435 [main] DEBUG org.apache.http.wire --  >> "GET /api/orders HTTP/1.1[\r][\n]"
09:51:07.436 [main] DEBUG org.apache.http.wire --  >> "Authorization: Bearer eyJhbGciOiJIUzI1NiIsInR5cCI6IkpXVCJ9.eyJGdWxsbmFtZSI6IkpvaG4gRG9lIiwiRW1haWwiOiJzb21lb25lQG1haWwuY29tIn0.WvBSxcQEqqniC1v08LzkrHcELegs0b7vtjGPWiaEWcI[\r][\n]"
09:51:07.436 [main] DEBUG org.apache.http.wire --  >> "Accept: */*[\r][\n]"
09:51:07.436 [main] DEBUG org.apache.http.wire --  >> "Host: altashop-api.fly.dev[\r][\n]"
09:51:07.436 [main] DEBUG org.apache.http.wire --  >> "Connection: Keep-Alive[\r][\n]"
09:51:07.436 [main] DEBUG org.apache.http.wire --  >> "User-Agent: Apache-HttpClient/4.5.13 (Java/20)[\r][\n]"
09:51:07.436 [main] DEBUG org.apache.http.wire --  >> "Accept-Encoding: gzip,deflate[\r][\n]"
09:51:07.436 [main] DEBUG org.apache.http.wire --  >> "[\r][\n]"
09:51:07.436 [main] DEBUG org.apache.http.headers -- >> GET /api/orders HTTP/1.1
09:51:07.436 [main] DEBUG org.apache.http.headers -- >> Authorization: Bearer eyJhbGciOiJIUzI1NiIsInR5cCI6IkpXVCJ9.eyJGdWxsbmFtZSI6IkpvaG4gRG9lIiwiRW1haWwiOiJzb21lb25lQG1haWwuY29tIn0.WvBSxcQEqqniC1v08LzkrHcELegs0b7vtjGPWiaEWcI
09:51:07.436 [main] DEBUG org.apache.http.headers -- >> Accept: */*
09:51:07.437 [main] DEBUG org.apache.http.headers -- >> Host: altashop-api.fly.dev
09:51:07.437 [main] DEBUG org.apache.http.headers -- >> Connection: Keep-Alive
09:51:07.437 [main] DEBUG org.apache.http.headers -- >> User-Agent: Apache-HttpClient/4.5.13 (Java/20)
09:51:07.437 [main] DEBUG org.apache.http.headers -- >> Accept-Encoding: gzip,deflate
09:51:07.624 [main] DEBUG org.apache.http.wire --  << "HTTP/1.1 200 OK[\r][\n]"
09:51:07.625 [main] DEBUG org.apache.http.wire --  << "content-type: application/json[\r][\n]"
09:51:07.625 [main] DEBUG org.apache.http.wire --  << "date: Mon, 08 May 2023 02:51:07 GMT[\r][\n]"
09:51:07.625 [main] DEBUG org.apache.http.wire --  << "content-encoding: gzip[\r][\n]"
09:51:07.625 [main] DEBUG org.apache.http.wire --  << "transfer-encoding: chunked[\r][\n]"
09:51:07.625 [main] DEBUG org.apache.http.wire --  << "server: Fly/3f2597ca (2023-05-03)[\r][\n]"
09:51:07.625 [main] DEBUG org.apache.http.wire --  << "via: 1.1 fly.io[\r][\n]"
09:51:07.625 [main] DEBUG org.apache.http.wire --  << "fly-request-id: 01GZWMA5N658WV0VVM942NEJJ2-sin[\r][\n]"
09:51:07.625 [main] DEBUG org.apache.http.wire --  << "[\r][\n]"
09:51:07.625 [main] DEBUG org.apache.http.impl.conn.DefaultClientConnection -- Receiving response: HTTP/1.1 200 OK
09:51:07.625 [main] DEBUG org.apache.http.headers -- << HTTP/1.1 200 OK
09:51:07.625 [main] DEBUG org.apache.http.headers -- << content-type: application/json
09:51:07.625 [main] DEBUG org.apache.http.headers -- << date: Mon, 08 May 2023 02:51:07 GMT
09:51:07.625 [main] DEBUG org.apache.http.headers -- << content-encoding: gzip
09:51:07.625 [main] DEBUG org.apache.http.headers -- << transfer-encoding: chunked
09:51:07.625 [main] DEBUG org.apache.http.headers -- << server: Fly/3f2597ca (2023-05-03)
09:51:07.625 [main] DEBUG org.apache.http.headers -- << via: 1.1 fly.io
09:51:07.625 [main] DEBUG org.apache.http.headers -- << fly-request-id: 01GZWMA5N658WV0VVM942NEJJ2-sin
09:51:07.626 [main] DEBUG org.apache.http.impl.client.DefaultHttpClient -- Connection can be kept alive indefinitely
09:51:07.626 [main] DEBUG io.restassured.internal.RestAssuredHttpBuilder -- Parsing response as: application/json
09:51:07.626 [main] DEBUG org.apache.http.wire --  << "247[\r][\n]"
09:51:07.626 [main] DEBUG org.apache.http.wire --  << "[0x1f][0x8b][0x8][0x0][0x0][0x0][0x0][0x0][0x4][0xff][0xaa]VJI,IT[0xb2][0x8a][0xae]V[\n]"
09:51:07.626 [main] DEBUG org.apache.http.wire --  << "([0xca]O)M.Q[0xb2]R[\n]"
09:51:07.626 [main] DEBUG org.apache.http.wire --  << "*-.[0xc9]LV[0x8][0xcf][0xcf]OI[0xcd]SpJLW[0xd2]Q[\n]"
09:51:07.626 [main] DEBUG org.apache.http.wire --  << "([0xca]LNU[0xb2]240[0xd0]Q[\n]"
09:51:07.626 [main] DEBUG org.apache.http.wire --  << ",M[0xcc]+[0xc9],[0xa9]T[0xb2]2[0xd4]Q[\n]"
09:51:07.626 [main] DEBUG org.apache.http.wire --  << ".M*[0xc9]/I[0xcc][0x1][0xcb][0xd5][0xea] [0x9b][0x13]P[0x94][0x98]\[0x92][0x99][0x9c][0x98][0xa3][0xe0][0x93][0x99][0x7]2)[0xbf][0xa4]$'[0x95]L[0xc3][0x82]sRS[0xb3][0xa1][0x6][0xb9][0xe7][0xe4][0x97][0xa5][0x16][0x93]i[0x90]SQbrjNj[0x9]B[0xbb][0x91][0x11]nO[0x19][0x19][0x19][0xe0][0xf2][0x94]{Qb^fI[0xaa][0x82]s~"[0x92]a$[0x85]Ppe^jQz&,[0xb8]s[0x14][0x82]32[0x8b][0xc8]5L[0x1][0xc9]G[0x96][0x96]8[0xa3][0xc9][0xc8][0xd2][0x12][0xd5]G[0x14][0x6][0x88]_bq[0xa6][0x82]Kbi[0x9e][0x82]WjQi[0xb6]Bbeb[0xae]Bz~Qj[0x1e]r[0xba][0xb1]4[0xc0][0x97]r@[0xb2][0xa8][0x8e][0xf2][0xcc]+I[0xcd][0xc9][0xc9]LO[0xcd]+[0x81]Fz@b^[0x9]R[0x9c][0x9b][[0x18][0x9a]"[0xfb][0xd1][0x8]%)[0x9a][0x9a][0x19][0xa3][0xc5][0x1b]4Q;[0xe7][0x17][0x14][0xa4][0x16][0xa1][0xc5][0x99][0xa5][0xa9][0x91][0x9]n[0xb3],[\r]L,P[0x1d][0xe7][0x98]Z[0x94][0x9f]R[0x99][0x97][0x98][0x9b][0x99][0xac][0x10]T[0x9a][0x94][0x94]Z[0xa4][0xe0][0x81][0x9c][0x6][0x8c]L[0xcc]-p[0x9a]gbij[0x86]j\pnbN[0x8e][0x82]s~^rQjI[0xaa][0x2][0x9a]G[0xcd],L[0x8d]q[0x1a]fhln[0x80]f[0x9a]kQz~^>[0xc8]i[0xb0][0x4][0x1a][0x90][0x93]X[0x82][0x94][0xed][0x8c][0x8d]-q[0x1b]hfn[0x81]f[0x1e]4[0xe0][0xa0][0xa5][0x1][0x9a]Y[0xe6][0x86][0x16]F[0xb8][0x1d]gblf[0x82][0xea]U[0x9f][0xcc][0xf4][0x8c][0x92][0xf2]T[0x10][0xa9][0xe0][0x98]S[0x9a][0x9b][0x99]W[0x9a][0x8b][0x1a]v[0xa6][0x86][0x16](i[0x17]5^[\r][0x8c][0xcd][0xd1][0xe2][0xc2]=[0xbf](=5[0xbf][0xb4]X! [0x11][0x14][0xb1][0xe1][0x89]%[0xc9][0x19]H[0x19][0xc1][0xc4][0x2][0xb7]_M,[0xcd][0xd0][0xfc][\n]"
09:51:07.627 [main] DEBUG org.apache.http.wire --  << "[0x89][0x9][0x1c][0xe1]fij[0x86][0xdb],[0xc0][0xc]-[\r][0x8d][0xd0][0xc]C*[0xfe]R[0x13]K2@[0xa9].'?9[0x1b][0xe1]8[0x13]S3[0x94][0x82][0x7][0xc5][0xab][0x96][0x86][0xe8]%[0x8f]ojJf~r[0x11][0xa8][0xc0][0x1][0xa7]a[0xb4]tbad[0x89]'*[0xcc]L-[0xd0][0xa2][0x2]9[0x87][0x85][0xe7][0xe7][0xe7](x[0xe7]e[0xa6]!%[0x13]KC#<[0x19][0xcc][0xc2][0xc8][0xd4][0xa0]6[0xb6][0x96][0xb][0x0]W[0xdd][0xd9]XA[0x6][0x0][0x0]"
09:51:07.627 [main] DEBUG org.apache.http.wire --  << "[\r][\n]"
09:51:07.630 [main] DEBUG org.apache.http.wire --  << "0[\r][\n]"
09:51:07.630 [main] DEBUG org.apache.http.wire --  << "[\r][\n]"
09:51:07.630 [main] DEBUG io.restassured.internal.RestAssuredHttpBuilder -- Parsed data to instance of: class org.apache.http.conn.EofSensorInputStream
09:51:07.633 [main] DEBUG org.apache.http.impl.conn.BasicClientConnectionManager -- Releasing connection org.apache.http.impl.conn.ManagedClientConnectionImpl@3aed692d
09:51:07.633 [main] DEBUG org.apache.http.impl.conn.BasicClientConnectionManager -- Connection can be kept alive indefinitely
09:51:07.637 [main] DEBUG net.thucydides.core.steps.StepInterceptor -- STEP DONE: sendRequestOrder
  &amp#27;[32mWhen &amp#27;[0m&amp#27;[32mI send request to endpoint order&amp#27;[0m                      &amp#27;[90m# starter.stepdefinitions.UserSteps.userSendRequestToEndpointOrder()&amp#27;[0m
09:51:07.643 [main] DEBUG net.thucydides.core.steps.StepInterceptor -- STARTING STEP: UserSteps.userInputTokenInAuthorization - inputTokenOrder
09:51:07.644 [main] DEBUG net.thucydides.core.steps.StepInterceptor -- STARTING STEP: Order.inputTokenOrder - endpointOrder
09:51:07.645 [main] DEBUG net.thucydides.core.steps.StepInterceptor -- STEP DONE: endpointOrder
09:51:07.665 [main] DEBUG org.apache.http.impl.conn.BasicClientConnectionManager -- Get connection for route {s}->https://altashop-api.fly.dev:443
09:51:07.665 [main] DEBUG org.apache.http.impl.conn.DefaultClientConnectionOperator -- Connecting to altashop-api.fly.dev:443
09:51:07.740 [main] DEBUG org.apache.http.client.protocol.RequestAddCookies -- CookieSpec selected: ignoreCookies
09:51:07.740 [main] DEBUG org.apache.http.client.protocol.RequestAuthCache -- Auth cache not set in the context
09:51:07.740 [main] DEBUG org.apache.http.client.protocol.RequestProxyAuthentication -- Proxy auth state: UNCHALLENGED
09:51:07.740 [main] DEBUG org.apache.http.impl.client.DefaultHttpClient -- Attempt 1 to execute request
09:51:07.740 [main] DEBUG org.apache.http.impl.conn.DefaultClientConnection -- Sending request: POST /api/orders HTTP/1.1
09:51:07.740 [main] DEBUG org.apache.http.wire --  >> "POST /api/orders HTTP/1.1[\r][\n]"
09:51:07.741 [main] DEBUG org.apache.http.wire --  >> "Authorization: Bearer eyJhbGciOiJIUzI1NiIsInR5cCI6IkpXVCJ9.eyJGdWxsbmFtZSI6IkpvaG4gRG9lIiwiRW1haWwiOiJzb21lb25lQG1haWwuY29tIn0.WvBSxcQEqqniC1v08LzkrHcELegs0b7vtjGPWiaEWcI[\r][\n]"
09:51:07.741 [main] DEBUG org.apache.http.wire --  >> "Accept: */*[\r][\n]"
09:51:07.741 [main] DEBUG org.apache.http.wire --  >> "Content-Type: text/plain; charset=ISO-8859-1[\r][\n]"
09:51:07.741 [main] DEBUG org.apache.http.wire --  >> "Content-Length: 31[\r][\n]"
09:51:07.741 [main] DEBUG org.apache.http.wire --  >> "Host: altashop-api.fly.dev[\r][\n]"
09:51:07.741 [main] DEBUG org.apache.http.wire --  >> "Connection: Keep-Alive[\r][\n]"
09:51:07.741 [main] DEBUG org.apache.http.wire --  >> "User-Agent: Apache-HttpClient/4.5.13 (Java/20)[\r][\n]"
09:51:07.741 [main] DEBUG org.apache.http.wire --  >> "Accept-Encoding: gzip,deflate[\r][\n]"
09:51:07.741 [main] DEBUG org.apache.http.wire --  >> "[\r][\n]"
09:51:07.742 [main] DEBUG org.apache.http.headers -- >> POST /api/orders HTTP/1.1
09:51:07.742 [main] DEBUG org.apache.http.headers -- >> Authorization: Bearer eyJhbGciOiJIUzI1NiIsInR5cCI6IkpXVCJ9.eyJGdWxsbmFtZSI6IkpvaG4gRG9lIiwiRW1haWwiOiJzb21lb25lQG1haWwuY29tIn0.WvBSxcQEqqniC1v08LzkrHcELegs0b7vtjGPWiaEWcI
09:51:07.742 [main] DEBUG org.apache.http.headers -- >> Accept: */*
09:51:07.742 [main] DEBUG org.apache.http.headers -- >> Content-Type: text/plain; charset=ISO-8859-1
09:51:07.742 [main] DEBUG org.apache.http.headers -- >> Content-Length: 31
09:51:07.742 [main] DEBUG org.apache.http.headers -- >> Host: altashop-api.fly.dev
09:51:07.742 [main] DEBUG org.apache.http.headers -- >> Connection: Keep-Alive
09:51:07.742 [main] DEBUG org.apache.http.headers -- >> User-Agent: Apache-HttpClient/4.5.13 (Java/20)
09:51:07.742 [main] DEBUG org.apache.http.headers -- >> Accept-Encoding: gzip,deflate
09:51:07.742 [main] DEBUG org.apache.http.wire --  >> "[{"quantity":3,"product_id":1}]"
09:51:07.776 [main] DEBUG org.apache.http.wire --  << "HTTP/1.1 200 OK[\r][\n]"
09:51:07.777 [main] DEBUG org.apache.http.wire --  << "content-type: application/json[\r][\n]"
09:51:07.777 [main] DEBUG org.apache.http.wire --  << "date: Mon, 08 May 2023 02:51:07 GMT[\r][\n]"
09:51:07.777 [main] DEBUG org.apache.http.wire --  << "content-encoding: gzip[\r][\n]"
09:51:07.777 [main] DEBUG org.apache.http.wire --  << "transfer-encoding: chunked[\r][\n]"
09:51:07.777 [main] DEBUG org.apache.http.wire --  << "server: Fly/3f2597ca (2023-05-03)[\r][\n]"
09:51:07.777 [main] DEBUG org.apache.http.wire --  << "via: 1.1 fly.io[\r][\n]"
09:51:07.777 [main] DEBUG org.apache.http.wire --  << "fly-request-id: 01GZWMA5YSGWJJWGBVRDKC0DD9-sin[\r][\n]"
09:51:07.777 [main] DEBUG org.apache.http.wire --  << "[\r][\n]"
09:51:07.778 [main] DEBUG org.apache.http.impl.conn.DefaultClientConnection -- Receiving response: HTTP/1.1 200 OK
09:51:07.778 [main] DEBUG org.apache.http.headers -- << HTTP/1.1 200 OK
09:51:07.778 [main] DEBUG org.apache.http.headers -- << content-type: application/json
09:51:07.778 [main] DEBUG org.apache.http.headers -- << date: Mon, 08 May 2023 02:51:07 GMT
09:51:07.778 [main] DEBUG org.apache.http.headers -- << content-encoding: gzip
09:51:07.778 [main] DEBUG org.apache.http.headers -- << transfer-encoding: chunked
09:51:07.778 [main] DEBUG org.apache.http.headers -- << server: Fly/3f2597ca (2023-05-03)
09:51:07.778 [main] DEBUG org.apache.http.headers -- << via: 1.1 fly.io
09:51:07.778 [main] DEBUG org.apache.http.headers -- << fly-request-id: 01GZWMA5YSGWJJWGBVRDKC0DD9-sin
09:51:07.778 [main] DEBUG org.apache.http.impl.client.DefaultHttpClient -- Connection can be kept alive indefinitely
09:51:07.778 [main] DEBUG io.restassured.internal.RestAssuredHttpBuilder -- Parsing response as: application/json
09:51:07.778 [main] DEBUG org.apache.http.wire --  << "99[\r][\n]"
09:51:07.778 [main] DEBUG org.apache.http.wire --  << "[0x1f][0x8b][0x8][0x0][0x0][0x0][0x0][0x0][0x4][0xff][0xab]VJI,IT[0xb2][0x8a][0xae]V[0xf2]tQ[0xb2]24[0xb0]4[0xb5][0xd0]Q[\n]"
09:51:07.778 [main] DEBUG org.apache.http.wire --  << "-N-R[0xb2][0x82][\n]"
09:51:07.779 [main] DEBUG org.apache.http.wire --  << "[0x99]Y[0x9a]X[0xe8]([0xb9][0x95][0xe6][0xe4][0xe4]%[0xe6][0xa6]*Y)y[0xe5]g[0xe4])[0xb8][0xe4][0xa7]*[0xe9]([0xb9][0xe6]&f[0xe6](Y)[0x15][0xe7][0xe7][0xa6][0xe6][0xe7][0xa5]:[0x80][0xb8]z[0xc9][0xf9][0xb9]J:J[0x1][0x89][0xc5][0xc5][0xe5][0xf9]E)JVJ[0x86]F[0xc6][0x86]F[0xc6]J[0xb5]:J[0x1]E[0xf9])[0xa5][0xc9]%JVy[0xa5]99:J[0x81][0xa5][0x89]y%[0x99]%[0x95]JV[0xc6][0xb5][0xb1][0xb5]\[0x0]%s[0xa2][0xe0][0x8d][0x0][0x0][0x0]"
09:51:07.779 [main] DEBUG org.apache.http.wire --  << "[\r][\n]"
09:51:07.779 [main] DEBUG org.apache.http.wire --  << "0[\r][\n]"
09:51:07.779 [main] DEBUG org.apache.http.wire --  << "[\r][\n]"
09:51:07.779 [main] DEBUG io.restassured.internal.RestAssuredHttpBuilder -- Parsed data to instance of: class org.apache.http.conn.EofSensorInputStream
09:51:07.781 [main] DEBUG org.apache.http.impl.conn.BasicClientConnectionManager -- Releasing connection org.apache.http.impl.conn.ManagedClientConnectionImpl@291028d7
09:51:07.781 [main] DEBUG org.apache.http.impl.conn.BasicClientConnectionManager -- Connection can be kept alive indefinitely
09:51:07.783 [main] DEBUG net.thucydides.core.steps.StepInterceptor -- STEP DONE: inputTokenOrder
  &amp#27;[32mWhen &amp#27;[0m&amp#27;[32mI input token authorization&amp#27;[0m                           &amp#27;[90m# starter.stepdefinitions.UserSteps.userInputTokenInAuthorization()&amp#27;[0m
09:51:07.788 [main] DEBUG net.thucydides.core.steps.StepInterceptor -- STARTING STEP: UserSteps.userShowListOfTheOrder - listOrder
09:51:07.792 [main] DEBUG net.thucydides.core.steps.StepInterceptor -- STEP DONE: listOrder
  &amp#27;[32mThen &amp#27;[0m&amp#27;[32mI see status code 200 and user show list of the order&amp#27;[0m &amp#27;[90m# starter.stepdefinitions.UserSteps.userShowListOfTheOrder()&amp#27;[0m
09:51:07.796 [main] INFO  -- 
  _____   ___   ___   _____     ___     _     ___   ___   ___   ___  
 |_   _| | __| / __| |_   _|   | _ \   /_\   / __| / __| | __| |   \ 
   | |   | _|  \__ \   | |     |  _/  / _ \  \__ \ \__ \ | _|  | |) |
   |_|   |___| |___/   |_|     |_|   /_/ \_\ |___/ |___/ |___| |___/ 

GET - As a user I want to list all my order
----------------------------------------------------------------------
]]></system-out>
  </testcase>
  <testcase name="POST PRODUCT create a new product" classname="Product Data" time="0.285">
    <system-out><![CDATA[09:51:07.798 [main] DEBUG io.cucumber.core.plugin.SerenityReporter -- Running feature from file:///D:/Intelij/RESTfulAPI%20AltaShop%20Elisa/src/test/resources/features/Product.feature
09:51:07.803 [main] DEBUG net.thucydides.core.steps.StepEventBus -- Test suite started for story net.thucydides.core.model.Story@35ffe80f
09:51:07.804 [main] INFO  -- Test Suite Started: Product Data

Scenario: POST PRODUCT create a new product           &amp#27;[90m# src/test/resources/features/Product.feature:6&amp#27;[0m
09:51:07.820 [main] DEBUG io.cucumber.core.plugin.SerenityReporter -- Running feature from file:///D:/Intelij/RESTfulAPI%20AltaShop%20Elisa/src/test/resources/features/Product.feature
09:51:07.826 [main] INFO  -- 
  _____   ___   ___   _____     ___   _____     _     ___   _____   ___   ___  
 |_   _| | __| / __| |_   _|   / __| |_   _|   /_\   | _ \ |_   _| | __| |   \ 
   | |   | _|  \__ \   | |     \__ \   | |    / _ \  |   /   | |   | _|  | |) |
   |_|   |___| |___/   |_|     |___/   |_|   /_/ \_\ |_|_\   |_|   |___| |___/ 

POST PRODUCT create a new product(product-data;post-product-create-a-new-product)
--------------------------------------------------------------------------------
09:51:07.878 [main] DEBUG net.thucydides.core.steps.StepInterceptor -- STARTING STEP: UserSteps.userSetEndpointForProduct - endpointProduct
09:51:07.879 [main] DEBUG net.thucydides.core.steps.StepInterceptor -- STEP DONE: endpointProduct
  &amp#27;[32mGiven &amp#27;[0m&amp#27;[32mIam setting endpoint for product&amp#27;[0m              &amp#27;[90m# starter.stepdefinitions.UserSteps.userSetEndpointForProduct()&amp#27;[0m
09:51:07.891 [main] DEBUG net.thucydides.core.steps.StepInterceptor -- STARTING STEP: UserSteps.userSendPOSTHTTPRequestWithValidDataProduct - sendRequestValidProduct
09:51:07.895 [main] DEBUG net.thucydides.core.steps.StepInterceptor -- STARTING STEP: Product.sendRequestValidProduct - endpointProduct
09:51:07.895 [main] DEBUG net.thucydides.core.steps.StepInterceptor -- STEP DONE: endpointProduct
09:51:07.938 [main] DEBUG org.apache.http.impl.conn.BasicClientConnectionManager -- Get connection for route {s}->https://altashop-api.fly.dev:443
09:51:07.938 [main] DEBUG org.apache.http.impl.conn.DefaultClientConnectionOperator -- Connecting to altashop-api.fly.dev:443
09:51:08.024 [main] DEBUG org.apache.http.client.protocol.RequestAddCookies -- CookieSpec selected: ignoreCookies
09:51:08.024 [main] DEBUG org.apache.http.client.protocol.RequestAuthCache -- Auth cache not set in the context
09:51:08.024 [main] DEBUG org.apache.http.client.protocol.RequestProxyAuthentication -- Proxy auth state: UNCHALLENGED
09:51:08.025 [main] DEBUG org.apache.http.impl.client.DefaultHttpClient -- Attempt 1 to execute request
09:51:08.025 [main] DEBUG org.apache.http.impl.conn.DefaultClientConnection -- Sending request: POST /api/products HTTP/1.1
09:51:08.025 [main] DEBUG org.apache.http.wire --  >> "POST /api/products HTTP/1.1[\r][\n]"
09:51:08.026 [main] DEBUG org.apache.http.wire --  >> "Authorization: Bearer eyJhbGciOiJIUzI1NiIsInR5cCI6IkpXVCJ9.eyJGdWxsbmFtZSI6IkZpcnN0bmFtZSBMYXN0bmFtZSIsIkVtYWlsIjoic29tZW9uZUBtYWlsLmNvbSJ9.bGpZNDg6YHtKlTFw7_yuyn3SAICmfvdIV1yX7mIKrTw[\r][\n]"
09:51:08.026 [main] DEBUG org.apache.http.wire --  >> "Accept: */*[\r][\n]"
09:51:08.026 [main] DEBUG org.apache.http.wire --  >> "Content-Type: text/plain; charset=ISO-8859-1[\r][\n]"
09:51:08.026 [main] DEBUG org.apache.http.wire --  >> "Content-Length: 60[\r][\n]"
09:51:08.026 [main] DEBUG org.apache.http.wire --  >> "Host: altashop-api.fly.dev[\r][\n]"
09:51:08.026 [main] DEBUG org.apache.http.wire --  >> "Connection: Keep-Alive[\r][\n]"
09:51:08.026 [main] DEBUG org.apache.http.wire --  >> "User-Agent: Apache-HttpClient/4.5.13 (Java/20)[\r][\n]"
09:51:08.026 [main] DEBUG org.apache.http.wire --  >> "Accept-Encoding: gzip,deflate[\r][\n]"
09:51:08.026 [main] DEBUG org.apache.http.wire --  >> "[\r][\n]"
09:51:08.027 [main] DEBUG org.apache.http.headers -- >> POST /api/products HTTP/1.1
09:51:08.027 [main] DEBUG org.apache.http.headers -- >> Authorization: Bearer eyJhbGciOiJIUzI1NiIsInR5cCI6IkpXVCJ9.eyJGdWxsbmFtZSI6IkZpcnN0bmFtZSBMYXN0bmFtZSIsIkVtYWlsIjoic29tZW9uZUBtYWlsLmNvbSJ9.bGpZNDg6YHtKlTFw7_yuyn3SAICmfvdIV1yX7mIKrTw
09:51:08.027 [main] DEBUG org.apache.http.headers -- >> Accept: */*
09:51:08.027 [main] DEBUG org.apache.http.headers -- >> Content-Type: text/plain; charset=ISO-8859-1
09:51:08.027 [main] DEBUG org.apache.http.headers -- >> Content-Length: 60
09:51:08.027 [main] DEBUG org.apache.http.headers -- >> Host: altashop-api.fly.dev
09:51:08.027 [main] DEBUG org.apache.http.headers -- >> Connection: Keep-Alive
09:51:08.027 [main] DEBUG org.apache.http.headers -- >> User-Agent: Apache-HttpClient/4.5.13 (Java/20)
09:51:08.027 [main] DEBUG org.apache.http.headers -- >> Accept-Encoding: gzip,deflate
09:51:08.027 [main] DEBUG org.apache.http.wire --  >> "{"price":450,"name":"IPHONE 15 PRO","description":"HENGPON"}"
09:51:08.066 [main] DEBUG org.apache.http.wire --  << "HTTP/1.1 200 OK[\r][\n]"
09:51:08.066 [main] DEBUG org.apache.http.wire --  << "content-type: application/json[\r][\n]"
09:51:08.066 [main] DEBUG org.apache.http.wire --  << "date: Mon, 08 May 2023 02:51:07 GMT[\r][\n]"
09:51:08.066 [main] DEBUG org.apache.http.wire --  << "content-encoding: gzip[\r][\n]"
09:51:08.066 [main] DEBUG org.apache.http.wire --  << "transfer-encoding: chunked[\r][\n]"
09:51:08.066 [main] DEBUG org.apache.http.wire --  << "server: Fly/3f2597ca (2023-05-03)[\r][\n]"
09:51:08.066 [main] DEBUG org.apache.http.wire --  << "via: 1.1 fly.io[\r][\n]"
09:51:08.066 [main] DEBUG org.apache.http.wire --  << "fly-request-id: 01GZWMA67PTDFK3RBVHJ1T1BPX-sin[\r][\n]"
09:51:08.066 [main] DEBUG org.apache.http.wire --  << "[\r][\n]"
09:51:08.066 [main] DEBUG org.apache.http.impl.conn.DefaultClientConnection -- Receiving response: HTTP/1.1 200 OK
09:51:08.066 [main] DEBUG org.apache.http.headers -- << HTTP/1.1 200 OK
09:51:08.066 [main] DEBUG org.apache.http.headers -- << content-type: application/json
09:51:08.066 [main] DEBUG org.apache.http.headers -- << date: Mon, 08 May 2023 02:51:07 GMT
09:51:08.066 [main] DEBUG org.apache.http.headers -- << content-encoding: gzip
09:51:08.066 [main] DEBUG org.apache.http.headers -- << transfer-encoding: chunked
09:51:08.066 [main] DEBUG org.apache.http.headers -- << server: Fly/3f2597ca (2023-05-03)
09:51:08.066 [main] DEBUG org.apache.http.headers -- << via: 1.1 fly.io
09:51:08.066 [main] DEBUG org.apache.http.headers -- << fly-request-id: 01GZWMA67PTDFK3RBVHJ1T1BPX-sin
09:51:08.067 [main] DEBUG org.apache.http.impl.client.DefaultHttpClient -- Connection can be kept alive indefinitely
09:51:08.067 [main] DEBUG io.restassured.internal.RestAssuredHttpBuilder -- Parsing response as: application/json
09:51:08.067 [main] DEBUG org.apache.http.wire --  << "81[\r][\n]"
09:51:08.067 [main] DEBUG org.apache.http.wire --  << "[0x1f][0x8b][0x8][0x0][0x0][0x0][0x0][0x0][0x4][0xff][0xab]VJI,IT[0xb2][0xaa]V[0xf2]tQ[0xb2]241[0xb4]0[0xd6]Q[0xf2]K[0xcc]MU[0xb2]R[0xf2][0xc][0xf0][0xf0][0xf7]sU04U[0x8][0x8][0xf2]W[0xd2]QrI-N.[0xca],([0xc9][0xcc][0xcf]S[0xb2]R[0xf2]p[0xf5]s[0xf][0xf0][0xf7]S[0xd2]Q[\n]"
09:51:08.067 [main] DEBUG org.apache.http.wire --  << "([0xca]LNU[0xb2]215[0xd0]Q[\n]"
09:51:08.067 [main] DEBUG org.apache.http.wire --  << "J,[0xc9][0xcc]K/V[0xb2]2[0xd0]QrN,IM[0xcf]/[0xca]L-V[0xb2][0x8a][0x8e][0xad][0xad][0xe5][0x2][0x0]iy[0xa2][0xa8]m[0x0][0x0][0x0]"
09:51:08.067 [main] DEBUG org.apache.http.wire --  << "[\r][\n]"
09:51:08.067 [main] DEBUG org.apache.http.wire --  << "0[\r][\n]"
09:51:08.067 [main] DEBUG org.apache.http.wire --  << "[\r][\n]"
09:51:08.067 [main] DEBUG io.restassured.internal.RestAssuredHttpBuilder -- Parsed data to instance of: class org.apache.http.conn.EofSensorInputStream
09:51:08.070 [main] DEBUG org.apache.http.impl.conn.BasicClientConnectionManager -- Releasing connection org.apache.http.impl.conn.ManagedClientConnectionImpl@3fcc7f5c
09:51:08.070 [main] DEBUG org.apache.http.impl.conn.BasicClientConnectionManager -- Connection can be kept alive indefinitely
09:51:08.071 [main] DEBUG net.thucydides.core.steps.StepInterceptor -- STEP DONE: sendRequestValidProduct
  &amp#27;[32mWhen &amp#27;[0m&amp#27;[32mI send HTTP request to post valid data product&amp#27;[0m &amp#27;[90m# starter.stepdefinitions.UserSteps.userSendPOSTHTTPRequestWithValidDataProduct()&amp#27;[0m
  &amp#27;[32mThen &amp#27;[0m&amp#27;[32mI get status code 200&amp#27;[0m                          &amp#27;[90m# starter.stepdefinitions.UserSteps.get200ProductPost()&amp#27;[0m
09:51:08.080 [main] DEBUG net.thucydides.core.steps.StepInterceptor -- STARTING STEP: UserSteps.userSeeNewDetailProduct - seeDetailProduct
09:51:08.084 [main] DEBUG net.thucydides.core.steps.StepInterceptor -- STEP DONE: seeDetailProduct
  &amp#27;[32mAnd &amp#27;[0m&amp#27;[32miam seeing new detail product&amp#27;[0m                   &amp#27;[90m# starter.stepdefinitions.UserSteps.userSeeNewDetailProduct()&amp#27;[0m
09:51:08.088 [main] INFO  -- 
  _____   ___   ___   _____     ___     _     ___   ___   ___   ___  
 |_   _| | __| / __| |_   _|   | _ \   /_\   / __| / __| | __| |   \ 
   | |   | _|  \__ \   | |     |  _/  / _ \  \__ \ \__ \ | _|  | |) |
   |_|   |___| |___/   |_|     |_|   /_/ \_\ |___/ |___/ |___| |___/ 

POST PRODUCT create a new product
----------------------------------------------------------------------
]]></system-out>
  </testcase>
  <testcase name="GET - As a user I want to get all product" classname="Product Data" time="1.049">
    <system-out><![CDATA[09:51:08.133 [Finalizer] DEBUG org.apache.http.impl.conn.DefaultClientConnection -- Connection 0.0.0.0:57119<->149.248.193.56:443 closed
09:51:08.135 [Finalizer] DEBUG org.apache.http.impl.conn.DefaultClientConnection -- Connection 0.0.0.0:57120<->149.248.193.56:443 closed
09:51:08.136 [Finalizer] DEBUG org.apache.http.impl.conn.DefaultClientConnection -- Connection 0.0.0.0:57122<->149.248.193.56:443 closed

Scenario: GET - As a user I want to get all product &amp#27;[90m# src/test/resources/features/Product.feature:12&amp#27;[0m
09:51:08.142 [main] DEBUG io.cucumber.core.plugin.SerenityReporter -- Running feature from file:///D:/Intelij/RESTfulAPI%20AltaShop%20Elisa/src/test/resources/features/Product.feature
09:51:08.150 [main] INFO  -- 
  _____   ___   ___   _____     ___   _____     _     ___   _____   ___   ___  
 |_   _| | __| / __| |_   _|   / __| |_   _|   /_\   | _ \ |_   _| | __| |   \ 
   | |   | _|  \__ \   | |     \__ \   | |    / _ \  |   /   | |   | _|  | |) |
   |_|   |___| |___/   |_|     |___/   |_|   /_/ \_\ |_|_\   |_|   |___| |___/ 

GET - As a user I want to get all product(product-data;get---as-a-user-i-want-to-get-all-product)
--------------------------------------------------------------------------------
09:51:08.222 [main] DEBUG net.thucydides.core.steps.StepInterceptor -- STARTING STEP: UserSteps.userSetEndpointForProduct - endpointProduct
09:51:08.223 [main] DEBUG net.thucydides.core.steps.StepInterceptor -- STEP DONE: endpointProduct
  &amp#27;[32mGiven &amp#27;[0m&amp#27;[32mIam setting endpoint for product&amp#27;[0m            &amp#27;[90m# starter.stepdefinitions.UserSteps.userSetEndpointForProduct()&amp#27;[0m
09:51:08.235 [main] DEBUG net.thucydides.core.steps.StepInterceptor -- STARTING STEP: UserSteps.userSendRequest - iSendRequest
09:51:08.239 [main] DEBUG net.thucydides.core.steps.StepInterceptor -- STARTING STEP: Product.iSendRequest - endpointProduct
09:51:08.239 [main] DEBUG net.thucydides.core.steps.StepInterceptor -- STEP DONE: endpointProduct
09:51:08.255 [main] DEBUG org.apache.http.impl.conn.BasicClientConnectionManager -- Get connection for route {s}->https://altashop-api.fly.dev:443
09:51:08.255 [main] DEBUG org.apache.http.impl.conn.DefaultClientConnectionOperator -- Connecting to altashop-api.fly.dev:443
09:51:08.369 [main] DEBUG org.apache.http.client.protocol.RequestAddCookies -- CookieSpec selected: ignoreCookies
09:51:08.370 [main] DEBUG org.apache.http.client.protocol.RequestAuthCache -- Auth cache not set in the context
09:51:08.370 [main] DEBUG org.apache.http.client.protocol.RequestProxyAuthentication -- Proxy auth state: UNCHALLENGED
09:51:08.370 [main] DEBUG org.apache.http.impl.client.DefaultHttpClient -- Attempt 1 to execute request
09:51:08.370 [main] DEBUG org.apache.http.impl.conn.DefaultClientConnection -- Sending request: GET /api/products HTTP/1.1
09:51:08.370 [main] DEBUG org.apache.http.wire --  >> "GET /api/products HTTP/1.1[\r][\n]"
09:51:08.370 [main] DEBUG org.apache.http.wire --  >> "Authorization: Bearer eyJhbGciOiJIUzI1NiIsInR5cCI6IkpXVCJ9.eyJGdWxsbmFtZSI6IkZpcnN0bmFtZSBMYXN0bmFtZSIsIkVtYWlsIjoic29tZW9uZUBtYWlsLmNvbSJ9.bGpZNDg6YHtKlTFw7_yuyn3SAICmfvdIV1yX7mIKrTw[\r][\n]"
09:51:08.370 [main] DEBUG org.apache.http.wire --  >> "Accept: */*[\r][\n]"
09:51:08.370 [main] DEBUG org.apache.http.wire --  >> "Host: altashop-api.fly.dev[\r][\n]"
09:51:08.370 [main] DEBUG org.apache.http.wire --  >> "Connection: Keep-Alive[\r][\n]"
09:51:08.370 [main] DEBUG org.apache.http.wire --  >> "User-Agent: Apache-HttpClient/4.5.13 (Java/20)[\r][\n]"
09:51:08.370 [main] DEBUG org.apache.http.wire --  >> "Accept-Encoding: gzip,deflate[\r][\n]"
09:51:08.370 [main] DEBUG org.apache.http.wire --  >> "[\r][\n]"
09:51:08.370 [main] DEBUG org.apache.http.headers -- >> GET /api/products HTTP/1.1
09:51:08.370 [main] DEBUG org.apache.http.headers -- >> Authorization: Bearer eyJhbGciOiJIUzI1NiIsInR5cCI6IkpXVCJ9.eyJGdWxsbmFtZSI6IkZpcnN0bmFtZSBMYXN0bmFtZSIsIkVtYWlsIjoic29tZW9uZUBtYWlsLmNvbSJ9.bGpZNDg6YHtKlTFw7_yuyn3SAICmfvdIV1yX7mIKrTw
09:51:08.370 [main] DEBUG org.apache.http.headers -- >> Accept: */*
09:51:08.370 [main] DEBUG org.apache.http.headers -- >> Host: altashop-api.fly.dev
09:51:08.370 [main] DEBUG org.apache.http.headers -- >> Connection: Keep-Alive
09:51:08.370 [main] DEBUG org.apache.http.headers -- >> User-Agent: Apache-HttpClient/4.5.13 (Java/20)
09:51:08.370 [main] DEBUG org.apache.http.headers -- >> Accept-Encoding: gzip,deflate
09:51:08.733 [main] DEBUG org.apache.http.wire --  << "HTTP/1.1 200 OK[\r][\n]"
09:51:08.733 [main] DEBUG org.apache.http.wire --  << "content-type: application/json[\r][\n]"
09:51:08.733 [main] DEBUG org.apache.http.wire --  << "date: Mon, 08 May 2023 02:51:08 GMT[\r][\n]"
09:51:08.733 [main] DEBUG org.apache.http.wire --  << "transfer-encoding: chunked[\r][\n]"
09:51:08.733 [main] DEBUG org.apache.http.wire --  << "content-encoding: gzip[\r][\n]"
09:51:08.733 [main] DEBUG org.apache.http.wire --  << "server: Fly/3f2597ca (2023-05-03)[\r][\n]"
09:51:08.733 [main] DEBUG org.apache.http.wire --  << "via: 1.1 fly.io[\r][\n]"
09:51:08.733 [main] DEBUG org.apache.http.wire --  << "fly-request-id: 01GZWMA6JF32YNGRXKDPH3GK6B-sin[\r][\n]"
09:51:08.733 [main] DEBUG org.apache.http.wire --  << "[\r][\n]"
09:51:08.733 [main] DEBUG org.apache.http.impl.conn.DefaultClientConnection -- Receiving response: HTTP/1.1 200 OK
09:51:08.733 [main] DEBUG org.apache.http.headers -- << HTTP/1.1 200 OK
09:51:08.733 [main] DEBUG org.apache.http.headers -- << content-type: application/json
09:51:08.733 [main] DEBUG org.apache.http.headers -- << date: Mon, 08 May 2023 02:51:08 GMT
09:51:08.733 [main] DEBUG org.apache.http.headers -- << transfer-encoding: chunked
09:51:08.733 [main] DEBUG org.apache.http.headers -- << content-encoding: gzip
09:51:08.734 [main] DEBUG org.apache.http.headers -- << server: Fly/3f2597ca (2023-05-03)
09:51:08.734 [main] DEBUG org.apache.http.headers -- << via: 1.1 fly.io
09:51:08.734 [main] DEBUG org.apache.http.headers -- << fly-request-id: 01GZWMA6JF32YNGRXKDPH3GK6B-sin
09:51:08.734 [main] DEBUG org.apache.http.impl.client.DefaultHttpClient -- Connection can be kept alive indefinitely
09:51:08.734 [main] DEBUG io.restassured.internal.RestAssuredHttpBuilder -- Parsing response as: application/json
09:51:08.734 [main] DEBUG org.apache.http.wire --  << "1D6[\r][\n]"
09:51:08.734 [main] DEBUG org.apache.http.wire --  << "[0x1f][0x8b][0x8][0x0][0x0][0x0][0x0][0x0][0x4][0xff][0xaa]VJI,IT[0xb2][0x8a][0xae]V[0xf2]tQ[0xb2]24663[0xd1]Q[0xf2]K[0xcc]MU[0xb2]R[\n]"
09:51:08.734 [main] DEBUG org.apache.http.wire --  << "[0xce][0xcf][0xab]T[0x8][0x8]6U[0xd2]QrI-N.[0xca],([0xc9][0xcc][0xcf]S[0xb2]R*[0xc8]I[0xac]T[0xc8]H,V[0xc8][0xcb]W[0xc8][0xc9][0xcc][0xcd],)V[0xd2]Q[\n]"
09:51:08.734 [main] DEBUG org.apache.http.wire --  << "([0xca]LNU[0xb2]2[0xb2][0xb4][0xd4]Q[\n]"
09:51:08.734 [main] DEBUG org.apache.http.wire --  << "J,[0xc9][0xcc]K/V[0xb2]2[0xd1]QrN,IM[0xcf]/[0xca]L-V[0xb2][0x8a][0x8e][0xad][0xd5]A[0xd8]d[0x9][0xb7][0xa9]$[0xb5][0x18][0xa4]A[0xa1][0xa0](?[0xa5]4[0xb9][0x4][0xc3][0xc2][0x92][0x8c][0xcc]b[0x85][0xcc]b[0x85][0x92][0x8c]T[0x98][0x1a][0x85][0x14]$'[0xc1]m7@[0xb2][0xdb][0x18][0x8f][0xdd][0xe6][0x6]D[0xdb][0x8d][0xf0][0x9a][0xa1][0x81][0x1][0xb2][0xf9]F[0xf8][0xcc]7$[0xda]|[0xa2][0xfd][0x6][0xb2][0x1e][0xd9]~S|[0xf6][0x1b][0xd1][0xc6]~[0xa4][0xe0][0xc5]k="[0x11]Q-jI[0xf2][0xbe][0x19]m[0xbc][0x8f][0x1c][0xfc][0xf8][0x92][0xb6][0xb9]9[0xed][0xed]7[0xc0][0x17][0xfd][0x16][0xb4][0xb7][0x1f][0xaf][0xff]i[0x90][0xb5][0xd1][0xe3][0x1f][0x9f][0xff]-[0x88][0xcf][0xde]dg?|[0xfe][0xb7][0xa0]C[0xf6][0xc7][0xeb][0x1a]e[0xe4][0xf4][0x8f][0xd7]~c[0xda][0xa7]?[0xbc][0xf6]#[0xca][0x1f][0x8f][0x0][0x85][0xdc][0xcc][0x92]|[0x8c]*[0x5]\[0x87][0x95][0xa4][0x16]%%ff#[0x8a]xS3s[0xa4]"[0xe][0xaf][0x15][0x88],[0x1e][0xe1][0xe4][0x1f]a[0x88]a[0x1][0xc2]P[0x13][0x94]*[0x11][0xbd][0xdc][0x84][0xd6][0x87]F[0xa6]&[0x88]D[0xe3][0x9e][0x98][0x9b][0x99][0x97][0x8e]a[0xa4][~[0x91]B:XJ[0xa1][0xa0][0xb4][0xa8] [0xbf]8[0xb5]X[0xa9][0x16][0xb9]J[0xb5]@[0xe4];*T[0xde][0xf8]*PKD[0xc][0x7][0x4]+`6[0x11][0xd2][0x13]sS[0x15]L[0x15][0x8a]K[0x12][0x8b]p[0x5][0x4][0xbe][0xc]d[0x89][0x88]@[0xb7][0xd2][0xa2][0xbc][0xcc][0x92][0xd2][0xa2]T[0x85][0x90][0xfc][0x2][0xcc] [0x81][0xcb][0xa6]$[0x16]e*x[0xa5][0x16]$[0x16]%"l44An[0x8d][0xe0][0x89]O[0x13]P[0xd5]N[0xbd]v[0xf]^[0x9b][0x10][0xf1]L/[0xbf]!"[0x8b][\n]"
09:51:08.735 [main] DEBUG org.apache.http.wire --  << "[0xc9][0xc2][0x0][0x0][0x0][0x0][0xff][0xff]"
09:51:08.735 [main] DEBUG org.apache.http.wire --  << "[\r][\n]"
09:51:08.735 [main] DEBUG org.apache.http.wire --  << "4AD[\r][\n]"
09:51:08.735 [main] DEBUG org.apache.http.wire --  << "[0xc2]][0xf1][0x98][0x18] [0xe2]-[0xa0](1[0xb9]$391G!<??%5O[0xc1];/3-[0x15]#[0x2][0x1d]s2[0x13][0x8b][0x15][0xd2]J[0xd3][0x13][0x15]JK[0xf4][0x90]b[0xe][0x14]![0xf0]v$^;[0x11]9[0xd1][0xb3] #?/U[0xc1][0xd0]P[0xc1][0xcc]D!=[0x9][0xc3]2p[0xa6]'[0xaa][0xe1][0x8a][0xd7]BD.[0x83]YhDS[0xb][\r][0x11][0xd5][0x19][0xcc]B[0xda][0xfa][0xd0][0x10][0x91]D[0xe9]d![0xdd]R[0xa8][0xa1])[0xbc]j[0x82][0xe6][0x5]s[0x1a]%[0x13]CD[0xba][0xc]H[0xcc]I[0xf4][0xc9][0xf7][0x1][0x15]L8zRX[0xba]Q[0xc6][0xc6]HU[0x11][0x9e][0xc2][0xd2][0xc4][0x10][0xd1][0xda]#[0xb7],[0xc6][0x97][0xdc][\r][0x11][0xc9][0x9d][0x16][0xc6][0x1b]![0x12][0xb7]SQbrjN*f[0xff][0xcf]71%U!?M!#3=C[0xa1][0xb0]41'[0xb3][0xa4]R[0xa1] 5[0xb1]([0x7][0xb9][0xe7][0x9]2[0x89][0xa8][0x12][0xc3][0x8][0x91][0xbc]i[0xe2]#D[0xeb][0x8b]&[0xc6]#[0xf2][\n]"
09:51:08.735 [main] DEBUG org.apache.http.wire --  << "[0xdd][0x2][0xc]Q[0xac][0xd3][0xcd]JD>[0xa5][0xa6][0x95][0xf8][0xf2][0x91][0x11][0xa2][0xd7]HM+[0xf1][0xe5]-#D[0x19][0x1]-[0x8d]0[0x9b]R[0xd4][0xa9][0xb4][0x8c][0x10][0xb9][0x98]FMb[0x13]c[0xfa][0xe4]dX[0x83][0xd9][0x2][0xa9](wLNN-.[0x86][0x8c]2[0xa1][0x8f]V[0x95][0xe4]+[0xa4][0xe6]e$[0xe6]%[0xa7]*$[0x16][0x80][\n]"
09:51:08.735 [main] DEBUG org.apache.http.wire --  << "[\r][0x10][0x13][0xa5][0xdd]lb[0x8c]([0x10][0x8a]S[0xb]RS0[0xb][0xea][0xc4][0xcc]J[0x90] l[0x90][0xcb][0x94][0xc8][0x9e][0x90][0x89]1[0xa2],[0xa0]W[0x9a][0x2][0xd5][0x1b][0xd0][0x96],[0xb5]=C[0xff]b[0xc0][0x18]Q[0xc][0x4][0x83]cF[0xc1]'[0xb3][0xb8][0xa4][0x8][0xdc]gC[0xad]J[0xa1][0xd2]9[0x10]i[0x85][0xbc][0xf4][0xd4][0xa4]RPMBz[0x94]![0x8a][0x1][0xa8][0x99]P+[0x15][0x9c][0x12]s[0x12]1[0xbb] PE[0xa8][0x16]+$%[0xe6][0xa5][0x83]k2[0xa8][0xfd][0xa6][0xc4]'[0x19]D[0x99]@[0xb7]$[0x83]hA[0xd0][0xcd]JDyD/+M[0x10][0xe5]SPiqIf2[0xac]g[0xe2][0x94][0x88][0xd9][0xd7][0xe]-QH-*[0xca]/R(JM.-N[0xcc]KILU([0xc8]/.[0xce][0xcc]--V[0xc8][0xcd][0xcf][0x1][0x8d]X'[0xa6]*[0x14][0xa7][0xa6](d[0xe6][0x16][0xa4][0xa6]d[0x92][0xd7]yA[0xea][0xf4]#:L>[0x99]y[0xa9]y[\n]"
09:51:08.735 [main] DEBUG org.apache.http.wire --  << "N[0xf9]%%9X:L[0xa5]%[\n]"
09:51:08.735 [main] DEBUG org.apache.http.wire --  << "[0x5][0xa9]E[0xc5][0x5][0x99][0xc9][0x99][0x89]%[0x99][0xc5][\n]"
09:51:08.735 [main] DEBUG org.apache.http.wire --  << ")[0xf9]9[0xf9]E[0xa9][\n]"
09:51:08.735 [main] DEBUG org.apache.http.wire --  << ")[0x99][0xc9]%[0x89][\n]"
09:51:08.735 [main] DEBUG org.apache.http.wire --  << "[0x5][0xf9]EE[0xf9][\n]"
09:51:08.735 [main] DEBUG org.apache.http.wire --  << "[0x99][0x5][0xc5][0xa5][0xb9][\n]"
09:51:08.735 [main] DEBUG org.apache.http.wire --  << "[0xa9][0x89]d[0xf5][0xa7]L[0xe8]_d[0x99] [0x9a]4[0xc1]9[0xa9][0xa9][0xd9][\n]"
09:51:08.735 [main] DEBUG org.apache.http.wire --  << "[0x90][0x10]p[0xcf][0xc9]/K[0x5][0xb5][0xf0]Ps[0xba]ZZfrff[0xb1]Br~^qjaibIi[0x91]Bb^fn&<b[0x8a][0x15][0xca][0xf2]sJ[0xb]J[0x12]KR[0x15]RRsR[0xf3]2K2[0xc9][0xb][0xc][0xfa][0x17]y&[0x88]"[0xcf]=[0xbf](=5[0xbf][0xb4]X![0xa8]4))[0xb5]H[0xc1][0x19]<[0x9a][0x82][0x16][0x1a])[0x99]%[0x90]4P[0x9a][0xab][0x90][0x8]J[0x1c][0xe0]$[0x90][0x93][0x98][0x94]_[0x94][0x99]_[0x9c][0x98][0xab]PX[0x9a][0xa9][0x90][0x98][0x93]YX[0x9a][0x99][0xa2]PLn:E[0x14][0x8a][0x88]t[0xea]^[0x94][0x98][0x97]Y[0x92][0xaa][0xe0][0x9c][0x9f][0x8]*iQ[0xdd][0xe5]Z[0x2][0xea][0xd5]g&[0x96]([0xe4][0xe7][0xe6]e[0x16]+[0xe4]f[0xe6]e[0xe6]&*[0xe4][0x95][0xe6][0x16][0x96]&[0xe6]*[0x14][0x97][0x16]'g[0x16][0x90][0xeb][0x1a]D[0x11][0x19]\[0x99][0x97]Z[0x94][0x9e][0x9][0xcb][0xce]9[\n]"
09:51:08.735 [main] DEBUG org.apache.http.wire --  << "[0xc1][0x19][0x99]EX][0x93]Z\[0x2]O[0x15][0x99]I[0xa5][0xc5][\n]"
09:51:08.735 [main] DEBUG org.apache.http.wire --  << "[0x5]9[0x89][0xc9][0xa9][0x89]%[\n]"
09:51:08.735 [main] DEBUG org.apache.http.wire --  << "[0xa9][0xe4]e]P[0x81][0xe][0xad]g[0x15]h[0xd4][0x85]4EdE[0xb2][0x9a][0x87][0xc4][0xb6]RL[0x91][0xf2][0x1f][0xe5][0x93]~[0xf8][0x1a][0xbc][0xa6][0xf4][0xcf]O[0xa6][0x88][0xfc]D[0xaf][0x9a][0xc6][0x14][0x91][[0xe8]f%"K[0xd0][0xcd]JD[0xab][0x81][0xac][0xd4][0x89]:U[0x8c]7[0xd5] [0x1a][0xb]4[0xb6][0xc9][0xc][0xd1]F[0x80][0xda][0x84]9[0xb2][0x8f][0xaf]C[0x86]:[0xd6][0x8f][0xee]'X[0xd7][0x85][\n]"
09:51:08.735 [main] DEBUG org.apache.http.wire --  << "c[0xfd]&f[0x88]>[0xb][0xd4][0xa5][0xb4][0xea]:[0x9a]QX[\n]"
09:51:08.735 [main] DEBUG org.apache.http.wire --  << "[0x11][0x1f][0xcf]ft+[0x87][0xa8][0xbb][0xcc][0x1]=[0x9e][0x91][0xe6]dL[0xcc][0x10][0xc5][0xf][0xad][0xe3][0x9]Q[0xea]@m[0x1a][0xb4]i[0x17]QX[0xe1]t)b*[0x0]_-F[0xd5][0x1c][0x85]Q[0x9e]Q[0x12]~4[0x9c][0xe7]31[0xc3]([0xf]1]J[0xff][0xf0]CZT[0x3][0x8d]UZ[0x95]H[0xe6][0x88][0xb2][0xcf]/[0xb1]8S[0xc1]%[0xb1]4O[0xc1]+[0xb5][0xa8][0x14]4[0x95][0x8b][0xda][0xc][0x5][0xcb][0x97][0xa7][0xe6]%fg+[0x94][0xa4][0xe6]%[0xe6])[0xe4][0x96][0x16][0xe5][0xa6]"[0xcd]J[0x1a]Z[0xa2][0xae][0xeb]A[0xcf][0xcc][0xb0]$fa[0x89]H[0xb5][0xc9][0xf9]y%[0xf9][0x19][0xba][0xc9][0x88][0xb5]M[0xe8][0xa3]Nn[0x89][0xc5][0x19][0x99][0xf9]y[0x89]I9[0xa9][0xa8]cM[0xe6][0x88][0xd2][0x14][0xec]6[0x84][0xdb][0x15][0x12]+[0x13]s[0x15][0xd2][0xf3][0x8b]R[0xb1][0xcc][0xfd][0x82][0xd5]R[0xc9][0x1f][0x88]tN[0xd8][0x1f][0x98]*[0x90]g[0x9c]M[0xcc][0xe9]Vb[0x9b][0xd3][0xad][0x1c]EZ[0xbd]C[0xeb]t[0x8c][0x91][0x8f]i[0x95]c[0x90]V[0xa4][0xd0][0xd8]O[0x16][0x88][0x14][0x11][0xe1][0x94]_[0xa1]0[0x18]J&[0xb]D[0xaf][0x3][0x87][0x9b][0x10]K+[0x10][0xe5]&[0xfd][0xda]r[0x16][0x88][0x1c]98[0xdd][0x87][0x92]N[0x1][0x0][0x0][0x0][0xff][0xff]"
09:51:08.735 [main] DEBUG org.apache.http.wire --  << "[\r][\n]"
09:51:08.736 [main] DEBUG org.apache.http.wire --  << "545[\r][\n]"
09:51:08.736 [main] DEBUG org.apache.http.wire --  << "[0xa2]tQ(z[0x1][0x8b][0xdc]Z[0xb2]D[0x94][0xec]8Bb [0xe2][0xc7][0x12]Qf[0xf]&W!r[0x1a][0xad]c[0x5]9[0xff]`[[0xec]4[0xb0][0xd9][0xc7][0x12][0xd1][0xf0]%m-[0x16]zJ[0x84]U[0xf5][0xd4][0xe8][0x9f]Y"[0xe7][0xe9]A[0x17]f[0xa6][0xa0][0xe5]5[0xd0][0xd1]+[0xd2][0xc2][0x8c][0x86][0xed]ZS[0x3]D[0xee][0xa7]m[0x8a]65@[0xe4][0x1d][0xec][0xde][0x1f][0xd0][0x14]mj[0x80]h[0xec]`w[0xde][0x0][0x94][0x82][0xa6][0x6][0x88]lF[0xeb][0xd8][0xa1]<[0xef][0xd0]2[0x99]"[0xad][0xc7][0x1a]<[0xb1][0x83][0xb4]f[0xb][0xbb][0xa3][0x6]6E[0x1b][0x12][0xca]p[0x3][0x91][0xa2][\r][0x11][0xf5][0x1a][0x8d]S4[0xd2]Z[0x5]Z[0xdb]D[0xb7]\[0x8a][0xb4][0xc0][0x8d][0xd6]~B[0x94][0x7]4[0xb6][0x9][0xb4][0x86][0xc]Z-[0xd2][0xda]&D[0x9b][0x92][0xd6]6[0xd1]-[0x95][0x1b]![0xaa]-Z[0xfb][0x89]n[0xa9][0x9c]nK[0xb4]L[0x8d][0xe8][0x97][0xca][0xe9][0xd5][0x9f]3EZ[0x13]F[0xe3][0x14][0x81][0xb4][0x86][0x8b][0xd6]6!r[0xee]`[0xac]i[0x8d][0x11][0xd9][0x1d][0xbb][0xf3][0x6][0xa2][0xa6]E^[0xc7]E[0xd3][0x11][0x4]Sc[0xba][0x95][0xc][0xc6][0x88][0xf1]`[0x8f][0x0][0x5]g[0xd0]"[0x9c]L,[arR[0xb]J[0xf2][0xb][0x14]0[0xf6][0x1a]Y[0x82][0x0][0xd2][0x12]o[0xf4][0xce]([0xd2][0xb0][0x88][0xa9]1[0xdd][0x8a][0x6][0xa4]ER4[0xdb][0xba][0x89][0xee]Sx[0xb7][0x1b][0xa9][0xdb][0x3][0xdf][0x1a][0x83][0xb1][0xb4]"[0x8d][0xc0].([0xe4][0xce];[0xd5][0xbc]@[0xd4][0x1c][0x14][0x95][0x9c][0x8f](^[0x8]9[0x1f][0x91][0x93]A[0xbb]#[0xf1][0xa4]%j[0x87]0[0xa2]1O[0xc8][0x89]d[0xef][0xaf]DO$[0xc8][0xd9][0xc1][0x4]Q[0xc4]Q[0xd5]~<![0x88]b=[0xa2][0x88][0xa1][0xaa][0xf5][0xf4]Ld[0x88][0x2][0x85]f^[0xc0][0xd9][0x5][0xa7]R>A4bh[0xe6][0x5][0xf4]DH[0xe5]|[0x84][0xb4][0x84]l[0xc8]z[0x1]1dG3/[0xa0][0x9f][0xb4]@[0xed]X [0xbe][0xc0][0xa5]ZiFm/[0xc]@[0x81]Lm/[0xd0][0xa8]L[0xa7]c[0xa1][0x8a][0xb4][0xd2][0x90]fy[0x81][0xd6]%[0x12][0xa2]j[0x83][0xf5][0xa2]LMi4)mj[0x8a]h@Sw[0xa7][0x8a][0xa9])[0xa2]z[0xf3][0xcc]+I[0xcd][0xc9][0xc9]LO[0xcd]+Q[0x8].IM[0x5][0xad][0x10][0xce][0xc7][0xb2][0xaa][0xdc]3[0x5][0xb4][0xb3][0xb0]8S!/[0xb1][0xa4][0xb4][0x18][0xb4]h[0x1a]D$[0x16][0x93][0xb5]n[0xdc][0xd4][0x14]Q9[0xc1][0xc2][0x11][0xa3]![0x8b]o[0x1d]![0xd1]k[0xe6]L1W,[0xd2]*[0xba][0xe8][0xb6][0xe2][0xd0][0x94]n+[0xe]M[0xe9][0xb6][0xe][0x10]|[0xb2][0x4]}F[0x16][0xcd][0x10][0x89][0xdf]5/[0xbf]([0x17][0xb4][0x81]  '[0x11][0xbc]D[0xde]9#1[0x13][0xb4][0xf6][0x9]u[0x91]T[0x18]d[0xb3][0x4][0xe8][0x8c][0xa5][0x92]T[0x85][0xbc][0xfc]<[0xd0])Ke[0x99])[0xa0]<[0x93]ZL[0xd6][0xf2]xS[0xa4]5j.[0xa5]E[0xa0]uP[0xa0][0xed]69[\n]"
09:51:08.736 [main] DEBUG org.apache.http.wire --  << "[0xd8]][0x10][0xc][0xdd][0xe][0xa0]PX[0x9a][0xaf][0x80][0xb4]w!3[0x8f][0x9c]m[0x1b][0xa6]t[[0x8a]f[0x8a][0xb4][0x14][0x8d][0xc6][0x19][0x9d]nK[0xad]L[0xe9][0xb6][0xd4][0xca][0x94]nK[0xad]L[0xcd][0xe9]V #[0x1d]>[0x14][0x10]l[0x82]Y[0xea][0x17][0x9b]($%[0x16][0x95]"[0xfa][0xee][0xc6][0xf8][0xd7][0x1f]"[0xf7]<[0xe9][0xb6][0x8c][0xcb][0xd4][0x2][0xd1]([0xa6]q[0xba]FZ0Fk[0x9b][0x10]MLZ[0xdb]D[0xb7][0x89][0x10][0xb][0xcc][0x6][0x1b]f[0x92]#[0xfa][0xbc]>[0xf4][0xd6]%J[0xda]C[0xb4][0xd6]h[0x1d]z[0x88][\n]"
09:51:08.736 [main] DEBUG org.apache.http.wire --  << "[0x8c][0xd6]6[0xd1][0xad]T[0xb0][0xc4][0xd8]XB[0xab]f[0x1a][0xd2][0x12]:[0x1a][0x87][0x1e][0xd2][0xb2]8Z[0xdb][0x84][0xe8][0xdf][0xd2][0xda]&D[0x19]A[0xf5][0xd2][0xdb][0x92]n[0xa5][0x2][0xd2][0x8a]8Z[0x87][0x17][0xbd][0xf2][0xaa][0x19][0xd2][0xe2]0[0xd7][0xa2][0xf4][0xfc][0xbc][0xfc][0xdc][0xcc]d[0x5][0xc7][0x9c][0xd2][0xdc][0xcc][0xbc][0xd2]\[0xac][c[0x1d]KK[0x14][0x92]R[0x13]K[0x12]S[0xe1][0x1b]?Ss[0x15]r[0x13]+2sS[0x15][0xf2]Rs[0xf3][0x15]2srJsA[0x9b]b[0xc1]}?r[0x9a][0x9a]f[0x6][0xf4]*[0x16][0xcd][0xc][0xe8]UX[0x99][\r][0xee][0xb5]Df[0x83]q-[0x91][0x19][0xfd][0xd6][0x12]![0xed]C[0xa1]u[0xe6][0xa6][[0x8a]3[0xa0]Ws[0xd3][0xc][0xe9][0x88]:[0xda][0x86][0x9e][0x19][0xd2]4[0x7][0x8d]m2[0xa4]W#[0xd0][0xc][0xe9][0xac]1[0xec][0x8b][0xb][0x6]t[0x95][0xa1][0x19][0xd2][0xf2]-[0xec][0xce]C[0xf4][0xba][0xe8][0xb6][0xbb][0xc3][0xc][0xe9][0xb8]1[0x1a][0xa7][0x3]#D3) [0xd8][0xd0][0x80][0x82][0x8e][0x0][0xfa]9Y[0xf0][0xc1]~[0xa4][0xaa][0x1]r[0x14])[0x86]%[0x84][0xe6][0xe7][0xcd][0x8c][0x10]M,Z[0x87][0x7]"_dg[0x16]$[0x16]+$[0xe6][0xa5]g[0xe6]a[0xb8]875/=5[0xa7]4[0xb1](;1[0xf][0xa2]D[0xa1]81/=[0xb1]D!;5/9[0x11][0xbc][0x1b][0xf]z[0x8c][0x8f]!h[0xdd]<[0xce]C[0xe6][0xe0][0xa1][0x84]t[0xac][0xb][0x99]g[0xb9][0x9a]![0xad];[0x83][0x1f][0x3][0xe2]T[0x94][0x9f]W[0x95][0x8a]c[0x8][\r]r[0x92]fQjAjNNj^Ji[0xb1]Bb2[0xe8][0xe8][0x1a][0xd0][0x81]5[0x85][0xa5]d[\r]c[0x9b]!-I[0xf3]MM[0xc9][0xcc]O.J[0x5][0x8d][0xe2][0x81][0x8e][0xf3][0xc4]q8[0x8b]#[0xd8][0xce][0xbc][0x92]L[0xd0][0x1]4%[\n]"
09:51:08.736 [main] DEBUG org.apache.http.wire --  << "[0xf9][0xe0][0xb3]Z[0x12][0x15][0xca]Rs2K[0x14][0xf2][0xf2][0x93]2[0x8b][0xc9]je![0x1d]_6[0xe4]b[0x12]i[\r][0xdc][0xd0]s;bzw[0xe8][0xb9][0x1d][0xd1][0xa6][0x18]znG[0x94][0xe4]4.#[0x91][0x96][0xb]z[0xe6]%[0x17][0xa5][0xa6]d&[0xe5][0xa4]*[0xc0]J[0x9a][0x9c][0xfc]d[0xcc]=[0xd5][0xae][0x89][0xf0][0xe3]{[0x14]R[0xf3]2![0x1d][0xa8]bP[0xfe]N-N[0xce],[0xcd]+QH)M[0x6][0x1f][0x94][0x5]9[0x9b]*[0x97][0xac],O[0xb7]%[0x83]fH[0xb][0xf9]h[0x1d][0xd8]tkP#[0x1f][0xa9]E[0xd3][0x5][0x97]f&[0xf4][0x1a][0xd5]03[0xa1]qu[0x8e][0xb3][0xd1]C[0x85][0xea][0xdc][0x84][0xf2]a[0x2]"[0x8f]273[0xa1][0xdb][0x90][0xc][0xd2][0xfa]%[0x1a]g[0x1c]SD=Dk[0x9b][0xe8]V[0xf2]"-[0x17][0xa1][0xb5][0x9f](O|[0xc4]-[0x8d]4[0xa3][0xdb][0xba][0x7]3[0xba][0xad]F0[0xa3][0xdb][0xa9]Dft;+[0xc8][0xc]t[0xcf][0x5][0xb9][0xab][0x11][0x0][0x0][0x0][0x0][0xff][0xff]"
09:51:08.736 [main] DEBUG org.apache.http.wire --  << "[\r][\n]"
09:51:08.736 [main] DEBUG org.apache.http.wire --  << "553[\r][\n]"
09:51:08.737 [main] DEBUG org.apache.http.wire --  << "[0xc2][0xbc][0xe6][0x9][0xcf][0xb4][0x91][0x19][0xd2]:[0x0][0x1a][0xa7]r[0xba]M[0xc5][0x9b]!M[0xc5]{[0x14]([0x84]e[0x96][0xe5]+D[0x1a][0x19]a[0xe9]W[0xe6]f[0xe6]dfg*[0x14][0x17][0xa4][0x16]g[0xa6]ef[0x83][0xce][0xaa][0xa9]L[0xcc]KWH,[0x0][0x9f]`[0xb][\r]L[0xd0][0x4]0[0xea][0x1c]0zM[0x84]4[0xf]gfNJ[0xf7][0x19][0xcb][0xb9][0xf2]xr25[0xfb][0xaf]H[0x8b][0x8][0x2] [0xd7]z)8[0x96][0xe6]d&*[0x18]c[0x84]Sf^&h[0xc1][0x9][0xe8][0xea]/[0x85]D[0xb8][0x1a]h[0xe0][0xe0][[0xbf][0x87][0x12],[0x88][0xc6][0x1][0xad][0xd3][0x19][0xa2]~[0xc5]>[0xc8]4[0xb0]c`H[0xeb][0xf][0xb0];[0xf][0xd7][0x18][0x18][0xce][0xf5][0xda]Th[0xfe] -\[0xc0][0xee][0xa8][0x1][0xe]3D[0xa5][0x8f][0xdd]y[0xb8][0xc2][0xc][0xbd][0xe4][0xa3]f[0xe]B:[0xb5][0x6][0x9c][0x83][0xb2][0x15][0xdc]3Ss0rO[0x8][0xe8]([0xe2][0xbc]t[0xd0][0x85]x[0xd9]E[0x99][0x5][0xc5][0x99][0x8][0xb7][0x12][0xbf][0xc3][0xc8][0xcc][0x2][0xd1][0x8a]G[0xb2]L!;U[0x17][0xb3]\[0xa3][0x92][0x8d][0x88][0xc][0x8b]f#f[0x9]A%[0x1b][0x11][0xcd] [0xf8][0xf6]"[0x9a][0xde]*d[0x86]t![0x13][0xd8][0x8f][0xc9]%[0xb4]-[0x4][0x91]V[0x19][0xd0][0xc9][0x87]t[[0x3]`fIJ[0xbd]G[0xf0]fJ[0xf4][0x8c][0x8b]\[0x95][0xd0]m[0xf6][0xdc][0xc][0xe9][0x90][0x18][0xda]VZ[0xe6][0xa0]qk[0xba]4[0xf8][0xcc][0x91][0x8e]V[0xa1][0xb5][0x9f][0x10]%[0x8][0xad]mBT[0xf9]4[0xb6][0x9][0xe9]l[0x11]Z[0xdb][0x84][0x18][0x1e][0xf5][0xc][0xf0][0xf0][0xf7]sU04U[0x8][0x8][0xf2][0xc7][0xa8]`<\[0xfd][0xdc][0x3][0xfc][0xfd][0x10][0xd5][0x8a][0x9][0xa8][0xdf][0x8f]s[0x12][0x4])'[0x99]#[0xcd][0xd4][0xd3][0xda]7[0x88][0xfa][0x8b]v[0xbe][0xa1][zC[0x9a]f[0xa5]q[0xb8]![0xcd][0x98][0xd2][0xda]&Dz[0xa3][0xb5]M[0xf4][0xaa])[0xcc][0x91]&[0xe9][0xdc][0x12][0xf3]J k[0xec]}[0x13][0x8b]@C[0xe8]>[0x89][0xb9][0x98][0x97][0x85][0xb8][0x96](dd&[0x83][0xd6][0x1d][0xe5]#[\r][0x8a][0x83][0xc6]2[0x88][0xca]OH[0xf3]qI[0x89][0xc5][0xa9])Ei[0x99][0x15][0x18][0xf9][0x15],[0x93][0x9a][0x96]X[0x9a]S[0x92][0x2]Z[0xeb][0xf][0xed]H[0x99]Y[0x82][0xba][0xe2][0xc4]YC[0xaf]ajs[0xa4][0xfb]qh[0xd3][0x93][0xc6]S[0xcf][0x9b]#[0xdd][0x94]C[0xe3][0x14]I[0xb7]C[0x9][0xcc][0xe9]6[0x97]aN[0xb7]3[0x9][0xcc][0x91][0xfa][0x9f]4[0x8e]'[0xa4][0x8d][0xe5][0xb4][0xb6][0x9][0xd1][0x17][0xa1][0xb5]M[0x88][0xcc]L[0xb3][0x9a][0x11][0xd4] [0x80][0xb6].[0xe9][0x9f][0x8d][0x91][0xe6][0x6][0x6][0xc0]r[0xba][0xd5]jHWg[0xd0]8[0xc5] ]_1[0x0][0x1][0x8a][0xc8][0x18][0x3]`9[0xa2][0x9d]?[0x0][0x96]#2*[0xfd]-G[0xda]F:[0x0][0x96]#f[0xf7][0x6][0xc0]rD[0xe][0xa6][0xc7][0x18][0x8d]9[0xdd][0xa6][0x93][0xcc][0xe9][0xb6][0xb9][0xd5][0x1c]i:[0x9][0xfb][0xf8][0xe9][0x80][0xe][0xef][0x9a][0x83][0x1a][0xbe][0xd0][0xea][0x9][0xbb][0xf3][0x90][0xfa][0xb6]([0x97][0xb5][0xa3][0xb7][0x1e][0xa9]8[0xbc]kN[0xb7]=[0xaa][0xe6]H[0x13]c[0xd8][0xbd]?[0xb0][0xb1][0x83]4[0x9b][0x86][0xdd]y[0x3][0x12];[0x88]>[0xe4] r[0x14]b[0x0][0x2][0xbb][0xa3][0x6]8"[0x11][0xb5]'v[0xe7][\r]HD"j[0xd5][0xc1][0xe3][0xa8][0xc1]=[0x1d]f[0x8e][0xb4]%w[0x10][0x85][0x19]"G[0xba][0x94]f[0x97]b.[0xe3]F[0xa4].3[0xd4][0xd9]t[0xf4]R[0x1c]y[0x84][0x12]i[0xff],v[0xaf][0xe]l[0x96]B[0xb9][0x19][0x2][0xdb])[0xf2][0x8]O[0xd3]mC[0x83]9[0xd2][0xac][0xd6]`[0xc]3[0xa4][\r][0xb0][0xd8][0x9d]7[0x10]afIh[0x86]y`[0xd3][0x19][0xd2][0xd6][0xd4]A[0x14]f[0x83][0xbb][0xba]C[0x9a][0xbc][0x1b]DaF[0xa8][0xba][0x1b][0xd0]tf[0x81][0xb4][0x89]w[0xd0][0x84][0x99][0x5][0xd2][0xe6][0xc3][0xa1][0xb6]Q[0xc0][0x2]i[0xb6]u[0xe8][0xb9][0x1d]Q[0xa3]cO[0xc][0x3][0x9c]V[0x9][0x15]?[0x3]P[0x8f]X[0xd0]m[0xbb][0xb9][0x5][0xd2]vs[0xba][0xf][0xca]X M[0x83][0xf][0xc6][0xa4]a[0x88][0x18]3[0xc2][0xee][0xbc][0x81]H[0x1a]H[0x93][0xed]C[0xae](@[0xda]=[0x8f]=@[0x7][0xb6](@[0xda]`[0x8d][0xdd]y[0x3][0x12][0xdf][0x88][0x91]r[0xda]N[0x8]X -G[0x18]z)[0xb][0xd1] [0x2][0x87][0x92]cQfzb~[0x9][0xe8][0xfc]-[0xd4]C[0xf0][0xa8]r[0x1c][0xa3][0x5][0xd2]z[0x8a]![0x17]TH[0x1b][0xd5][0xe9][0xb3]z[0xd0][0x2]i[0xc3]:8r[0x2][0x82]it*[0x92][0x5][0xd2][0xa6]sz[0xf9][\r][0xd1]|[0xa0][0xb5][0xdf][0xe8]V[0x10] m[0xc3][0xa6][0xb1][0x9f][0x90]6M[0xd3][0xda]&[0xc4][0xe4][0xd3][0x90][0xcb][0xb1][0xc6]h[0x85][0x1b][0xed][0xf2][0xf][0xd2][0xde]K[0x9c][0xf1][0x81][0xa8][0x4][0x89]>[0xbe][0xd6][0x2]i_[0xa4][0x2][0xc6]J&[0xea][0x14][0xc9]&t[0xb]$[0xa4]e[0x10]C.)![0xad][0xa2][0xc0][0x19][0xc1][0xd4][0x89][0xf]SD[0xe3][0x99][0xd6]6![0x6][0xdd]hm[0x13][0xa2]+Kk[0x9b][0x10][0xb]]im[0x13][0xdd]*0[0xa4][0x83][0xc0]i[0xed]'DY0[0xe4]r([0xd2][0x12][0x8d][0xa1][0xe7][0xf6]!\[0xc9]"[0x9d]F>[0xf4][0xc2][0x1d]Q[0x2][0xe]=[0xb7]#[0xca][0x9f][0xcc][0xbc][0x94][0xfc][0xdc][0xcc]T[0x8c][0x6]Bbv[0xa9]Bqiv[0xa2][0x2]B[0x1]t[0xb5][0xb3][0x11][0xd1]S[0x80][0x16]H[0x8b]W[0xa0][0xa5][0xf][0xe6][0x9d][0xf5][0xf8]j>[0xba]M[0xbc]Y [0x9d][0xec][0x8e][0xd3][0xa5][0x88]F[0x18][0xbe][0x9d][0xb3]T\[0xc8]ba[0x8e]^[0x9f][0x17][0x9b][0x16]c[0xc4][0x14]<[0x0][0xd1]w$[0x9b][0x99][0x99][0xe1][0xd9][0x91][0x8c]4Uk[0x81]4U[0x8b][0x88]n[0xd4]><U[0xd2][0x83][0x5][0xa2];E[{[0x10][0xcb]%hk[0xf][0xa2][0xce][0xa3][0xa9]=H[0xf3][0xae][0xb4][0xb5][0x7][0x91][0xde]hk[0xf]"[0x1d][0x4]W[0xe6][0xa5][0x16][0xa5]g[0x82][0xaf]P[0x80]\"[0x82][0xfd][0x1a][0x3][0xcf][0xa2]|[0xd0][0xba][0x4]X[0x19]d[0x9][0xda]UK[0xcc][0x8e][0xb]K[0xa4][0xed]y[0x88][0xc3]mA[0xa6])8[0xe5][0x97][0x94][0xe4]`[0x96]|[0xce][0xf9][0xa0][0xc3][0x9a]J@[0x12]P[0xdb][0xcc][0xcd]A[0x19][0x91]8[0xdb][0x10][0xb5]qpNjj[0xb6][0x82]{Qb^fI[0xaa]BxbNNj[0x9]F[0xe6][0x85][0x9d][0xb2][0x8b]([L[0xc]@[0xdb][0xcc][0x89][0xb3][0xc][0x11][0x8c]C[0xae][\n]"
09:51:08.737 [main] DEBUG org.apache.http.wire --  << "B[0xda][0x9e][0x2]-pi5>[0x85]t[0xc][0x17][0xad]mB[0x14];[0x8e][0xa9]E[0xf9])[0x95]y[0x89][0xa0][0x93][0x94]a7[0x84][0x84][0x80][0xae][0xea]"
09:51:08.737 [main] DEBUG org.apache.http.wire --  << "[\r][\n]"
09:51:08.737 [main] DEBUG org.apache.http.wire --  << "79B[\r][\n]"
09:51:08.737 [main] DEBUG org.apache.http.wire --  << "[0xc0]H[0x1][0xae][0x15][0x5][0xa9])[0x99]%[0x89][\n]"
09:51:08.737 [main] DEBUG org.apache.http.wire --  << "[0xa5]%[0xa0][0xb3][0xfc][0x14][0x92][0xf3][0x8b][\n]"
09:51:08.737 [main] DEBUG org.apache.http.wire --  << "[0xf2][0x8b][0xc8];[0xcc][0xcf][0x2][0xe9][0x8e]I[0xe4][0x8c][0xe5][0x93][0x99][0x97][0x9a][0xa7][0xe0][0x94][0x98][0x8e]i{q[0x89]BjQQ~[0x91]B^fFf[0xe][0xc8][0x5][0x99]%[\n]"
09:51:08.737 [main] DEBUG org.apache.http.wire --  << "[0xc5][0x99]y%[\n]"
09:51:08.737 [main] DEBUG org.apache.http.wire --  << "E[0xa9]E[0xa5][0xb9][\n]"
09:51:08.738 [main] DEBUG org.apache.http.wire --  << "[0xa5]99[0x89]d[0x9d]2fA[0xb7][0xbd]%[0x16]&[0x88]b[0x8b][0xc6]1L[0xb7][0xb3][0xbf],[0xe8][0xb6]_[0xc6][0x82]n[0xa7][0x8c]Y [0xdd][0x1d]5[0xe4][0xca]+[0xa4][0x85][0xce][0xd0]46X[0x9b][0xb2][0x98][0xab][0x9f]1][0x8a][0xa8]n[0xe8][0xd6][0x94]E[0xaa][0x18]izj[0x9e][0x5][0xe6])>[0x98][0xfe][0x87][0xb7][0x99][0xb1][0x9c]f@[0xbf]N[0x7][0xd2]A>8[0xd3][0xd4][0x0][0xc4][0x14][0xa2]s[0x88][0xd3]U[0x83]$[0xfc][0x10][0xed][0x1f][0x9c].[0x1d][0x80][0xf0]C[0xb4][0x2][0xb0][0xcf]h[0xf][0xec][0x84];[0xa8]u9[0xd8]vlX [0xad][0xda][0xa6]i[0xc7][0x3][0xf3][0xee][0xa5][0xc1]Z6 -[0x14][0x1f]Di[0xdb][0x2]c0~[0xd0][0x86][0x1f][0xc6]`>[0xa6]K[0xe9]_6 [0x9d][0xb4]C[0xd3]t[0x8e]|[0xce][0xe][0xb8][0x1b][\n]"
09:51:08.738 [main] DEBUG org.apache.http.wire --  << "[0xeb]g*[0x84]'[0x96]$g`t[0x3]|R[0x13]K2R[0x91][0x8e]4[0xb0]0[0x2]mU%[0xa6][0x17]j[0x81][0xb4]X[0x17][0xd2][0xe5][\r][0xcf][0xcf][0xcf]![0xbe][0xbf]kd[0x4]*[0x91][0x88][0xb3][0x9]1[0xdc][0x82][0xdc][0xbb][0x9][0xce][0xcc][0xc9]Vp[0xc6]z[0x9e]2[0xe4][0xb0]eD<[0x1b][0x19][0x81][0x86][0xba][0x88][0xb1][0xcc][0x12]i[0xe9]*[0xe2][0x0][\n]"
09:51:08.738 [main] DEBUG org.apache.http.wire --  << "[0x88]y[\n]"
09:51:08.738 [main] DEBUG org.apache.http.wire --  << "[0xce][0xf9][0x89][0x98]][0xf9][0xe0][0xfc][0x9c][0xd2][0x92]D[0x85][0xd4][0x12][0x85][0xe4][0xd2][0x82]LP[0x97][0xae]$[0x15][0xe9]$[\n]"
09:51:08.738 [main] DEBUG org.apache.http.wire --  << "[0xfc][0xe7][0xdb]#[0x8d][0xc6]Y"[0xdf][0xa3][0x81]4:[0xe2][0x9c]_P[0x90]Z[0xa4][0xe0][0x9d][0x97][0x99][0x6][0x1a][0x9b]@[0x1d][0x9e][0x83]8[0xc][0xe1]Q[0xb]KP[0x7][0x9b]8[0x8f]"r[0xca]Pk[0x95][[0x1a] [0xb5]U[0xc0][0xe9][0x1c]zBH@b^[0x9][0xe6]HiPiR[0x12]r"75[0x3][0xdd][0x92]H\ !*uH"[0x87]g([0xec]VA[0xfb][0xfc][0x88][0x8][0xb1][0xb4][0x0]M[0xce][0x12]g[0x17]"[0x99]#[0xf]#[0xc0]m[0xf4]N[0xad]L[0xca]O,J![0x9c][0x8b][0xcd][0xc0][0xc7][0x4][0x11]e)[0xd2][0xb2][0xd0]![0x97][\n]"
09:51:08.738 [main] DEBUG org.apache.http.wire --  << "[0x90]n[0xce][0x8][0xce]M[0xcc][0xc9]A[0xba][0xbb][\n]"
09:51:08.738 [main] DEBUG org.apache.http.wire --  << "k[0xa9][0x80]%r@[0x9][0x89][0xb8]pB[0x8c]5 [0xdf][0xc][0x19]a[0xc1][0x9e][0x16][0xc0][0xc3][0x9a][0x88][0x94]`nahJ[0xdc][0xb8][0xbc]%[0xd2][0xba]S[0x8f][0xd4][0xc4][0xb2]J[0x5][0x97][0xd2][0x92]J[0x84][0xef]p&[0x4][0xd0][0xf0]&[0xb2][0x85][0xa0][0xa1][0x18][0xe2]|[0x87][0xa8][0xdf][0xe1][0xb7]R8[0xe7][0x97][0x94][0xe4][0xe7][0xe1]*[0xd0]![0x19][0xe]a[0x99][0x89][0xa5][0x81][0x5][0xb1][0xbe]C[0x14]<[0xc8][0xc5]9[0xc8][0xf1][\n]"
09:51:08.738 [main] DEBUG org.apache.http.wire --  << "N[0xa9]yX[0xaa])[0xcc]R[0xe]tc[0x13]q>C[0x94][0x14][0x1]E[0x89][0xc9]%[0x99][0xc9][0x89]9[0xb0][0xb3][0xf8]=[0xb0][0x94][0xe6][0xd0]q[[0x84][0xc7]L[0x8d]A[0xb][0x10][0x89][0xb3][0xb][0xa9]_[0x2]N[0x8f][0x1][0x89][0xa0][0x92][0x1b]{[0xd5][0x8b][0x1e][0x80]F[0xc6][0xa0][0x5]u[0xc4][0xd9][0x83]([0x94][0x82]J[0xc1]#[0xe8][0xd0]:[0x2]k[0xfd][0x4][0x91]Cx[0xc8][0xd2][0x94]x[0x8b][0xb0][0x97]H[0x90][0xf2]T[0x1][[0xf0]A[0xa4][0x10][0x96][0x19][0x99][0x98][0x13][0x9b],@[0xc1][0xc][0xed][0xa0] ][0x9b][0x0][0xc9]`[0xd8]ky[0xf4] 43[0x6]e[0x1c][0xa2][0x82][0xd0][0x8][0x91][0x9d]}2[0xd3]3J[0xca]SA[0xa4][0x2][0xc4]D[0xac]>[0xb][0xcf][0xcf]OIE[0x9a][0x8a]0[0xb5][0x4]-[0xa8]#[0xce]2D[0xee][0x1a]re[0xac][0x11]Rf[0x5][0xa7]i[0xd8]4[0x89][0x2][0xf6]B[0xf][0xa3][0x8c]5[0xb3]05&[0xb2]`0B[0xe4]Ux)[0x4][0xc9]B[0xd8][0x92][0x1a]F[0xdb][0xd5][0xc8][0x14][0xb4][0xe7][0x8e][0xb8][0x18]A[0xe4]T[0xf8][0x85][0xde][0xf0]z[0x16][0xbb][0xc7][0xd0][0xb3][0x91][0x91][0x5][0xe8]hP[0xe2]lC[0xe4]W[0xe4][0x8a][0x1d][0xb7][0xd7]@-[D[0x1e]"[0xfe][0x98]1K[0xa4][0xd5][0xa4][0x8e][0xe5][0xa9][0xc5][0xf9][0xb9][0xa9][\n]"
09:51:08.738 [main] DEBUG org.apache.http.wire --  << "[0xd0]b<8#[0xb3][0x8]K[0xdb][0xb5]$[0x15]|[0xfe]-t[0xc2][0xcb][0xc2][0x92][0xd8]s[0xd3][0xc0][0x89][0x1f][0x9a][[0x11][0xd3]k[0xf0][0xb4][0x81][0xa3] [0x2]U([0x8]YX[0x80][0xe6][0x85][0x89][\n]"
09:51:08.738 [main] DEBUG org.apache.http.wire --  << "Ac[0xc4]("[0xc2]6hQ[0xad][0x10][0x90][0x93][0x8][0x9e][0xb5]Cm[0x19][0x83][0xaa][0x13][0x84]][0xc6][0xc6][0xa0][0xed][0xa2][0xc4][0xd9][0x85]([0x1a][0xa0][0xa5]+$[0xeb][0xe3][0xb0][0x7]#[0xc1][0x9b][0x1b][0x82]F[0x1b][0x88][0xb3][\n]"
09:51:08.738 [main] DEBUG org.apache.http.wire --  << "[0xb1][0x96][0x4][0x9e][0xc][0xa1][0xc9]Z[0x1][0xeb]awP/#[0xfc]eaHtS[0x16][0xe9][0xf6][0x17][0xd8][0xf5][0xf1][0xf0]$[0x8f][0xbd][0xda][0x5]u[0xe8][0x10]V[0x99][0x11]?A[0x89]td[0xda][0x90]+[0xf0][0x90][0xe]aC[0xae][0x19][0xe0]I[0x1b][0xc7]-][0xa8][0xc9][0xcd][0xd4][0x4]47E\[0x1a]@[0xd4][0xb1][0xc8][0xf6][0xc1][0xa3][0x6][[0xd1][0x87][0x1a]1[0xa6][0x86][0xa0][0xed][0xe3]DY[0x86]4O[0x88]l[0x19]4[0x81]c[0x9f][0x81]G[0xaf][0xd2]M[0xc]A[[0xe8][0x89][0xb3][0xe][0x91]m[0x91][0xaa]tp[0xbb][0x18][0xc7][0x95]k`9D[0x9a]32[0x6][0x9d](H[0x9c]][0x88]l[0x8b]d[0x17][0xb4]B[0xc7][0xde]~[0x80][0xc5])[0xc2]>c[0xf0]YB[0xc4][0xd9][0x87][0x94]w[0xe1][0x97][0xe7][0xc2][0xb][0xdb][0xfc]T[0xcc]n(j[0xa9]nnHtm[0x85]<'[0x88]40[0x0][0x8d]5[0x1c][0x9][0x4][0xa5][0xb1]bfItzD[0x9a][0x16][0x84][0xdf][0x92][0x7][0xa9][0xa9][0xb0][0xb7]c[0xd1]c[0xcc][0x4]4[0x82]I\[0x8]"[0xaa]{H[0xf7][\r]Z[0xba][0xe1](h[0xa1][0xb2][0x88][0xc8][0xb2]4[0x5][0x1d][0xfc]D[0x9c]U[0x88][0xfa][0x1e]cP[0x7][[0xf8][0x81][[0x9d][0x8][0x9b][0xcc][0xc][0x88][0x1e]UA^[0x1a][0xf][0x1e][0x99][0x80][0xb4][0x1b][0x88][0xf5][0x93][0xb1])[0xe8]@R[0xa2][0xfc][0x84][0xb4][0xbc]|[0xc8][0x15][0xb2][0xa0]1[0x11]h[0xeb][0x1]:[0xca]M[0xa3]U [0x96][0xa0][0xc6]'[0xd4]&[0xe4][0x12][0xf]Zk+[0xe0]([0xcd]![0x91][0x86]H[0x0][0xa6]&[0xa0][0xc1]9[0xe2][0xa2][0x5][0xd1][0xd8]Gt8a[0x95]:[0xf6]r[0x8]#e[0x9b][0x98][0x82]V&[0x13]g[0x1d][0xa2]}[0x8e]4T[0x0][0xaa][0x8d]p[0x8c][0x18]B}[0x8e][0xf0][0x9b][0x91]![0xb1][0xeb][0x5]-Ac[0xc3]X[0x2][0x13]\[0x4][0xe0][0xe8][0xf][0xa0][0x16]zFfD7[0xc3][0x90]V[0xb0]C[0x9b]a[0xf0]*18[0x3]k[0xf1][0x8a][0xda][0x96][0xb5]4[0x5][\r]m[0x11][0x17][0x86][0x88][0xf6]9[0xd4]*H[0xfc][0xe3][0x18]\[0x6]{[0x17][0x11]~&[0x86][0xa0]Y,[0xe2],[0xc2]^[0xd7][0x83]c[0xb]{[0xe5][0xb].y[0x91][0xec]"[0xbe][0x19][0xb]JA[0xd0][0xb8][0x82]w[0xa6][0xa0][0xde][0xc2][0xde][0xc1][0xc1]H[0x18][0x16]F[0xa0][0xab][0x8][0x88][0xf2][0x18][0xa8][0xdb][0x0][0xb5][0xc]yt[0xc][0xd4]N[0xc1][0x91][0xc][0xd1]JXKCPG[0x93]8[0xbb][0x10][0x15]=J[0x8e][0x86][0x8e][0xb5]`]n[0x87][0x16]e[0xe6][0xe6][0xc4][0xfb][0xc][0x91][0x9d][0x91][0xf2][0x17][0xb4]Y[0x81][0xbd][0xd9][0x8c][0xe6]5[0x12][0x9a]g[0xa0][0x8c][0x8][\r][0xc6]!W[0xa4]c[0xae][0xf9][0xa6]U[0x91][0x8e][0xb9]f[0x9b]f6![0xf2]+[0x8d][0xab])[0xa4][0xc5];[0xb4][0x9c] [0xb4][0x4]-h[0x85][0xa6]0[0xda][0xda][0x83][0xc8]6[0xb4][0xb5][0x7][0x11]C4[0xb5][0x7]T[0xc4][0xd3]#[0xdc]@[0xd3][0x94]P{[0x2][0x82][0x15]0[0xd3]uzbn[0xaa][0x82][0xa9]BqI"[0xd2][0xa4]-[0xfe][0x95]K[0xc8]S[0x8c][0xa0][0x9e][0x1b][0xd4]x[0x1a]'hP[0x97][0x94]>6[0x81][0x86][0xe1][0xe8]d[0x13][0xa2];K[0xe3][0xd0][0x3]UOt[0xf2][0x13][0xa2][0x1b]KS?[0x99][0x18] [0xcf][0xd6][0xd1]r%[0xa0][0x89][0x1][0xd2]Y2[0xb4][0xf6][0x13][0xfd]B[0xf]Q[0xa0][0xd2][0xda]O[0x88][0x1e][0x5][0xad]mB[0x1a][0x0][0xa0]q[0x8a]@[0xf4][0xff]3[0x3]2[0xf2][0xf3]R[\r]1oD[0x3]o[0xa3]JM[0x81][0xdd][0x9b][0x88][0xd4][0xe8][0xc6]{[0x80]1[0xa2]x51@:[0xd5][0x85][0xd6]A[0x87][0xa8][0xf7]hl[0x13][0xd2][0xb4][0x1c][0xad]m[0xa2]S[0xf1]jb[0x80]4[0xfb]Gk?[0xd1][0xad][0x80]@[0xba]8[0x87]x?![0x12]9[0xb1][0xe7]K[0x98][0x18][0x80][0x6][0xa8][0xe8]Q7[0x99][0x18] [0x8d]V[0xe7]f[0xe6]dc[0xac]{A[0xb8][0x1e][0xdf]jv[0xe4][0xc][\n]"
09:51:08.738 [main] DEBUG org.apache.http.wire --  << "Z[0x10][0x1]u;[0xb5]LDD0]N[0xc1]11@:7[0xc4][0xb3][0x0]T[0x96])[0x18][0x1a]*[0x98][0x99]([0xa4]'a[0x4][0x10][0xbe][0xe5][0xda][0xc4]G8[0xd2]5[0x19][0xd8][0x17]6#[0xe2][0x1]K[0x94]z[dM[0xc][0x90][0x86][0xa2]h[0x17][\n]"
09:51:08.738 [main] DEBUG org.apache.http.wire --  << "[0xd4]s[0xb0][0xb1][0xa5]9[0xa2][0xb2][0xa3]iO[0x5][0xb4][0xde][0x2][0x9a][0xc4][0x87][0xdc][0x18][0x2]h[0xea][0x0][0xea]v[0x9a][0xf4]~[0x10]m([0x9a][0x18][0x8f]h8[0xd1][0xc4]xD[0x1b][0x86][0x16][0xc6]#-Q&[0xbe][0xfe][0x0]MrA[0xd7][0xe][0x10][[0x9e][0x18][[0x82][0xe6][0xbd][0xa0][0xb1]Lk[0x9b][0x10]y[0x8e][0xd6]6!"[0x87][0xd6]6![0x6][0xab]im[0x13][0xdd][0xda][0x98]H{[0xb5]i[0xea]'[0x13][0x3][0xa4][0xd3][0x92]im[0x13]b[0x98][0x9a][0xa0]M[0x0][0x0][0x0][0x0][0xff][0xff]"
09:51:08.738 [main] DEBUG org.apache.http.wire --  << "[\r][\n]"
09:51:08.739 [main] DEBUG org.apache.http.wire --  << "50F[\r][\n]"
09:51:08.739 [main] DEBUG org.apache.http.wire --  << "R[0xc0][0xb2][0x1d][0x8d][0xd8][0xfc]db[0x80]t`1[0xad]mB[0x14][0xa0][0xb4][0xb6][0x9]Q[0x96][0xd2][0xda]&D[0x19]1[0xc4][0xea]K[0x13][0x3][0xa4][0xa3][0x8b][0xb1][0xb7][0xcc][0x6]r[0xcb][0x99][0x89][0x1][0xd2]y[0xc7][0xd8][0x9d]7[0x10][\r]G[0xd0][0xac] [0xb4][0xf6][0x19]r[0xf1][\r]Z[0xb8][0xb]u;[0xf1][0xb9][0x2][0x11][0xc8][0xc4][0x17])[0xa0][0xc9]8[0xfa]X4[0x84]s[0x1f][0xd2]b[0xcb]![0x97][0x92]@k[0x97][0xe9][0x12][0xc1]H+7i[0x9b]dA+t[0xa0]>[0xa2]R[0xd7][0x1e][0xb4][0xf4][0x8c][0xca]&"[0xea]Oj[0xb9][0x91][0x9c]z[0x92][0x9c][0x12][0x81][0xac][0xfb]v[0xc9][0xb2][0x8][0xd1][0x92][0x1e]z[0xb9][\n]"
09:51:08.739 [main] DEBUG org.apache.http.wire --  << "[0xd1]6[0xa7][0xd7]`[0x10][0xa2][0x95]I[0xbd]a[0x10]S[0x1d]%[0xe7][0xc4][0x92][0xd4][0xf4][0xfc][0xa2][0xcc][0xd4]b%[0xab]h[0x94][0x11]4D[0x82][0xb][0x8]6[0xc1][0x1c]q*6QHJ,[0x2][0x9d][0x5][0xe][0xed][0x17][0x1a][0x13]{l[0x9c][0x89][0x1][0xd2][0xc9][0xb5][0xb4]-+L[0x10][0xf1]D[0xfd][0xae][0xb4][0x89][0x1][0xf2][0x1a]@[0xda][0xce]k [0x1d][0x8f]K|[0x88][0x91][0xd1]i71@ZmH[0x96]M[0xc4][0x8e][0xd0]"[0xad][0xc][0x84][0xad]R[0x87][0xec][0xfe][0xc2][0xb1][0x8e]([0xb0]43Q!5[0xbf]X[0xa1]([0xb1]$3?/U!/59[0xb5][0xb8]8[0xb3]$[0xb1]$3[0xa9][0xb4]X![0xad]4=3[0xb1]D!1/37[0x13]iW[0xae][0x11][0xa8][0xcb]I[0xc4]r#[0x13][0x3][0xa4][0x5][0x84][0xb4][0xf5]8[0xa2][0xdc]#[0xcb][0x1e][0xe2][0x1b]wH[0xc7][0xf1] [0xad][0x94][0x86].[0xff][0xc2][0xb5]"[0xd2][0xb5]B[0xa1][0xb0]41[0xb5]([0x11]tZU[0x11]8x[0x8b][0x91][0xc2][0x93][0xd8]][0xce]&[0x6][0xa6]t[0x1b]U@Z[0x1][0x7]_[0xc9][0xc]^[0x8][0xa6][0xe0][0x9c][0x9f][PZ[0x2][0xde][0x12][0x8c][0xba]i[0xc4][0xb1][0xb8] [0xb5](3[0xbf]([0xb5][0x18]r[0x16]V~rrbjrbI[0xa6]Ba)y[0xc9][0x7]ye[0x1c][0xcd]F[0xeb][0xa9]7Nmb[0x0]ZS[\r]m[0xf5][0xd0]r[0xaa][0x14][0xe9]&][0x9a]Z[0x83][0xa8][0xae]hj[\r][0xa2][0x1b][0x83][0xb1][0xa5][0x15][0xc7][0x12]c[0xc7][0xd2][0x12][0x85][0x94][0xfc][0x9c][0xfc][0xa2][0xd4]\[0x85][0xa2][0xd4][0x82][0xd4][0x9c][0x9c][0xd4][0xbc][0x94]R[0xe4]<E|[0x19][0x85][0xb4]"[0x8e]F[0x17][0xd2][0x9b][0x18] [0x1d][0x84]E3;[0x90]V[0xc1][0xd1][0xce][0xe][0xc4],3[\r][0xe7]aL[0xc][0x90][0xee][0xe0][0xa5][0xad]=H)[0x9c]vg[0xfa][0x9a][0x18][0x80][0xf6][0x99][0xc1][0xca][0x5]Z[0xda][0x3]:[0x15][0x4]j[0xf][0x8d][0xeb]A[0xa4]5}4Km[0xa0][0xad][0x80]P[0xdf][0xd0][0xce][0xe][0xc4][0x14]4[0xed][0xec]@[0xf4]\[0x7][0xcf]P[0x1e][0xd2]bIZ[0x16][0xee][0xa0]][0xaa][0xd0]8[0x1c]<~G:[0x1a][0x18]g6![0xa7][0xfb]M[0xaf][0x95][0x87]&[0x6][0x96][0x83]1I![0x1f][0xa0]Dt[0xd7][0x8d][0xac]pF4[0xf7][0x7]Q[0xa2]"[0xa7]mN[0x86][0xef][0xc1][0xbd][0x85][0xc1][0x96][0xa5][0xc][0x91]N~[0xc2][0x99][0xa5]0V[0xd4][0x90][0xe5]{D[0x81]M[0xbc]E[0xe4][0xf4][0xda][\r]A[0xbb][0xd6][0x6]_8#5[0x96][0x89][0xce]c[0xe4]y[0x1f][0x91][0xc9]hU3[0x1a][0x82][0x8e][0xbd][0x81][0x6]1[0xad]#[0x13][0x91];[0x3][0x8a][0xf2]SJ[0x93]K[0x14][0x1c]Ks2[0x13][0x15]0[0xd7][0xb2]f[0xe6]e[0xc2][0xd6][0xb1]*$[0xc2][0xd5]@G[0xe4][0x88][0x1c][0x8a]1D[0x9a])[0xa3][0x8f]}[0x88][0x96]9[0x8d]C[0x12]i[0x81]8}|[0x86][0xc8][0xf0][0xf4][0xb1][0xf]Q[0xb5][0xd2][0xc7]>D[0x1f][0x84]>[0xf6]!J[0x10][0xa7][0xa2][0xc4][0xe4]Tl'[0xec][0xfb]&[0xa6][0xa4]*[0xe4][0xa7])dd[0xa6]g[0x80][0x86][0xae]r2K*[0x15][\n]"
09:51:08.739 [main] DEBUG org.apache.http.wire --  << "R[0x13][0x8b]r[0x90][0x8b][0x12][0xd0][0xea]fb[0x86][0x1][\r][\r][0x11]E[0x89]K[0x98][0x8b][0x82]wfnjIq)h[0xe1]FdbfR"[0xc6]@8[0xa2]^042 z[0x8][0xdc][0x10]i[0x5]9[0xc8][0x1a][0xdf][0xd2][0xf4][0xd4]<[0x85][0x90][0xa2][0xc4]L[0xd0][0xc9]C[0xa8]cU[0xe4][0xda][0x80](Ehd[0x3](L[0xa1]%"[0xad]l@[0x94][0x14][0xb4][0xb2][0x1]1[0xaf]2h[0x9a]g[0x86]H[0xd3][0xff][0x83][0xc8]Q[0x88][0xbc]8[0x88][0x1c][0x85][0x98][0xe0][0xa1]qU[0x82][0xb4][0x8][0x0][0xbb][0xf7][0x7]t[0x9][0x8e]![0xd2][0xf4];v[0xe7]!J[0x11][0xba][0xad][0xdd]6D[0x9a][0xaa][0xc7][0xee][0xa8][0x1][0xe]3D[0xed][0x89][0xdd]y[0x3][0x12]f[0x88]*6=173[0xf][0xf3]J[0x8f][0xb4][0xfc]"[0x5][0x88][0x94]BAiQA~1[0xf8][0x8][0x1a]h[0x9b][0x8f][0xe8][0xd9]!C[0xb2]&[0xfa][0x91][0xab]TbwK[0x19]"[0x9d][0x12]E[0x9b][0x8b]JM[0xc][0x91][0xe]s"[0xab][0x1c] [0xb6][0xa9]L[0xaf][cM[0xc][0x91][0xf6][0xc4][0x90][0xe5]#[0xe2][0x13][0x2][0xd2]^[0x19]Z[0xdb][0x84][0xa8]lim[0x13]"[0x17][0xd1][0xda]&[0xba][0xd5]@$[0xcd][0xcc][0x83]79[0x12][0x9d][[0xa9]8[0xaf]h[0x88]4[0xb1]O|[0xd0]#JZ[0xe2][0xd3]-[0xa5][0x13][0xf6]$[0xd8][0x84]h[0xfa][0x10][0xef]%[0xa2][0x3][0x1f]i[0xd5][0x8d]![0xdd]&[0xcd][\r][0x91]&[0xcd]i[0xec]'[0xa4][0x99]q[0xa8]MX[0x96][0x13][0xe5]$V*[0x94]g[0x96]d(d[0xa5][0x16]#[0x96][0xc9]#[0x92][0x5][0xfe]F[0xb]r[0x10]"[0xdd]9[\n]"
09:51:08.739 [main] DEBUG org.apache.http.wire --  << "[0xa9]%1[0xba]lT[0xaa]@[0x91]&[0xd0][0x87][0xda][0x2]6C3R[0xca][0xc7][0x81]+K[0x90][0xce][0xc9][0x81]&[0x1d][0xcc][0x93]2[0xe0]#[0xb5][0x3][0xe8]L[0xc4][0x98][0x1][0xf6][0x86][0xe4][0xc0][0xb6]s[0x91]f[0xf4][0xa1][0xa1]Ht[0x6]D*[0xc4][0x88][0xcf][0x81]H[0xb3][0xfb][0xd8][0x83][0x83][0xd8]lM[0xcd]j[0xc9][0x1c]1[0x94]@j [0x10][0xeb]\[0xe4]R[0x8][0xe9][0xfc][0x9d]!W8 [0xad]h[0x80][0x6][0xd5][0xa0][0xcc]u[0x98][0xf7][0x80][0x11][0x9d][0xac][0xc9][0x8a][0xd1][0xa1]Qd"m?[0x1e]z[0x9][0xf]Q[0x8e][0xe][0xea][0x84]GJ[0x93][0xe0]j%s[0xc4][0x0][0xf0][0x90]K[0x9]$-[0xe][0x1a][0xb8] FZY4[0x98][0x13],[0xd2][0xe2][0xa4][0xa1][0x97][0x12][0x10]SjT[0x9e][0xda][0x8d][0xad][0xe5][0x2][0x0][0x0][0x0][0xff][0xff]"
09:51:08.739 [main] DEBUG org.apache.http.wire --  << "[\r][\n]"
09:51:08.740 [main] DEBUG org.apache.http.wire --  << "A[\r][\n]"
09:51:08.740 [main] DEBUG org.apache.http.wire --  << "[0x3][0x0]:[0x18]Z[0x10][0xc5]%[0x1][0x0]"
09:51:08.740 [main] DEBUG org.apache.http.wire --  << "[\r][\n]"
09:51:08.740 [main] DEBUG org.apache.http.wire --  << "0[\r][\n]"
09:51:08.740 [main] DEBUG org.apache.http.wire --  << "[\r][\n]"
09:51:08.740 [main] DEBUG io.restassured.internal.RestAssuredHttpBuilder -- Parsed data to instance of: class org.apache.http.conn.EofSensorInputStream
09:51:08.743 [main] DEBUG org.apache.http.impl.conn.BasicClientConnectionManager -- Releasing connection org.apache.http.impl.conn.ManagedClientConnectionImpl@76673ed
09:51:08.743 [main] DEBUG org.apache.http.impl.conn.BasicClientConnectionManager -- Connection can be kept alive indefinitely
09:51:08.791 [Finalizer] DEBUG org.apache.http.impl.conn.DefaultClientConnection -- Connection 0.0.0.0:57123<->149.248.193.56:443 closed
09:51:08.839 [main] DEBUG net.thucydides.core.steps.StepInterceptor -- STEP DONE: iSendRequest
  &amp#27;[32mWhen &amp#27;[0m&amp#27;[32mi send request HTTP get all product&amp#27;[0m          &amp#27;[90m# starter.stepdefinitions.UserSteps.userSendRequest()&amp#27;[0m
  &amp#27;[32mThen &amp#27;[0m&amp#27;[32mI get status code 200&amp#27;[0m                        &amp#27;[90m# starter.stepdefinitions.UserSteps.get200ProductPost()&amp#27;[0m
09:51:08.852 [main] DEBUG net.thucydides.core.steps.StepInterceptor -- STARTING STEP: UserSteps.userSeeProduct - seeProduct
09:51:09.133 [main] DEBUG net.thucydides.core.steps.StepInterceptor -- STEP DONE: seeProduct
  &amp#27;[32mAnd &amp#27;[0m&amp#27;[32mI can see all product&amp#27;[0m                         &amp#27;[90m# starter.stepdefinitions.UserSteps.userSeeProduct()&amp#27;[0m
09:51:09.137 [main] INFO  -- 
  _____   ___   ___   _____     ___     _     ___   ___   ___   ___  
 |_   _| | __| / __| |_   _|   | _ \   /_\   / __| / __| | __| |   \ 
   | |   | _|  \__ \   | |     |  _/  / _ \  \__ \ \__ \ | _|  | |) |
   |_|   |___| |___/   |_|     |_|   /_/ \_\ |___/ |___/ |___| |___/ 

GET - As a user I want to get all product
----------------------------------------------------------------------
]]></system-out>
  </testcase>
  <testcase name="DELETE PRODUCT I want to delete a product" classname="Product Data" time="0.312">
    <system-out><![CDATA[
Scenario: DELETE PRODUCT I want to delete a product &amp#27;[90m# src/test/resources/features/Product.feature:18&amp#27;[0m
09:51:09.151 [main] DEBUG io.cucumber.core.plugin.SerenityReporter -- Running feature from file:///D:/Intelij/RESTfulAPI%20AltaShop%20Elisa/src/test/resources/features/Product.feature
09:51:09.156 [main] INFO  -- 
  _____   ___   ___   _____     ___   _____     _     ___   _____   ___   ___  
 |_   _| | __| / __| |_   _|   / __| |_   _|   /_\   | _ \ |_   _| | __| |   \ 
   | |   | _|  \__ \   | |     \__ \   | |    / _ \  |   /   | |   | _|  | |) |
   |_|   |___| |___/   |_|     |___/   |_|   /_/ \_\ |_|_\   |_|   |___| |___/ 

DELETE PRODUCT I want to delete a product(product-data;delete-product-i-want-to-delete-a-product)
--------------------------------------------------------------------------------
09:51:09.207 [main] DEBUG net.thucydides.core.steps.StepInterceptor -- STARTING STEP: UserSteps.userSetEndpointForDeleteProduct - endpointDeleteProduct
09:51:09.207 [main] DEBUG net.thucydides.core.steps.StepInterceptor -- STEP DONE: endpointDeleteProduct
  &amp#27;[32mGiven &amp#27;[0m&amp#27;[32mi set endpoint for delete product&amp#27;[0m           &amp#27;[90m# starter.stepdefinitions.UserSteps.userSetEndpointForDeleteProduct()&amp#27;[0m
09:51:09.228 [main] DEBUG net.thucydides.core.steps.StepInterceptor -- STARTING STEP: UserSteps.userSendRequestForDeleteProduct - sendRequestDelProd
09:51:09.236 [main] DEBUG net.thucydides.core.steps.StepInterceptor -- STARTING STEP: Product.sendRequestDelProd - endpointDeleteProduct
09:51:09.237 [main] DEBUG net.thucydides.core.steps.StepInterceptor -- STEP DONE: endpointDeleteProduct
09:51:09.282 [main] DEBUG org.apache.http.impl.conn.BasicClientConnectionManager -- Get connection for route {s}->https://altashop-api.fly.dev:443
09:51:09.283 [main] DEBUG org.apache.http.impl.conn.DefaultClientConnectionOperator -- Connecting to altashop-api.fly.dev:443
09:51:09.376 [main] DEBUG org.apache.http.client.protocol.RequestAddCookies -- CookieSpec selected: ignoreCookies
09:51:09.376 [main] DEBUG org.apache.http.client.protocol.RequestAuthCache -- Auth cache not set in the context
09:51:09.376 [main] DEBUG org.apache.http.client.protocol.RequestProxyAuthentication -- Proxy auth state: UNCHALLENGED
09:51:09.376 [main] DEBUG org.apache.http.impl.client.DefaultHttpClient -- Attempt 1 to execute request
09:51:09.376 [main] DEBUG org.apache.http.impl.conn.DefaultClientConnection -- Sending request: DELETE /api/products/187 HTTP/1.1
09:51:09.376 [main] DEBUG org.apache.http.wire --  >> "DELETE /api/products/187 HTTP/1.1[\r][\n]"
09:51:09.376 [main] DEBUG org.apache.http.wire --  >> "Authorization: Bearer eyJhbGciOiJIUzI1NiIsInR5cCI6IkpXVCJ9.eyJGdWxsbmFtZSI6IkZpcnN0bmFtZSBMYXN0bmFtZSIsIkVtYWlsIjoic29tZW9uZUBtYWlsLmNvbSJ9.bGpZNDg6YHtKlTFw7_yuyn3SAICmfvdIV1yX7mIKrTw[\r][\n]"
09:51:09.377 [main] DEBUG org.apache.http.wire --  >> "Accept: */*[\r][\n]"
09:51:09.377 [main] DEBUG org.apache.http.wire --  >> "Host: altashop-api.fly.dev[\r][\n]"
09:51:09.377 [main] DEBUG org.apache.http.wire --  >> "Connection: Keep-Alive[\r][\n]"
09:51:09.377 [main] DEBUG org.apache.http.wire --  >> "User-Agent: Apache-HttpClient/4.5.13 (Java/20)[\r][\n]"
09:51:09.377 [main] DEBUG org.apache.http.wire --  >> "Accept-Encoding: gzip,deflate[\r][\n]"
09:51:09.377 [main] DEBUG org.apache.http.wire --  >> "[\r][\n]"
09:51:09.377 [main] DEBUG org.apache.http.headers -- >> DELETE /api/products/187 HTTP/1.1
09:51:09.377 [main] DEBUG org.apache.http.headers -- >> Authorization: Bearer eyJhbGciOiJIUzI1NiIsInR5cCI6IkpXVCJ9.eyJGdWxsbmFtZSI6IkZpcnN0bmFtZSBMYXN0bmFtZSIsIkVtYWlsIjoic29tZW9uZUBtYWlsLmNvbSJ9.bGpZNDg6YHtKlTFw7_yuyn3SAICmfvdIV1yX7mIKrTw
09:51:09.377 [main] DEBUG org.apache.http.headers -- >> Accept: */*
09:51:09.377 [main] DEBUG org.apache.http.headers -- >> Host: altashop-api.fly.dev
09:51:09.377 [main] DEBUG org.apache.http.headers -- >> Connection: Keep-Alive
09:51:09.377 [main] DEBUG org.apache.http.headers -- >> User-Agent: Apache-HttpClient/4.5.13 (Java/20)
09:51:09.377 [main] DEBUG org.apache.http.headers -- >> Accept-Encoding: gzip,deflate
09:51:09.416 [main] DEBUG org.apache.http.wire --  << "HTTP/1.1 200 OK[\r][\n]"
09:51:09.416 [main] DEBUG org.apache.http.wire --  << "content-type: application/json[\r][\n]"
09:51:09.416 [main] DEBUG org.apache.http.wire --  << "date: Mon, 08 May 2023 02:51:09 GMT[\r][\n]"
09:51:09.416 [main] DEBUG org.apache.http.wire --  << "content-encoding: gzip[\r][\n]"
09:51:09.416 [main] DEBUG org.apache.http.wire --  << "transfer-encoding: chunked[\r][\n]"
09:51:09.417 [main] DEBUG org.apache.http.wire --  << "server: Fly/3f2597ca (2023-05-03)[\r][\n]"
09:51:09.417 [main] DEBUG org.apache.http.wire --  << "via: 1.1 fly.io[\r][\n]"
09:51:09.417 [main] DEBUG org.apache.http.wire --  << "fly-request-id: 01GZWMA7HTS6J5SGQNVPK9CRBR-sin[\r][\n]"
09:51:09.417 [main] DEBUG org.apache.http.wire --  << "[\r][\n]"
09:51:09.417 [main] DEBUG org.apache.http.impl.conn.DefaultClientConnection -- Receiving response: HTTP/1.1 200 OK
09:51:09.417 [main] DEBUG org.apache.http.headers -- << HTTP/1.1 200 OK
09:51:09.417 [main] DEBUG org.apache.http.headers -- << content-type: application/json
09:51:09.417 [main] DEBUG org.apache.http.headers -- << date: Mon, 08 May 2023 02:51:09 GMT
09:51:09.417 [main] DEBUG org.apache.http.headers -- << content-encoding: gzip
09:51:09.417 [main] DEBUG org.apache.http.headers -- << transfer-encoding: chunked
09:51:09.417 [main] DEBUG org.apache.http.headers -- << server: Fly/3f2597ca (2023-05-03)
09:51:09.417 [main] DEBUG org.apache.http.headers -- << via: 1.1 fly.io
09:51:09.417 [main] DEBUG org.apache.http.headers -- << fly-request-id: 01GZWMA7HTS6J5SGQNVPK9CRBR-sin
09:51:09.417 [main] DEBUG org.apache.http.impl.client.DefaultHttpClient -- Connection can be kept alive indefinitely
09:51:09.417 [main] DEBUG io.restassured.internal.RestAssuredHttpBuilder -- Parsing response as: application/json
09:51:09.417 [main] DEBUG org.apache.http.wire --  << "22[\r][\n]"
09:51:09.417 [main] DEBUG org.apache.http.wire --  << "[0x1f][0x8b][0x8][0x0][0x0][0x0][0x0][0x0][0x4][0xff][0xab]VJI,IT[0xb2][0xca]+[0xcd][0xc9][0xa9][0xe5][0x2][0x0][0xa3][0xab][0x8f]W[0xe][0x0][0x0][0x0]"
09:51:09.418 [main] DEBUG org.apache.http.wire --  << "[\r][\n]"
09:51:09.418 [main] DEBUG org.apache.http.wire --  << "0[\r][\n]"
09:51:09.418 [main] DEBUG org.apache.http.wire --  << "[\r][\n]"
09:51:09.418 [main] DEBUG io.restassured.internal.RestAssuredHttpBuilder -- Parsed data to instance of: class org.apache.http.conn.EofSensorInputStream
09:51:09.422 [main] DEBUG org.apache.http.impl.conn.BasicClientConnectionManager -- Releasing connection org.apache.http.impl.conn.ManagedClientConnectionImpl@4a9412c4
09:51:09.422 [main] DEBUG org.apache.http.impl.conn.BasicClientConnectionManager -- Connection can be kept alive indefinitely
09:51:09.423 [main] DEBUG net.thucydides.core.steps.StepInterceptor -- STEP DONE: sendRequestDelProd
  &amp#27;[32mWhen &amp#27;[0m&amp#27;[32mi send request for delete product&amp#27;[0m            &amp#27;[90m# starter.stepdefinitions.UserSteps.userSendRequestForDeleteProduct()&amp#27;[0m
  &amp#27;[32mThen &amp#27;[0m&amp#27;[32mI get status code 200&amp#27;[0m                        &amp#27;[90m# starter.stepdefinitions.UserSteps.get200ProductPost()&amp#27;[0m
09:51:09.438 [main] DEBUG net.thucydides.core.steps.StepInterceptor -- STARTING STEP: UserSteps.userReceiveValidDataForDeletingProduct - validateDeleting
09:51:09.444 [main] DEBUG net.thucydides.core.steps.StepInterceptor -- STEP DONE: validateDeleting
  &amp#27;[32mAnd &amp#27;[0m&amp#27;[32mI receive valid data for deleting product&amp#27;[0m     &amp#27;[90m# starter.stepdefinitions.UserSteps.userReceiveValidDataForDeletingProduct()&amp#27;[0m
09:51:09.449 [main] INFO  -- 
  _____   ___   ___   _____     ___     _     ___   ___   ___   ___  
 |_   _| | __| / __| |_   _|   | _ \   /_\   / __| / __| | __| |   \ 
   | |   | _|  \__ \   | |     |  _/  / _ \  \__ \ \__ \ | _|  | |) |
   |_|   |___| |___/   |_|     |_|   /_/ \_\ |___/ |___/ |___| |___/ 

DELETE PRODUCT I want to delete a product
----------------------------------------------------------------------
]]></system-out>
  </testcase>
  <testcase name="GET  want to see product comments" classname="Product Data" time="0.902">
    <system-out><![CDATA[
Scenario: GET  want to see product comments    &amp#27;[90m# src/test/resources/features/Product.feature:24&amp#27;[0m
09:51:09.465 [main] DEBUG io.cucumber.core.plugin.SerenityReporter -- Running feature from file:///D:/Intelij/RESTfulAPI%20AltaShop%20Elisa/src/test/resources/features/Product.feature
09:51:09.471 [main] INFO  -- 
  _____   ___   ___   _____     ___   _____     _     ___   _____   ___   ___  
 |_   _| | __| / __| |_   _|   / __| |_   _|   /_\   | _ \ |_   _| | __| |   \ 
   | |   | _|  \__ \   | |     \__ \   | |    / _ \  |   /   | |   | _|  | |) |
   |_|   |___| |___/   |_|     |___/   |_|   /_/ \_\ |_|_\   |_|   |___| |___/ 

GET  want to see product comments(product-data;get--want-to-see-product-comments)
--------------------------------------------------------------------------------
09:51:09.520 [main] DEBUG net.thucydides.core.steps.StepInterceptor -- STARTING STEP: UserSteps.userSetEndpointForProductComments - endpointCommentProd
09:51:09.520 [main] DEBUG net.thucydides.core.steps.StepInterceptor -- STEP DONE: endpointCommentProd
  &amp#27;[32mGiven &amp#27;[0m&amp#27;[32mI set the endpoint for product comment&amp#27;[0m &amp#27;[90m# starter.stepdefinitions.UserSteps.userSetEndpointForProductComments()&amp#27;[0m
09:51:09.531 [main] DEBUG net.thucydides.core.steps.StepInterceptor -- STARTING STEP: UserSteps.userSendRequestForProductComments - requestComment
09:51:09.535 [main] DEBUG net.thucydides.core.steps.StepInterceptor -- STARTING STEP: Product.requestComment - endpointCommentProd
09:51:09.535 [main] DEBUG net.thucydides.core.steps.StepInterceptor -- STEP DONE: endpointCommentProd
09:51:09.585 [main] DEBUG org.apache.http.impl.conn.BasicClientConnectionManager -- Get connection for route {s}->https://altashop-api.fly.dev:443
09:51:09.585 [main] DEBUG org.apache.http.impl.conn.DefaultClientConnectionOperator -- Connecting to altashop-api.fly.dev:443
09:51:10.259 [main] DEBUG org.apache.http.client.protocol.RequestAddCookies -- CookieSpec selected: ignoreCookies
09:51:10.259 [main] DEBUG org.apache.http.client.protocol.RequestAuthCache -- Auth cache not set in the context
09:51:10.259 [main] DEBUG org.apache.http.client.protocol.RequestProxyAuthentication -- Proxy auth state: UNCHALLENGED
09:51:10.259 [main] DEBUG org.apache.http.impl.client.DefaultHttpClient -- Attempt 1 to execute request
09:51:10.260 [main] DEBUG org.apache.http.impl.conn.DefaultClientConnection -- Sending request: GET /api/products/2/comments HTTP/1.1
09:51:10.260 [main] DEBUG org.apache.http.wire --  >> "GET /api/products/2/comments HTTP/1.1[\r][\n]"
09:51:10.260 [main] DEBUG org.apache.http.wire --  >> "Authorization: Bearer eyJhbGciOiJIUzI1NiIsInR5cCI6IkpXVCJ9.eyJGdWxsbmFtZSI6IkZpcnN0bmFtZSBMYXN0bmFtZSIsIkVtYWlsIjoic29tZW9uZUBtYWlsLmNvbSJ9.bGpZNDg6YHtKlTFw7_yuyn3SAICmfvdIV1yX7mIKrTw[\r][\n]"
09:51:10.260 [main] DEBUG org.apache.http.wire --  >> "Accept: */*[\r][\n]"
09:51:10.260 [main] DEBUG org.apache.http.wire --  >> "Host: altashop-api.fly.dev[\r][\n]"
09:51:10.260 [main] DEBUG org.apache.http.wire --  >> "Connection: Keep-Alive[\r][\n]"
09:51:10.260 [main] DEBUG org.apache.http.wire --  >> "User-Agent: Apache-HttpClient/4.5.13 (Java/20)[\r][\n]"
09:51:10.260 [main] DEBUG org.apache.http.wire --  >> "Accept-Encoding: gzip,deflate[\r][\n]"
09:51:10.260 [main] DEBUG org.apache.http.wire --  >> "[\r][\n]"
09:51:10.260 [main] DEBUG org.apache.http.headers -- >> GET /api/products/2/comments HTTP/1.1
09:51:10.260 [main] DEBUG org.apache.http.headers -- >> Authorization: Bearer eyJhbGciOiJIUzI1NiIsInR5cCI6IkpXVCJ9.eyJGdWxsbmFtZSI6IkZpcnN0bmFtZSBMYXN0bmFtZSIsIkVtYWlsIjoic29tZW9uZUBtYWlsLmNvbSJ9.bGpZNDg6YHtKlTFw7_yuyn3SAICmfvdIV1yX7mIKrTw
09:51:10.260 [main] DEBUG org.apache.http.headers -- >> Accept: */*
09:51:10.260 [main] DEBUG org.apache.http.headers -- >> Host: altashop-api.fly.dev
09:51:10.260 [main] DEBUG org.apache.http.headers -- >> Connection: Keep-Alive
09:51:10.260 [main] DEBUG org.apache.http.headers -- >> User-Agent: Apache-HttpClient/4.5.13 (Java/20)
09:51:10.260 [main] DEBUG org.apache.http.headers -- >> Accept-Encoding: gzip,deflate
09:51:10.316 [main] DEBUG org.apache.http.wire --  << "HTTP/1.1 200 OK[\r][\n]"
09:51:10.317 [main] DEBUG org.apache.http.wire --  << "content-type: application/json[\r][\n]"
09:51:10.317 [main] DEBUG org.apache.http.wire --  << "date: Mon, 08 May 2023 02:51:10 GMT[\r][\n]"
09:51:10.317 [main] DEBUG org.apache.http.wire --  << "transfer-encoding: chunked[\r][\n]"
09:51:10.317 [main] DEBUG org.apache.http.wire --  << "content-encoding: gzip[\r][\n]"
09:51:10.317 [main] DEBUG org.apache.http.wire --  << "server: Fly/3f2597ca (2023-05-03)[\r][\n]"
09:51:10.317 [main] DEBUG org.apache.http.wire --  << "via: 1.1 fly.io[\r][\n]"
09:51:10.317 [main] DEBUG org.apache.http.wire --  << "fly-request-id: 01GZWMA8DHEAFFW8HBBBBNQQDT-sin[\r][\n]"
09:51:10.317 [main] DEBUG org.apache.http.wire --  << "[\r][\n]"
09:51:10.317 [main] DEBUG org.apache.http.impl.conn.DefaultClientConnection -- Receiving response: HTTP/1.1 200 OK
09:51:10.317 [main] DEBUG org.apache.http.headers -- << HTTP/1.1 200 OK
09:51:10.317 [main] DEBUG org.apache.http.headers -- << content-type: application/json
09:51:10.317 [main] DEBUG org.apache.http.headers -- << date: Mon, 08 May 2023 02:51:10 GMT
09:51:10.317 [main] DEBUG org.apache.http.headers -- << transfer-encoding: chunked
09:51:10.317 [main] DEBUG org.apache.http.headers -- << content-encoding: gzip
09:51:10.317 [main] DEBUG org.apache.http.headers -- << server: Fly/3f2597ca (2023-05-03)
09:51:10.317 [main] DEBUG org.apache.http.headers -- << via: 1.1 fly.io
09:51:10.317 [main] DEBUG org.apache.http.headers -- << fly-request-id: 01GZWMA8DHEAFFW8HBBBBNQQDT-sin
09:51:10.317 [main] DEBUG org.apache.http.impl.client.DefaultHttpClient -- Connection can be kept alive indefinitely
09:51:10.317 [main] DEBUG io.restassured.internal.RestAssuredHttpBuilder -- Parsing response as: application/json
09:51:10.318 [main] DEBUG org.apache.http.wire --  << "153[\r][\n]"
09:51:10.318 [main] DEBUG org.apache.http.wire --  << "[0x1f][0x8b][0x8][0x0][0x0][0x0][0x0][0x0][0x4][0xff][0xaa]VJI,IT[0xb2][0x8a][0xae]V[0xf2]tQ[0xb2]24056[0xd6]Qr[0xce][0xcf]+I[0xcd]+Q[0xb2]Rr[0xcc][0xc9]L,V[0xc8]LQH[0xc9],.[0xc9][0xcc]K.[0xc9][0xcc]W(N-,[0xcd]T(K-[0xca],I,[0xc9],[0xd6]S[0xd2]Q[\n]"
09:51:10.318 [main] DEBUG org.apache.http.wire --  << "-N-R[0xb2][0xca]+[0xcd][0xc9][0xd1]Q[\n]"
09:51:10.318 [main] DEBUG org.apache.http.wire --  << "([0xca]O)M.[0x81]q[0x9d][0xf3]ss[0xc1]f[0x81]dku[0x10][0xf6][0x98] [0xdb][0xe3][0x9c][0x9f][0x7]26[0xb1][0xa4][0xb4]H!'[0xb1]4%1[0xaf]$[0xb3]4W!7?'[0xb5][0xb8]$31U!1E![0xb5][0x84]\[0xab]L[0x91][0xad]*[0xc9]HUHO[0xcc]M-VH,JUH/JM,Q[0xc8][0xcc]K[0xce])M[0xc9][0xcc]KWp/J[0xcc]S[0x8])-[0xca],[0xce][0xcd]W0WH*-Q(NL[0xc9][0xa9]Tp[0xf]1Q[0xc8],V[0xc8]-M[0xce]PHJ-)I-"[0xd3][0xdf][0xe6][0x83][0xc9]1[0x16][0x83][0xc8]1&[0x6][0x83][0xc9]1[0x86][0x83][0xc9]1F[0xc8][0x8e][0xc9]T/)Vp+[0xca]LI[0xac]$/[0x9][0x9a][0xa0]d[0xf1][0x1][0xce][0xf]&[0x83])s[0x9a][0xa1][0x14]J[0x14][0x7][0xb4][0xd9]`[0xf2][0x9b][0xf9]`[0xca]^[0xe6][0x83])[0x9][0x9a][0xf][0xa6]h[0xb2][0xb0]D[0xce][0xeb][0x3][0x9c]9-[0x7]Q)hf0[0x88][0x12][0xb0][0x99][0xc1] [0x8a]&3c[0x94][0xfa][0x81][0xf6]i[0x6][0x0][0x0][0x0][0xff][0xff]"
09:51:10.318 [main] DEBUG org.apache.http.wire --  << "[\r][\n]"
09:51:10.318 [main] DEBUG org.apache.http.wire --  << "2F8[\r][\n]"
09:51:10.318 [main] DEBUG org.apache.http.wire --  << "[0x2][0xb7][0xf3]p4[0xec][0xcc][0xcc][0x6]S4[0x99][\r][0xa6][0x4]l<[0x88][0xca][0x19]3S[0x14][0xc7]PZ[0xd5][0x99][0x99][0x9a]![0x17][[0x94][0x1b][0x87][0xd2]Jv-QH-QH[0xad]HN-()-[0xca]T(,ML-J,Q[0xc8][0xcb][0xcc][0xc8][0xcc]Q[0xc8]O[0xc9],[0x81][0xb][0x81]z[0x11][0x99][0xe4][0xf5][0x13][0xcc]L[0x7]Qk[0xd8][0xcc]t0[0x15]0[0xa8][0xf5][0x80][0x9e][0x9e][0x9e]B[0xa2]Bnf^[0x8a]B^jjJ[0xb1]BR~~v[0xb1]Bb[0xb1]B[0xa2]Bqy~[0x11]L8Q[0xa1]<#[0xb5][0xa4][0xb8]$?/UG!3M![0xb3][0x4][0xd4][0x83]*[0xc9]W[0xc8]NM-P[0xc8],)VHMIO%3[0xb2],Q[0xca][0xbc][0xf0][0xcc][0xbc][0x92][0xd4]"[0x90][0xf1][0xc9][0xf9][0xb9][0x99]y[0xe9][0xe4][0x1a]J[0xdd]Tl[0x89][0x92][0x8a][0x1d][0xf3]R[0x14][0x8a][0xf3][0x15]2R[0x15][0x8a][0xb][0xf2][0xb3]Su[0x14][0x12][0xd1][0x5]J2[0x12]K[0x14]|@[0x1][0x98][0x9f][0xa6][0xe0][0x9c]X\[0x92][0x98][0x9b]Z[0x94][0xaa][0x3][0xee][0x85][0xe6][0xe5][0x97]+[0x80]J[0xf6][0xa2][0xc4][0xcc][0xbc]b[0x85]rP[0x8][0xe6][0xab][0xa7][0x16])dd[0x16]+d$[0xe6][0xe4][0xe8]([0x94]g[0x96]d([0xe4][0xe5]+[0xe4][0xe7][0xa5][0x82]T[0x16][0xa5]*[0x94][0x80]lK,[0xd2]S[0x88]L-[0xd6]Q l[0x2][0xc8]Ay[0xf9]%[0xa0]h[0xcc]/[0xcd][0x81]k'[0xab][0x97]af[0x89][0x92][0x80][0xa9][0x13]A[0xe6][0xa8]m[0x0]P[0x88]z*d$[0x96][0xa5]*$*[0x94][0xa4][0xe6][0xa5][0xa4][0x16][0x81][0xc2][0x16][0xd4][0x9f]W[0xc8][0xad]T[0xc8]HM,*QH[0xcb]/RH.[0xca],([0xc8][0x1]u[0xf9][0xf3]R[0x14][0x92]@[0x1][[0x94]R[0xc][0xe][0xff][0xa4][0xa2][0xfc][0xec][0xd4]<[0x85][0x92][0x8c][0xcc][0xbc]t2[0x87]2[0xcc][\r]P*[0x99][0x90][0x8c]T[0x5][0xbf][0xfc][0xa2][0x92][0xc][0x85][0xa2][0xd4][0xdc][0xd4][0xdc][0xa4][0xd4]"r[0xcd]5D)[0xa2]A[0x91]?p[0xe3][0x16][0xe6][0x86]([0xd1]9[0xc0][0x8e]1A[0xc9][0xfc][0x3][0xed][0x18][0x94]N[0xe3]@;[0x6][0xa5][0x4][0x1b]h[0xc7][0xc][0xa2][\n]"
09:51:10.318 [main] DEBUG org.apache.http.wire --  << "[0xd5][0xdc]t[0x10][0xb5]K[0xcd]M[0x7]S[0x2]6[0x1d]D[0x9d]qs[0xd3][0xc1][0x94][0x9b]P[0x1b][0xc9][0x3][0x9c][0x9b]P[0x9b][0xd8][0x3][0xed][0x18][0x94][0xa6][0xcd]@;f0[0xd5]M[0x83][0xa9][0xff]kn6[0x98][0xca][0x19][0xb3][0xc1]T[0xce][0xa0][0xe][0xf5][0xe]p[0x2]6[0x1b]L[0xb5][0xb6][0xd9]`[0xaa][0xb5][0x7][0xd3][0xa8][0xb5]9[0xea][0xa8][0xb5]Obiz[0x6][0xb4][0xd7]Y[0x90][0x9f]Y[0x9c][0x9f][0x7][0xea]1[0xa5][0xa5]&[0x16][0x91][0xd7][0xfb]4[0x1f]L[0xe3][0xd0][0xe6][0xe6](I211[0x91][0xac]^[0xa0][0xb9][0xf9]`[0xaa]',P[0x9a][0x80][0xc1]%[0xa5][0x5][0xa9]i[0xe4][0xcd][0xa1][0x99][[0xa0][0xf5][0xf9]JA[0x9d][0xcf][0xa4][0xcc][0xa2][0x14][0xf2][0x82][0xc9][0x2][0xa5][0x9c][0xe]J,K[0xcd]K[0xce]I,'[0xd3]0[0x94]r[0xd6][0xbd][0xa8]2--3/%[0x9f][0xbc][0x9]ks[0x8b][0xc1][0xd4] [0xb3]@I[0x95][0x3]\j[[0xc][0xa6][0x82][0xd2][0x12]%m[0xf]p[0xc8][0xa0][0x8e][0x17][0xe][0xb4]c[0x6]Q[0xeb][0xd0][0xc2][0x0]%[0xa3][0xf]l[0xc8]X[0x18][0xc][0xa2][0xac]ma0[0x88]F[0xbb],[0xc][0x6]Q[0xb5]ea8[0x88][0xb2][0xb6][0x85]!J[0xc5]7[0xc0][0x9][0xd8]p0[0xe5]&[0xc3][0xc1][0x94][0x9b][0x6][0xd3][0xd8][0xb1][0x85][0xe1][0xa0][0xca]M[0x83][0xa9]:0[0x1a]L[0xb9][0xc9][0x8]%[0x9a][0x2]J[0xb3][0xcb]KS[0xd2]3S1[0x1b][0xa1][0x0][0x0][0x0][0x0][0xff][0xff]"
09:51:10.318 [main] DEBUG org.apache.http.wire --  << "[\r][\n]"
09:51:10.318 [main] DEBUG org.apache.http.wire --  << "274[\r][\n]"
09:51:10.318 [main] DEBUG org.apache.http.wire --  << ""b}[0xa7][0x85][0xd1] j[0x1c]Y[0x18][0xf][0xa6][0x12]t0[0xad][0xd6][0xb0]0[0x1e]L[0x85][0x96][0xf1] j[0xdd][[0x18][0xf][0xa6][0x4]<[0x98][0xd6][0xc6]Z[0xc][0xa6][0xd9]7[0xb][0x93][0xc1][0x94][0x80]M[0x6]S[0x2]6[0x19]L[0x9]x0[0xcd][0xbe]Y[0xc][0xa6][0xd9]7[0x8b][0xc1]4[0xe1]e1[0x98][0xe6][0x98],[0x6][0xd3]z,[0x8b][0xc1][0xb4][0x1e][0xcb]b0[0xcd][0xa4]X[0x98][0xa1]4[0x1b][0x7][0xb8]Gh6[0x98]Z[0xf7][0xe6][0x83][0xa9]u[0x8f]:y1[0xc0][0xd1]d>[0x98]j[0xed][0xc1]4[0xef]b1[0x98]&L,[0xcc][0x7]SnB[0x9d]r[0x19][0xe0][0x4]l[0x81]2[0xc7]2[0xd0][0x8e][0x19]LC[0xa7][0x16][0x83][0xa9]:[0x18]L[0xbb]i,[0x6][0xd3][0xac][0x88][0x5][0xea][0xfa]i[0xff][0xe4][0xe4][0xc4][0xd4][0xe4][0xc4][0x92]L[0x85][0xd4][0xc4]"[0x94][0x8d][0xb7][0x85][0xa5][0x99][0x89][\n]"
09:51:10.318 [main] DEBUG org.apache.http.wire --  << "e[0xf9]9[0xa5][0x5]%[0x89][0xc5][\n]"
09:51:10.319 [main] DEBUG org.apache.http.wire --  << "`[0x1e]h[0xfb]o^jn>y[0xd3][0xdc][0x16][0x96][0x83][0xa9][0xec][0xb7][0x1c]L[0x9d]$[0xd4]%[0xd3][0x3][[0xa8]X[0xa2].[0xb5][0x1e]h[0xc7][0xc][0xa2][0x96][0x94][0xa5][0xc1] *[0xfb]-[\r][0x6]Q[0x2][0xb6][0x1c]L3U[0x96][0x83]i[0xc5][0xba][0xa5][0xd1] [0x1a][0x81][0xb6][0x1c]L[0xb3][0xe][0x96]F[0x83]h[0xe][0xcf][0xd2]h0em[0xa3]ATQZ[0x1a][\r][0xa2]6[0xa6][0xa5][0xd1] [0x1a]g[0xb5]D[0x9d]6[0x1b][0xe0][0x8a]r0M[0xbb]Y[0x1a][0xf][0xa6]Z{0M[0xbb]Y[0xe][0xa6][0xad][0xc0][0x96][0xc6][0x83][0xa8][0xc7]f9[0x98][0xa6][0xdd],[0x7][0xd3]I)[0x96][0x83]i[0xa6][0xcb]r0[0x1d][0xdb]b9[0x98][0xa6][0xdd],M[0x6]Sn[0x1a]Ls[0x80][0x96]&[0x83]h4[0xd1]r0MHZ[0x9a][0xe][0xa6][0x8a]r0[0xcd][0x8e]Z[0xe][0xa6][0xbd][0x89][0x96][0x83]i[0xaa][0xd6]r0[0xed]M[0xb4][0x1c]L[0xf3][0xc6][0x96][0xa6][0x83][0xa9][0x4][0x1e]L[0x93][0xd8][0x96][0x83]i[0x12][0xdb]r0m[0x94][0xb4]D[0xdd][0x81][0x17][0x9e][0x98][PZL[0xd6][0xc2]G[0xcb][0xc1]4[0x1d]n[0x89][0xba][0x97]/8[0xa7][0xb2]$#[0xb5](3[0x8f]L[0x9f]Q[0xab][0xfe]N,.[0x5][0x1d][0xd5]B[0xe9]Y[0x9a][0x96][0x83]is[0xa0]%[0xea][0xe6][0xb2][0x1][0x1e][0x6]@[0x9d][0xf7][0xa2]([0xde][\r][\r][0xc][0x6][0xcf]h[0x8b][0xa1][0xc1] [0xda]`h0[0x88][0xf6][0x1f][0x18][0x1a][0xc][0xa2][0xfd][0x7][0x86][0x6][0x86][0x83])[0xcd][0xa0][0xe][0x17]R[0xb4][0xbb][0xd2][0xd0]`[0x10]m[\r]240[0x1c]<[0xe3][0xd5][0x86][0x6][0x83]h[0xec][0xd1][0xd0][0xc0][0x8][0xa5][0xb2][0xca]I-([0xc9]/P[0xc8]--J[0xcc] [0xa7][0xf2]34[0x18]D[0x8b][0x9e][\r][\r][0x6][0xd1][0xb8][0x94][0xa1][0xc1] [0x1a][0x97]24[0x18]D[0xe3]R[0x86][0x6][0x83]h\[0xca][0xd0]`[0x10][0x8d]K[0x19][0x1a][0xc][0xa2]q)C[0x83]A4.eh0[0x88][0xc6][0xa5][0xc][\r][0x6][0xd1][0xb8][0x94][0xa1][0xc1] [0x1a][0x97]24[0x18]D[0xa3]/[0x86][0x6][0x83]`[0x8c]![0xb6][0x96][0xb][0x0][0x0][0x0][0xff][0xff]"
09:51:10.319 [main] DEBUG org.apache.http.wire --  << "[\r][\n]"
09:51:10.319 [main] DEBUG org.apache.http.wire --  << "A[\r][\n]"
09:51:10.319 [main] DEBUG org.apache.http.wire --  << "[0x3][0x0][0xeb][0xee][0xb0][0x96]Lb[0x0][0x0]"
09:51:10.319 [main] DEBUG org.apache.http.wire --  << "[\r][\n]"
09:51:10.319 [main] DEBUG org.apache.http.wire --  << "0[\r][\n]"
09:51:10.319 [main] DEBUG org.apache.http.wire --  << "[\r][\n]"
09:51:10.320 [main] DEBUG io.restassured.internal.RestAssuredHttpBuilder -- Parsed data to instance of: class org.apache.http.conn.EofSensorInputStream
09:51:10.322 [main] DEBUG org.apache.http.impl.conn.BasicClientConnectionManager -- Releasing connection org.apache.http.impl.conn.ManagedClientConnectionImpl@55821edf
09:51:10.322 [main] DEBUG org.apache.http.impl.conn.BasicClientConnectionManager -- Connection can be kept alive indefinitely
09:51:10.334 [main] DEBUG net.thucydides.core.steps.StepInterceptor -- STEP DONE: requestComment
  &amp#27;[32mWhen &amp#27;[0m&amp#27;[32mI send HTTP request for product comment&amp#27;[0m &amp#27;[90m# starter.stepdefinitions.UserSteps.userSendRequestForProductComments()&amp#27;[0m
  &amp#27;[32mThen &amp#27;[0m&amp#27;[32mI get status code 200&amp#27;[0m                   &amp#27;[90m# starter.stepdefinitions.UserSteps.get200ProductPost()&amp#27;[0m
09:51:10.340 [main] DEBUG net.thucydides.core.steps.StepInterceptor -- STARTING STEP: UserSteps.userReceiveValidDataForProductComments - receiveDataComment
09:51:10.353 [main] DEBUG net.thucydides.core.steps.StepInterceptor -- STEP DONE: receiveDataComment
  &amp#27;[32mAnd &amp#27;[0m&amp#27;[32mI receive valid data for product comment&amp#27;[0m &amp#27;[90m# starter.stepdefinitions.UserSteps.userReceiveValidDataForProductComments()&amp#27;[0m
09:51:10.354 [main] INFO  -- 
  _____   ___   ___   _____     ___     _     ___   ___   ___   ___  
 |_   _| | __| / __| |_   _|   | _ \   /_\   / __| / __| | __| |   \ 
   | |   | _|  \__ \   | |     |  _/  / _ \  \__ \ \__ \ | _|  | |) |
   |_|   |___| |___/   |_|     |_|   /_/ \_\ |___/ |___/ |___| |___/ 

GET  want to see product comments
----------------------------------------------------------------------
]]></system-out>
  </testcase>
</testsuite>